2018-01-16 14:03:56.7911 INFO 正常 - 进入系统！
2018-01-16 14:03:56.9841 INFO 错误 - 不允许所请求的注册表访问权。
2018-01-16 14:03:56.9841 INFO 错误 - 不允许所请求的注册表访问权。
2018-01-16 14:03:57.0011 INFO 正常 - 设置开机启动成功！
2018-01-16 14:03:57.8447 INFO 错误 - 启动自启动任务失败！未能找到路径“D:\MyFiles\GIT\DJS\DJS\DJS.WinApp\bin\Debug\Stores\日租金分摊\DailyRentApportionService.dll”的一部分。
2018-01-16 14:04:06.4038 INFO 错误 - 未能找到路径“D:\MyFiles\GIT\DJS\DJS\DJS.WinApp\bin\Debug\Stores\日租金分摊\DailyRentApportionService.dll”的一部分。
2018-01-16 14:04:13.8620 INFO 正常 - 系统退出！
2018-01-16 14:07:13.7280 INFO 正常 - 进入系统！
2018-01-16 14:07:13.8700 INFO 错误 - 不允许所请求的注册表访问权。
2018-01-16 14:07:13.8810 INFO 错误 - 不允许所请求的注册表访问权。
2018-01-16 14:07:13.8910 INFO 正常 - 设置开机启动成功！
2018-01-16 14:07:13.9820 INFO 错误 - 启动自启动任务失败！未能找到路径“D:\MyFiles\GIT\DJS\DJS\DJS.WinApp\bin\Debug\Stores\日租金分摊\DailyRentApportionService.dll”的一部分。
2018-01-16 14:07:23.0906 INFO 错误 - 未能找到路径“D:\MyFiles\GIT\DJS\DJS\DJS.WinApp\bin\Debug\Stores\日租金分摊\DailyRentApportionService.dll”的一部分。
2018-01-16 14:07:50.6095 INFO 错误 - 未能找到路径“D:\MyFiles\GIT\DJS\DJS\DJS.WinApp\bin\Debug\Stores\日租金分摊\DailyRentApportionService.dll”的一部分。
2018-01-16 14:09:52.7725 INFO 正常 - 进入系统！
2018-01-16 14:09:52.9085 INFO 错误 - 不允许所请求的注册表访问权。
2018-01-16 14:09:52.9335 INFO 错误 - 不允许所请求的注册表访问权。
2018-01-16 14:09:52.9795 INFO 正常 - 设置开机启动成功！
2018-01-16 14:17:09.8355 INFO 正常 - 进入系统！
2018-01-16 14:18:01.3592 INFO 正常 - 进入系统！
2018-01-16 14:18:01.4982 INFO 错误 - 不允许所请求的注册表访问权。
2018-01-16 14:18:01.5242 INFO 错误 - 不允许所请求的注册表访问权。
2018-01-16 14:18:01.5352 INFO 正常 - 设置开机启动成功！
2018-01-16 14:18:32.5638 INFO 正常 - 日租金分摊任务接口调用开始！
2018-01-16 14:18:32.5638 INFO 正常 - 日租金分摊任务接口调用结束！
2018-01-16 14:18:32.5778 INFO 正常 - 日租金分摊任务接口调用耗时:00:00:00.0170000
2018-01-16 14:18:33.0134 INFO 正常 - 日租金分摊任务接口调用开始！
2018-01-16 14:18:33.0284 INFO 正常 - 日租金分摊任务接口调用结束！
2018-01-16 14:18:33.0284 INFO 正常 - 日租金分摊任务接口调用耗时:00:00:00.0260143
2018-01-16 14:18:36.0182 INFO 正常 - 日租金分摊任务接口调用开始！
2018-01-16 14:18:36.0182 INFO 正常 - 日租金分摊任务接口调用结束！
2018-01-16 14:18:36.0352 INFO 正常 - 日租金分摊任务接口调用耗时:00:00:00.0260204
2018-01-16 14:18:39.0125 INFO 正常 - 日租金分摊任务接口调用开始！
2018-01-16 14:18:39.0315 INFO 正常 - 日租金分摊任务接口调用结束！
2018-01-16 14:18:39.0315 INFO 正常 - 日租金分摊任务接口调用耗时:00:00:00.0279947
2018-01-16 14:18:42.0048 INFO 正常 - 日租金分摊任务接口调用开始！
2018-01-16 14:18:42.0138 INFO 正常 - 日租金分摊任务接口调用结束！
2018-01-16 14:18:42.0138 INFO 正常 - 日租金分摊任务接口调用耗时:00:00:00.0169995
2018-01-16 14:18:45.0198 INFO 正常 - 日租金分摊任务接口调用开始！
2018-01-16 14:18:45.0278 INFO 正常 - 日租金分摊任务接口调用结束！
2018-01-16 14:18:45.0468 INFO 正常 - 日租金分摊任务接口调用耗时:00:00:00.0319873
2018-01-16 14:18:48.0074 INFO 正常 - 日租金分摊任务接口调用开始！
2018-01-16 14:18:48.0144 INFO 正常 - 日租金分摊任务接口调用结束！
2018-01-16 14:18:48.0144 INFO 正常 - 日租金分摊任务接口调用耗时:00:00:00.0160020
2018-01-16 14:18:51.0111 INFO 正常 - 日租金分摊任务接口调用开始！
2018-01-16 14:18:51.0240 INFO 正常 - 日租金分摊任务接口调用结束！
2018-01-16 14:18:51.0460 INFO 正常 - 日租金分摊任务接口调用耗时:00:00:00.0359650
2018-01-16 14:18:54.0101 INFO 正常 - 日租金分摊任务接口调用开始！
2018-01-16 14:18:54.0261 INFO 正常 - 日租金分摊任务接口调用结束！
2018-01-16 14:18:54.0361 INFO 正常 - 日租金分摊任务接口调用耗时:00:00:00.0289978
2018-01-16 14:18:57.0193 INFO 正常 - 日租金分摊任务接口调用开始！
2018-01-16 14:18:57.0708 INFO 正常 - 日租金分摊任务接口调用结束！
2018-01-16 14:18:57.0868 INFO 正常 - 日租金分摊任务接口调用耗时:00:00:00.0744059
2018-01-16 14:19:00.0275 INFO 正常 - 日租金分摊任务接口调用开始！
2018-01-16 14:19:00.0275 INFO 正常 - 日租金分摊任务接口调用结束！
2018-01-16 14:19:00.0495 INFO 正常 - 日租金分摊任务接口调用耗时:00:00:00.0300083
2018-01-16 14:19:03.0137 INFO 正常 - 日租金分摊任务接口调用开始！
2018-01-16 14:19:03.0137 INFO 正常 - 日租金分摊任务接口调用结束！
2018-01-16 14:19:03.0317 INFO 正常 - 日租金分摊任务接口调用耗时:00:00:00.0179867
2018-01-16 14:19:06.0058 INFO 正常 - 日租金分摊任务接口调用开始！
2018-01-16 14:19:06.0058 INFO 正常 - 日租金分摊任务接口调用结束！
2018-01-16 14:19:06.0158 INFO 正常 - 日租金分摊任务接口调用耗时:00:00:00.0115018
2018-01-16 14:19:09.0185 INFO 正常 - 日租金分摊任务接口调用开始！
2018-01-16 14:19:09.0285 INFO 正常 - 日租金分摊任务接口调用结束！
2018-01-16 14:19:09.0285 INFO 正常 - 日租金分摊任务接口调用耗时:00:00:00.0249949
2018-01-16 14:19:12.0094 INFO 正常 - 日租金分摊任务接口调用开始！
2018-01-16 14:19:12.0174 INFO 正常 - 日租金分摊任务接口调用结束！
2018-01-16 14:19:12.0274 INFO 正常 - 日租金分摊任务接口调用耗时:00:00:00.0209669
2018-01-16 14:19:15.0174 INFO 正常 - 日租金分摊任务接口调用开始！
2018-01-16 14:19:15.0394 INFO 正常 - 日租金分摊任务接口调用结束！
2018-01-16 14:19:15.0494 INFO 正常 - 日租金分摊任务接口调用耗时:00:00:00.0389811
2018-01-16 14:19:18.0064 INFO 正常 - 日租金分摊任务接口调用开始！
2018-01-16 14:19:18.0123 INFO 正常 - 日租金分摊任务接口调用结束！
2018-01-16 14:19:18.0123 INFO 正常 - 日租金分摊任务接口调用耗时:00:00:00.0139763
2018-01-16 14:19:21.0088 INFO 正常 - 日租金分摊任务接口调用开始！
2018-01-16 14:19:21.0178 INFO 正常 - 日租金分摊任务接口调用结束！
2018-01-16 14:19:21.0178 INFO 正常 - 日租金分摊任务接口调用耗时:00:00:00.0210004
2018-01-16 14:19:24.0310 INFO 正常 - 日租金分摊任务接口调用开始！
2018-01-16 14:19:24.0310 INFO 正常 - 日租金分摊任务接口调用结束！
2018-01-16 14:19:24.0520 INFO 正常 - 日租金分摊任务接口调用耗时:00:00:00.0229977
2018-01-16 14:19:27.0129 INFO 正常 - 日租金分摊任务接口调用开始！
2018-01-16 14:19:27.0129 INFO 正常 - 日租金分摊任务接口调用结束！
2018-01-16 14:19:27.0319 INFO 正常 - 日租金分摊任务接口调用耗时:00:00:00.0219676
2018-01-16 14:19:30.0173 INFO 正常 - 日租金分摊任务接口调用开始！
2018-01-16 14:19:30.0273 INFO 正常 - 日租金分摊任务接口调用结束！
2018-01-16 14:19:30.0273 INFO 正常 - 日租金分摊任务接口调用耗时:00:00:00.0279994
2018-01-16 14:19:33.0070 INFO 正常 - 日租金分摊任务接口调用开始！
2018-01-16 14:19:33.0130 INFO 正常 - 日租金分摊任务接口调用结束！
2018-01-16 14:19:33.0130 INFO 正常 - 日租金分摊任务接口调用耗时:00:00:00.0140207
2018-01-16 14:19:36.0043 INFO 正常 - 日租金分摊任务接口调用开始！
2018-01-16 14:19:36.0043 INFO 正常 - 日租金分摊任务接口调用结束！
2018-01-16 14:19:36.0143 INFO 正常 - 日租金分摊任务接口调用耗时:00:00:00.0119978
2018-01-16 14:19:39.0219 INFO 正常 - 日租金分摊任务接口调用开始！
2018-01-16 14:19:39.0279 INFO 正常 - 日租金分摊任务接口调用结束！
2018-01-16 14:19:39.0279 INFO 正常 - 日租金分摊任务接口调用耗时:00:00:00.0170144
2018-01-16 14:21:24.6687 INFO 正常 - 进入系统！
2018-01-16 14:21:24.8057 INFO 错误 - 不允许所请求的注册表访问权。
2018-01-16 14:21:24.8257 INFO 错误 - 不允许所请求的注册表访问权。
2018-01-16 14:21:24.8627 INFO 正常 - 设置开机启动成功！
2018-01-16 14:21:46.9426 INFO 正常 - 日租金分摊任务接口调用开始！
2018-01-16 14:21:46.9506 INFO 正常 - 日租金分摊任务接口调用结束！
2018-01-16 14:21:46.9506 INFO 正常 - 日租金分摊任务接口调用耗时:00:00:00.0210042
2018-01-16 14:21:48.0240 INFO 正常 - 日租金分摊任务接口调用开始！
2018-01-16 14:21:48.0310 INFO 正常 - 日租金分摊任务接口调用结束！
2018-01-16 14:21:48.0310 INFO 正常 - 日租金分摊任务接口调用耗时:00:00:00.0160170
2018-01-16 14:21:51.0179 INFO 正常 - 日租金分摊任务接口调用开始！
2018-01-16 14:21:51.0269 INFO 正常 - 日租金分摊任务接口调用结束！
2018-01-16 14:21:51.0269 INFO 正常 - 日租金分摊任务接口调用耗时:00:00:00.0229898
2018-01-16 14:21:54.0098 INFO 正常 - 日租金分摊任务接口调用开始！
2018-01-16 14:21:54.0148 INFO 正常 - 日租金分摊任务接口调用结束！
2018-01-16 14:21:54.0148 INFO 正常 - 日租金分摊任务接口调用耗时:00:00:00.0120211
2018-01-16 14:21:57.0338 INFO 正常 - 日租金分摊任务接口调用开始！
2018-01-16 14:21:57.0548 INFO 正常 - 日租金分摊任务接口调用结束！
2018-01-16 14:21:57.0678 INFO 正常 - 日租金分摊任务接口调用耗时:00:00:00.0379995
2018-01-16 14:22:00.0330 INFO 正常 - 日租金分摊任务接口调用开始！
2018-01-16 14:22:00.0440 INFO 正常 - 日租金分摊任务接口调用结束！
2018-01-16 14:22:00.0440 INFO 正常 - 日租金分摊任务接口调用耗时:00:00:00.0239788
2018-01-16 14:22:03.0347 INFO 正常 - 日租金分摊任务接口调用开始！
2018-01-16 14:22:03.0507 INFO 正常 - 日租金分摊任务接口调用结束！
2018-01-16 14:22:03.0507 INFO 正常 - 日租金分摊任务接口调用耗时:00:00:00.0310015
2018-01-16 14:22:06.0256 INFO 正常 - 日租金分摊任务接口调用开始！
2018-01-16 14:22:06.0336 INFO 正常 - 日租金分摊任务接口调用结束！
2018-01-16 14:22:06.0336 INFO 正常 - 日租金分摊任务接口调用耗时:00:00:00.0179918
2018-01-16 14:22:09.0115 INFO 正常 - 日租金分摊任务接口调用开始！
2018-01-16 14:22:09.0115 INFO 正常 - 日租金分摊任务接口调用结束！
2018-01-16 14:22:09.0115 INFO 正常 - 日租金分摊任务接口调用耗时:00:00:00.0160026
2018-01-16 14:22:12.0250 INFO 正常 - 日租金分摊任务接口调用开始！
2018-01-16 14:22:12.0320 INFO 正常 - 日租金分摊任务接口调用结束！
2018-01-16 14:22:12.0320 INFO 正常 - 日租金分摊任务接口调用耗时:00:00:00.0149967
2018-01-16 14:22:15.0086 INFO 正常 - 日租金分摊任务接口调用开始！
2018-01-16 14:22:15.0126 INFO 正常 - 日租金分摊任务接口调用结束！
2018-01-16 14:22:15.0126 INFO 正常 - 日租金分摊任务接口调用耗时:00:00:00.0160156
2018-01-16 14:22:18.0115 INFO 正常 - 日租金分摊任务接口调用开始！
2018-01-16 14:22:18.0115 INFO 正常 - 日租金分摊任务接口调用结束！
2018-01-16 14:22:18.0115 INFO 正常 - 日租金分摊任务接口调用耗时:00:00:00.0160011
2018-01-16 14:22:21.0176 INFO 正常 - 日租金分摊任务接口调用开始！
2018-01-16 14:22:21.0296 INFO 正常 - 日租金分摊任务接口调用结束！
2018-01-16 14:22:21.0296 INFO 正常 - 日租金分摊任务接口调用耗时:00:00:00.0230168
2018-01-16 14:22:24.0098 INFO 正常 - 日租金分摊任务接口调用开始！
2018-01-16 14:22:24.0169 INFO 正常 - 日租金分摊任务接口调用结束！
2018-01-16 14:22:24.0169 INFO 正常 - 日租金分摊任务接口调用耗时:00:00:00.0140001
2018-01-16 14:22:27.0197 INFO 正常 - 日租金分摊任务接口调用开始！
2018-01-16 14:22:27.0197 INFO 正常 - 日租金分摊任务接口调用结束！
2018-01-16 14:22:27.0347 INFO 正常 - 日租金分摊任务接口调用耗时:00:00:00.0189986
2018-01-16 14:22:30.0135 INFO 正常 - 日租金分摊任务接口调用开始！
2018-01-16 14:22:30.0135 INFO 正常 - 日租金分摊任务接口调用结束！
2018-01-16 14:22:30.0275 INFO 正常 - 日租金分摊任务接口调用耗时:00:00:00.0159731
2018-01-16 14:22:33.0249 INFO 正常 - 日租金分摊任务接口调用开始！
2018-01-16 14:22:33.0369 INFO 正常 - 日租金分摊任务接口调用结束！
2018-01-16 14:22:33.0479 INFO 正常 - 日租金分摊任务接口调用耗时:00:00:00.0249982
2018-01-16 14:22:36.0180 INFO 正常 - 日租金分摊任务接口调用开始！
2018-01-16 14:22:36.0270 INFO 正常 - 日租金分摊任务接口调用结束！
2018-01-16 14:22:36.0270 INFO 正常 - 日租金分摊任务接口调用耗时:00:00:00.0229996
2018-01-16 14:22:39.0085 INFO 正常 - 日租金分摊任务接口调用开始！
2018-01-16 14:22:39.0135 INFO 正常 - 日租金分摊任务接口调用结束！
2018-01-16 14:22:39.0135 INFO 正常 - 日租金分摊任务接口调用耗时:00:00:00.0129981
2018-01-16 14:22:42.0150 INFO 正常 - 日租金分摊任务接口调用开始！
2018-01-16 14:22:42.0150 INFO 正常 - 日租金分摊任务接口调用结束！
2018-01-16 14:22:42.0310 INFO 正常 - 日租金分摊任务接口调用耗时:00:00:00.0199914
2018-01-16 14:22:45.0212 INFO 正常 - 日租金分摊任务接口调用开始！
2018-01-16 14:22:45.0282 INFO 正常 - 日租金分摊任务接口调用结束！
2018-01-16 14:22:45.0282 INFO 正常 - 日租金分摊任务接口调用耗时:00:00:00.0170177
2018-01-16 14:22:48.0085 INFO 正常 - 日租金分摊任务接口调用开始！
2018-01-16 14:22:48.0145 INFO 正常 - 日租金分摊任务接口调用结束！
2018-01-16 14:22:48.0145 INFO 正常 - 日租金分摊任务接口调用耗时:00:00:00.0129953
2018-01-16 14:22:51.0181 INFO 正常 - 日租金分摊任务接口调用开始！
2018-01-16 14:22:51.0181 INFO 正常 - 日租金分摊任务接口调用结束！
2018-01-16 14:22:51.0341 INFO 正常 - 日租金分摊任务接口调用耗时:00:00:00.0200021
2018-01-16 14:22:54.0280 INFO 正常 - 日租金分摊任务接口调用开始！
2018-01-16 14:22:54.0280 INFO 正常 - 日租金分摊任务接口调用结束！
2018-01-16 14:22:54.0280 INFO 正常 - 日租金分摊任务接口调用耗时:00:00:00.0150237
2018-01-16 14:22:57.0136 INFO 正常 - 日租金分摊任务接口调用开始！
2018-01-16 14:22:57.0136 INFO 正常 - 日租金分摊任务接口调用结束！
2018-01-16 14:22:57.0136 INFO 正常 - 日租金分摊任务接口调用耗时:00:00:00.0149846
2018-01-16 14:23:00.0152 INFO 正常 - 日租金分摊任务接口调用开始！
2018-01-16 14:23:00.0152 INFO 正常 - 日租金分摊任务接口调用结束！
2018-01-16 14:23:00.0332 INFO 正常 - 日租金分摊任务接口调用耗时:00:00:00.0210051
2018-01-16 14:23:03.0333 INFO 正常 - 日租金分摊任务接口调用开始！
2018-01-16 14:23:03.0493 INFO 正常 - 日租金分摊任务接口调用结束！
2018-01-16 14:23:03.0663 INFO 正常 - 日租金分摊任务接口调用耗时:00:00:00.0379641
2018-01-16 14:23:06.0313 INFO 正常 - 日租金分摊任务接口调用开始！
2018-01-16 14:23:06.0483 INFO 正常 - 日租金分摊任务接口调用结束！
2018-01-16 14:23:06.0483 INFO 正常 - 日租金分摊任务接口调用耗时:00:00:00.0299826
2018-01-16 14:23:09.0267 INFO 正常 - 日租金分摊任务接口调用开始！
2018-01-16 14:23:09.0337 INFO 正常 - 日租金分摊任务接口调用结束！
2018-01-16 14:23:09.0337 INFO 正常 - 日租金分摊任务接口调用耗时:00:00:00.0160030
2018-01-16 14:23:12.0138 INFO 正常 - 日租金分摊任务接口调用开始！
2018-01-16 14:23:12.0138 INFO 正常 - 日租金分摊任务接口调用结束！
2018-01-16 14:23:12.0298 INFO 正常 - 日租金分摊任务接口调用耗时:00:00:00.0180137
2018-01-16 14:23:15.0310 INFO 正常 - 日租金分摊任务接口调用开始！
2018-01-16 14:23:15.0500 INFO 正常 - 日租金分摊任务接口调用结束！
2018-01-16 14:23:15.0610 INFO 正常 - 日租金分摊任务接口调用耗时:00:00:00.0359897
2018-01-16 14:23:18.0233 INFO 正常 - 日租金分摊任务接口调用开始！
2018-01-16 14:23:18.0353 INFO 正常 - 日租金分摊任务接口调用结束！
2018-01-16 14:23:18.0513 INFO 正常 - 日租金分摊任务接口调用耗时:00:00:00.0320083
2018-01-16 14:23:21.0179 INFO 正常 - 日租金分摊任务接口调用开始！
2018-01-16 14:23:21.0269 INFO 正常 - 日租金分摊任务接口调用结束！
2018-01-16 14:23:21.0429 INFO 正常 - 日租金分摊任务接口调用耗时:00:00:00.0280027
2018-01-16 14:23:24.0299 INFO 正常 - 日租金分摊任务接口调用开始！
2018-01-16 14:23:24.0299 INFO 正常 - 日租金分摊任务接口调用结束！
2018-01-16 14:23:24.0489 INFO 正常 - 日租金分摊任务接口调用耗时:00:00:00.0219914
2018-01-16 14:23:27.0150 INFO 正常 - 日租金分摊任务接口调用开始！
2018-01-16 14:23:27.0150 INFO 正常 - 日租金分摊任务接口调用结束！
2018-01-16 14:23:27.0300 INFO 正常 - 日租金分摊任务接口调用耗时:00:00:00.0169761
2018-01-16 14:23:30.0252 INFO 正常 - 日租金分摊任务接口调用开始！
2018-01-16 14:23:30.0332 INFO 正常 - 日租金分摊任务接口调用结束！
2018-01-16 14:23:30.0432 INFO 正常 - 日租金分摊任务接口调用耗时:00:00:00.0210033
2018-01-16 14:23:33.0146 INFO 正常 - 日租金分摊任务接口调用开始！
2018-01-16 14:23:33.0146 INFO 正常 - 日租金分摊任务接口调用结束！
2018-01-16 14:23:33.0316 INFO 正常 - 日租金分摊任务接口调用耗时:00:00:00.0189916
2018-01-16 14:23:36.0117 INFO 正常 - 日租金分摊任务接口调用开始！
2018-01-16 14:23:36.0117 INFO 正常 - 日租金分摊任务接口调用结束！
2018-01-16 14:23:36.0117 INFO 正常 - 日租金分摊任务接口调用耗时:00:00:00.0160202
2018-01-16 14:23:39.0251 INFO 正常 - 日租金分摊任务接口调用开始！
2018-01-16 14:23:39.0300 INFO 正常 - 日租金分摊任务接口调用结束！
2018-01-16 14:23:39.0300 INFO 正常 - 日租金分摊任务接口调用耗时:00:00:00.0139712
2018-01-16 14:23:42.0142 INFO 正常 - 日租金分摊任务接口调用开始！
2018-01-16 14:23:42.0142 INFO 正常 - 日租金分摊任务接口调用结束！
2018-01-16 14:23:42.0342 INFO 正常 - 日租金分摊任务接口调用耗时:00:00:00.0229893
2018-01-16 14:23:45.0353 INFO 正常 - 日租金分摊任务接口调用开始！
2018-01-16 14:23:45.0512 INFO 正常 - 日租金分摊任务接口调用结束！
2018-01-16 14:23:45.0582 INFO 正常 - 日租金分摊任务接口调用耗时:00:00:00.0309903
2018-01-16 14:23:48.0180 INFO 正常 - 日租金分摊任务接口调用开始！
2018-01-16 14:23:48.0180 INFO 正常 - 日租金分摊任务接口调用结束！
2018-01-16 14:23:48.0320 INFO 正常 - 日租金分摊任务接口调用耗时:00:00:00.0169939
2018-01-16 14:23:51.0224 INFO 正常 - 日租金分摊任务接口调用开始！
2018-01-16 14:23:51.0304 INFO 正常 - 日租金分摊任务接口调用结束！
2018-01-16 14:23:51.0304 INFO 正常 - 日租金分摊任务接口调用耗时:00:00:00.0159974
2018-01-16 14:26:51.5925 INFO 正常 - 进入系统！
2018-01-16 14:26:51.7726 INFO 错误 - 不允许所请求的注册表访问权。
2018-01-16 14:26:51.9705 INFO 错误 - 不允许所请求的注册表访问权。
2018-01-16 14:26:51.9855 INFO 正常 - 设置开机启动成功！
2018-01-16 14:28:21.0429 INFO 正常 - 进入系统！
2018-01-16 14:28:21.2359 INFO 错误 - 不允许所请求的注册表访问权。
2018-01-16 14:28:21.2709 INFO 错误 - 不允许所请求的注册表访问权。
2018-01-16 14:28:21.2709 INFO 正常 - 设置开机启动成功！
2018-01-16 14:28:44.2559 INFO 正常 - 进入系统！
2018-01-16 14:28:44.3569 INFO 错误 - 不允许所请求的注册表访问权。
2018-01-16 14:28:44.3569 INFO 错误 - 不允许所请求的注册表访问权。
2018-01-16 14:28:44.3719 INFO 正常 - 设置开机启动成功！
2018-01-16 14:29:22.4938 INFO 正常 - 日租金分摊任务接口调用开始！
2018-01-16 14:29:22.5068 INFO 正常 - 日租金分摊任务接口调用结束！
2018-01-16 14:29:22.5158 INFO 正常 - 日租金分摊任务接口调用耗时:00:00:00.0239966
2018-01-16 14:29:24.0102 INFO 正常 - 日租金分摊任务接口调用开始！
2018-01-16 14:29:24.0162 INFO 正常 - 日租金分摊任务接口调用结束！
2018-01-16 14:29:24.0162 INFO 正常 - 日租金分摊任务接口调用耗时:00:00:00.0130209
2018-01-16 14:29:27.0087 INFO 正常 - 日租金分摊任务接口调用开始！
2018-01-16 14:29:27.0146 INFO 正常 - 日租金分摊任务接口调用结束！
2018-01-16 14:29:27.0146 INFO 正常 - 日租金分摊任务接口调用耗时:00:00:00.0129794
2018-01-16 14:29:30.0144 INFO 正常 - 日租金分摊任务接口调用开始！
2018-01-16 14:29:30.0144 INFO 正常 - 日租金分摊任务接口调用结束！
2018-01-16 14:29:30.0303 INFO 正常 - 日租金分摊任务接口调用耗时:00:00:00.0190019
2018-01-16 14:29:33.0091 INFO 正常 - 日租金分摊任务接口调用开始！
2018-01-16 14:29:33.0141 INFO 正常 - 日租金分摊任务接口调用结束！
2018-01-16 14:29:33.0141 INFO 正常 - 日租金分摊任务接口调用耗时:00:00:00.0139861
2018-01-16 14:29:36.0111 INFO 正常 - 日租金分摊任务接口调用开始！
2018-01-16 14:29:36.0191 INFO 正常 - 日租金分摊任务接口调用结束！
2018-01-16 14:29:36.0281 INFO 正常 - 日租金分摊任务接口调用耗时:00:00:00.0190014
2018-01-16 14:29:39.0121 INFO 正常 - 日租金分摊任务接口调用开始！
2018-01-16 14:29:39.0121 INFO 正常 - 日租金分摊任务接口调用结束！
2018-01-16 14:29:39.0281 INFO 正常 - 日租金分摊任务接口调用耗时:00:00:00.0179992
2018-01-16 14:29:42.0120 INFO 正常 - 日租金分摊任务接口调用开始！
2018-01-16 14:29:42.0120 INFO 正常 - 日租金分摊任务接口调用结束！
2018-01-16 14:29:42.0120 INFO 正常 - 日租金分摊任务接口调用耗时:00:00:00.0150004
2018-01-16 14:29:45.0224 INFO 正常 - 日租金分摊任务接口调用开始！
2018-01-16 14:29:45.0284 INFO 正常 - 日租金分摊任务接口调用结束！
2018-01-16 14:29:45.0284 INFO 正常 - 日租金分摊任务接口调用耗时:00:00:00.0160053
2018-01-16 14:29:48.0118 INFO 正常 - 日租金分摊任务接口调用开始！
2018-01-16 14:29:48.0118 INFO 正常 - 日租金分摊任务接口调用结束！
2018-01-16 14:29:48.0308 INFO 正常 - 日租金分摊任务接口调用耗时:00:00:00.0209954
2018-01-16 14:29:51.0148 INFO 正常 - 日租金分摊任务接口调用开始！
2018-01-16 14:29:51.0278 INFO 正常 - 日租金分摊任务接口调用结束！
2018-01-16 14:29:51.0278 INFO 正常 - 日租金分摊任务接口调用耗时:00:00:00.0279788
2018-01-16 14:29:53.9896 INFO 错误 - 获取文件MD5错误:文件“D:\MyFiles\GIT\DJS\DJS\DJS.WinApp\bin\Debug\Nlogs\2018-01-16.log”正由另一进程使用，因此该进程无法访问此文件。
2018-01-16 14:29:54.0246 INFO 正常 - 日租金分摊任务接口调用开始！
2018-01-16 14:29:54.0336 INFO 正常 - 日租金分摊任务接口调用结束！
2018-01-16 14:29:54.0426 INFO 正常 - 日租金分摊任务接口调用耗时:00:00:00.0199937
2018-01-16 14:29:57.0091 INFO 正常 - 日租金分摊任务接口调用开始！
2018-01-16 14:29:57.0152 INFO 正常 - 日租金分摊任务接口调用结束！
2018-01-16 14:29:57.0642 INFO 正常 - 日租金分摊任务接口调用耗时:00:00:00.0560016
2018-01-16 14:30:00.0490 INFO 正常 - 日租金分摊任务接口调用开始！
2018-01-16 14:30:00.0490 INFO 正常 - 日租金分摊任务接口调用结束！
2018-01-16 14:30:00.0620 INFO 正常 - 日租金分摊任务接口调用耗时:00:00:00.0199988
2018-01-16 14:30:03.0224 INFO 正常 - 日租金分摊任务接口调用开始！
2018-01-16 14:30:03.0284 INFO 正常 - 日租金分摊任务接口调用结束！
2018-01-16 14:30:03.0284 INFO 正常 - 日租金分摊任务接口调用耗时:00:00:00.0149855
2018-01-16 14:30:06.0249 INFO 正常 - 日租金分摊任务接口调用开始！
2018-01-16 14:30:06.0349 INFO 正常 - 日租金分摊任务接口调用结束！
2018-01-16 14:30:06.0429 INFO 正常 - 日租金分摊任务接口调用耗时:00:00:00.0199928
2018-01-16 14:30:09.0187 INFO 正常 - 日租金分摊任务接口调用开始！
2018-01-16 14:30:09.0187 INFO 正常 - 日租金分摊任务接口调用结束！
2018-01-16 14:30:09.0337 INFO 正常 - 日租金分摊任务接口调用耗时:00:00:00.0169710
2018-01-16 14:30:12.0330 INFO 正常 - 日租金分摊任务接口调用开始！
2018-01-16 14:30:12.0490 INFO 正常 - 日租金分摊任务接口调用结束！
2018-01-16 14:30:12.0600 INFO 正常 - 日租金分摊任务接口调用耗时:00:00:00.0319962
2018-01-16 14:30:15.0271 INFO 正常 - 日租金分摊任务接口调用开始！
2018-01-16 14:30:15.0271 INFO 正常 - 日租金分摊任务接口调用结束！
2018-01-16 14:30:15.0540 INFO 正常 - 日租金分摊任务接口调用耗时:00:00:00.0309675
2018-01-16 14:30:18.0339 INFO 正常 - 日租金分摊任务接口调用开始！
2018-01-16 14:30:18.0529 INFO 正常 - 日租金分摊任务接口调用结束！
2018-01-16 14:30:18.0619 INFO 正常 - 日租金分摊任务接口调用耗时:00:00:00.0360181
2018-01-16 14:30:21.0273 INFO 正常 - 日租金分摊任务接口调用开始！
2018-01-16 14:30:21.0273 INFO 正常 - 日租金分摊任务接口调用结束！
2018-01-16 14:30:21.0492 INFO 正常 - 日租金分摊任务接口调用耗时:00:00:00.0239784
2018-01-16 14:30:24.0279 INFO 正常 - 日租金分摊任务接口调用开始！
2018-01-16 14:30:24.0279 INFO 正常 - 日租金分摊任务接口调用结束！
2018-01-16 14:30:24.0459 INFO 正常 - 日租金分摊任务接口调用耗时:00:00:00.0209981
2018-01-16 14:30:27.0260 INFO 正常 - 日租金分摊任务接口调用开始！
2018-01-16 14:30:27.0350 INFO 正常 - 日租金分摊任务接口调用结束！
2018-01-16 14:30:27.0460 INFO 正常 - 日租金分摊任务接口调用耗时:00:00:00.0230061
2018-01-16 14:30:30.0142 INFO 正常 - 日租金分摊任务接口调用开始！
2018-01-16 14:30:30.0142 INFO 正常 - 日租金分摊任务接口调用结束！
2018-01-16 14:30:30.0302 INFO 正常 - 日租金分摊任务接口调用耗时:00:00:00.0179988
2018-01-16 14:30:33.0252 INFO 正常 - 日租金分摊任务接口调用开始！
2018-01-16 14:30:33.0362 INFO 正常 - 日租金分摊任务接口调用结束！
2018-01-16 14:30:33.0512 INFO 正常 - 日租金分摊任务接口调用耗时:00:00:00.0279882
2018-01-16 14:30:36.0262 INFO 正常 - 日租金分摊任务接口调用开始！
2018-01-16 14:30:36.0412 INFO 正常 - 日租金分摊任务接口调用结束！
2018-01-16 14:30:36.0512 INFO 正常 - 日租金分摊任务接口调用耗时:00:00:00.0279863
2018-01-16 14:30:39.0291 INFO 正常 - 日租金分摊任务接口调用开始！
2018-01-16 14:30:39.0291 INFO 正常 - 日租金分摊任务接口调用结束！
2018-01-16 14:30:39.0491 INFO 正常 - 日租金分摊任务接口调用耗时:00:00:00.0239919
2018-01-16 14:30:42.0236 INFO 正常 - 日租金分摊任务接口调用开始！
2018-01-16 14:30:42.0316 INFO 正常 - 日租金分摊任务接口调用结束！
2018-01-16 14:30:42.0316 INFO 正常 - 日租金分摊任务接口调用耗时:00:00:00.0190252
2018-01-16 14:30:45.0270 INFO 正常 - 日租金分摊任务接口调用开始！
2018-01-16 14:30:45.0270 INFO 正常 - 日租金分摊任务接口调用结束！
2018-01-16 14:30:45.0450 INFO 正常 - 日租金分摊任务接口调用耗时:00:00:00.0199998
2018-01-16 14:30:48.0232 INFO 正常 - 日租金分摊任务接口调用开始！
2018-01-16 14:30:48.0302 INFO 正常 - 日租金分摊任务接口调用结束！
2018-01-16 14:30:48.0302 INFO 正常 - 日租金分摊任务接口调用耗时:00:00:00.0179792
2018-01-16 14:30:51.0279 INFO 正常 - 日租金分摊任务接口调用开始！
2018-01-16 14:30:51.0469 INFO 正常 - 日租金分摊任务接口调用结束！
2018-01-16 14:30:51.0639 INFO 正常 - 日租金分摊任务接口调用耗时:00:00:00.0400037
2018-01-16 14:30:54.0263 INFO 正常 - 日租金分摊任务接口调用开始！
2018-01-16 14:30:54.0373 INFO 正常 - 日租金分摊任务接口调用结束！
2018-01-16 14:30:54.0523 INFO 正常 - 日租金分摊任务接口调用耗时:00:00:00.0289987
2018-01-16 14:30:57.0264 INFO 正常 - 日租金分摊任务接口调用开始！
2018-01-16 14:30:57.0414 INFO 正常 - 日租金分摊任务接口调用结束！
2018-01-16 14:30:57.0514 INFO 正常 - 日租金分摊任务接口调用耗时:00:00:00.0279854
2018-01-16 14:31:00.0418 INFO 正常 - 日租金分摊任务接口调用开始！
2018-01-16 14:31:00.0588 INFO 正常 - 日租金分摊任务接口调用结束！
2018-01-16 14:31:00.0588 INFO 正常 - 日租金分摊任务接口调用耗时:00:00:00.0349909
2018-01-16 14:31:03.0217 INFO 正常 - 日租金分摊任务接口调用开始！
2018-01-16 14:31:03.0317 INFO 正常 - 日租金分摊任务接口调用结束！
2018-01-16 14:31:03.0427 INFO 正常 - 日租金分摊任务接口调用耗时:00:00:00.0239708
2018-01-16 14:31:06.0233 INFO 正常 - 日租金分摊任务接口调用开始！
2018-01-16 14:31:06.0303 INFO 正常 - 日租金分摊任务接口调用结束！
2018-01-16 14:31:06.0303 INFO 正常 - 日租金分摊任务接口调用耗时:00:00:00.0169855
2018-01-16 14:31:09.0245 INFO 正常 - 日租金分摊任务接口调用开始！
2018-01-16 14:31:09.0335 INFO 正常 - 日租金分摊任务接口调用结束！
2018-01-16 14:31:09.0335 INFO 正常 - 日租金分摊任务接口调用耗时:00:00:00.0190000
2018-01-16 14:31:12.0251 INFO 正常 - 日租金分摊任务接口调用开始！
2018-01-16 14:31:12.0361 INFO 正常 - 日租金分摊任务接口调用结束！
2018-01-16 14:31:12.0451 INFO 正常 - 日租金分摊任务接口调用耗时:00:00:00.0220007
2018-01-16 14:31:15.0091 INFO 正常 - 日租金分摊任务接口调用开始！
2018-01-16 14:31:15.0171 INFO 正常 - 日租金分摊任务接口调用结束！
2018-01-16 14:31:15.0171 INFO 正常 - 日租金分摊任务接口调用耗时:00:00:00.0150228
2018-01-16 14:31:18.0134 INFO 正常 - 日租金分摊任务接口调用开始！
2018-01-16 14:31:18.0134 INFO 正常 - 日租金分摊任务接口调用结束！
2018-01-16 14:31:18.0324 INFO 正常 - 日租金分摊任务接口调用耗时:00:00:00.0229785
2018-01-16 14:31:21.0161 INFO 正常 - 日租金分摊任务接口调用开始！
2018-01-16 14:31:21.0161 INFO 正常 - 日租金分摊任务接口调用结束！
2018-01-16 14:31:21.0340 INFO 正常 - 日租金分摊任务接口调用耗时:00:00:00.0209669
2018-01-16 14:31:24.0272 INFO 正常 - 日租金分摊任务接口调用开始！
2018-01-16 14:31:24.0272 INFO 正常 - 日租金分摊任务接口调用结束！
2018-01-16 14:31:24.0472 INFO 正常 - 日租金分摊任务接口调用耗时:00:00:00.0230075
2018-01-16 14:31:27.0104 INFO 正常 - 日租金分摊任务接口调用开始！
2018-01-16 14:31:27.0174 INFO 正常 - 日租金分摊任务接口调用结束！
2018-01-16 14:31:27.0174 INFO 正常 - 日租金分摊任务接口调用耗时:00:00:00.0149994
2018-01-16 14:31:30.0253 INFO 正常 - 日租金分摊任务接口调用开始！
2018-01-16 14:31:30.0353 INFO 正常 - 日租金分摊任务接口调用结束！
2018-01-16 14:31:30.0453 INFO 正常 - 日租金分摊任务接口调用耗时:00:00:00.0220058
2018-01-16 14:31:33.0096 INFO 正常 - 日租金分摊任务接口调用开始！
2018-01-16 14:31:33.0196 INFO 正常 - 日租金分摊任务接口调用结束！
2018-01-16 14:31:33.0297 INFO 正常 - 日租金分摊任务接口调用耗时:00:00:00.0220422
2018-01-16 14:31:34.2885 INFO 正常 - 系统退出！
