2018-02-06 17:22:53.6015 INFO 正常 - 启动自启动任务成功！任务名称：测试任务
2018-02-06 17:22:53.6195 INFO 正常 - 启动自启动任务成功！任务名称：HELLOWORD
2018-02-06 17:22:53.6195 INFO 正常 - 启动自启动任务成功！任务名称：HELLOW2
2018-02-06 17:22:53.6745 INFO 正常 - HELLOWORD配置开始！---------------版本2.0
2018-02-06 17:22:53.8505 INFO 正常 - HELLOWORD配置结束！---------------版本2.0
2018-02-06 17:22:53.8555 INFO 正常 - HELLOWORD接口调用开始！---------------版本2.0
2018-02-06 17:22:53.8555 INFO 正常 - HELLOWORD接口调用结束！---------------版本2.0
2018-02-06 17:22:53.8555 INFO 正常 - HELLOWORD接口调用耗时:00:00:00.0090083---------------版本2.0
2018-02-06 17:22:54.0015 INFO 正常 - HELLOWORD配置开始！---------------版本2.0
2018-02-06 17:22:54.0015 INFO 正常 - HELLOW2配置开始！---------------版本2.0
2018-02-06 17:22:54.1915 INFO 正常 - HELLOWORD配置结束！---------------版本2.0
2018-02-06 17:22:54.1985 INFO 正常 - HELLOWORD接口调用开始！---------------版本2.0
2018-02-06 17:22:54.2155 INFO 正常 - HELLOWORD接口调用结束！---------------版本2.0
2018-02-06 17:22:54.2155 INFO 正常 - HELLOWORD接口调用耗时:00:00:00.0290025---------------版本2.0
2018-02-06 17:22:54.2855 INFO 正常 - HELLOW2配置结束！---------------版本2.0
2018-02-06 17:22:54.3135 INFO 正常 - HELLOW2接口调用开始！---------------版本2.0
2018-02-06 17:22:54.3225 INFO 正常 - HELLOW2接口调用结束！---------------版本2.0
2018-02-06 17:22:54.3225 INFO 正常 - HELLOW2接口调用耗时:00:00:00.0159955---------------版本2.0
2018-02-06 17:22:55.0056 INFO 正常 - HELLOWORD配置开始！---------------版本2.0
2018-02-06 17:22:55.0886 INFO 正常 - HELLOWORD配置结束！---------------版本2.0
2018-02-06 17:22:55.0886 INFO 正常 - HELLOWORD接口调用开始！---------------版本2.0
2018-02-06 17:22:55.1036 INFO 正常 - HELLOWORD接口调用结束！---------------版本2.0
2018-02-06 17:22:55.1036 INFO 正常 - HELLOWORD接口调用耗时:00:00:00.0140034---------------版本2.0
2018-02-06 17:22:55.9996 INFO 正常 - HELLOWORD配置开始！---------------版本2.0
2018-02-06 17:22:56.1016 INFO 正常 - HELLOWORD配置结束！---------------版本2.0
2018-02-06 17:22:56.1096 INFO 正常 - HELLOWORD接口调用开始！---------------版本2.0
2018-02-06 17:22:56.1096 INFO 正常 - HELLOWORD接口调用结束！---------------版本2.0
2018-02-06 17:22:56.1266 INFO 正常 - HELLOWORD接口调用耗时:00:00:00.0169981---------------版本2.0
2018-02-06 17:22:57.0011 INFO 正常 - HELLOW2配置开始！---------------版本2.0
2018-02-06 17:22:57.0011 INFO 正常 - HELLOWORD配置开始！---------------版本2.0
2018-02-06 17:22:57.1031 INFO 正常 - HELLOW2配置结束！---------------版本2.0
2018-02-06 17:22:57.1091 INFO 正常 - HELLOW2接口调用开始！---------------版本2.0
2018-02-06 17:22:57.1091 INFO 正常 - HELLOW2接口调用结束！---------------版本2.0
2018-02-06 17:22:57.1261 INFO 正常 - HELLOW2接口调用耗时:00:00:00.0170037---------------版本2.0
2018-02-06 17:22:57.1361 INFO 正常 - HELLOWORD配置结束！---------------版本2.0
2018-02-06 17:22:57.1361 INFO 正常 - HELLOWORD接口调用开始！---------------版本2.0
2018-02-06 17:22:57.1361 INFO 正常 - HELLOWORD接口调用结束！---------------版本2.0
2018-02-06 17:22:57.1581 INFO 正常 - HELLOWORD接口调用耗时:00:00:00.0170130---------------版本2.0
2018-02-06 17:22:57.9991 INFO 正常 - HELLOWORD配置开始！---------------版本2.0
2018-02-06 17:22:58.0691 INFO 正常 - HELLOWORD配置结束！---------------版本2.0
2018-02-06 17:22:58.0751 INFO 正常 - HELLOWORD接口调用开始！---------------版本2.0
2018-02-06 17:22:58.0751 INFO 正常 - HELLOWORD接口调用结束！---------------版本2.0
2018-02-06 17:22:58.0931 INFO 正常 - HELLOWORD接口调用耗时:00:00:00.0180003---------------版本2.0
2018-02-06 17:22:59.0020 INFO 正常 - HELLOWORD配置开始！---------------版本2.0
2018-02-06 17:22:59.0940 INFO 正常 - HELLOWORD配置结束！---------------版本2.0
2018-02-06 17:22:59.1040 INFO 正常 - HELLOWORD接口调用开始！---------------版本2.0
2018-02-06 17:22:59.1040 INFO 正常 - HELLOWORD接口调用结束！---------------版本2.0
2018-02-06 17:22:59.1210 INFO 正常 - HELLOWORD接口调用耗时:00:00:00.0179605---------------版本2.0
2018-02-06 17:23:00.0004 INFO 正常 - HELLOW2配置开始！---------------版本2.0
2018-02-06 17:23:00.0124 INFO 正常 - 测试任务配置开始！---------------版本2.0
2018-02-06 17:23:00.0364 INFO 正常 - HELLOWORD配置开始！---------------版本2.0
2018-02-06 17:23:00.3054 INFO 正常 - HELLOW2配置结束！---------------版本2.0
2018-02-06 17:23:00.3124 INFO 正常 - HELLOW2接口调用开始！---------------版本2.0
2018-02-06 17:23:00.3224 INFO 正常 - HELLOW2接口调用结束！---------------版本2.0
2018-02-06 17:23:00.3224 INFO 正常 - HELLOW2接口调用耗时:00:00:00.0149995---------------版本2.0
2018-02-06 17:23:00.3454 INFO 正常 - 测试任务配置结束！---------------版本2.0
2018-02-06 17:23:00.3554 INFO 正常 - 测试任务接口调用开始！---------------版本2.0
2018-02-06 17:23:00.3554 INFO 正常 - HELLOWORD配置结束！---------------版本2.0
2018-02-06 17:23:00.3554 INFO 正常 - 测试任务接口调用结束！---------------版本2.0
2018-02-06 17:23:00.3724 INFO 正常 - HELLOWORD接口调用开始！---------------版本2.0
2018-02-06 17:23:00.3724 INFO 正常 - 测试任务接口调用耗时:00:00:00.0170046---------------版本2.0
2018-02-06 17:23:00.3854 INFO 正常 - HELLOWORD接口调用结束！---------------版本2.0
2018-02-06 17:23:00.3854 INFO 正常 - HELLOWORD接口调用耗时:00:00:00.0230075---------------版本2.0
2018-02-06 17:23:01.0020 INFO 正常 - HELLOWORD配置开始！---------------版本2.0
2018-02-06 17:23:01.0720 INFO 正常 - HELLOWORD配置结束！---------------版本2.0
2018-02-06 17:23:01.0770 INFO 正常 - HELLOWORD接口调用开始！---------------版本2.0
2018-02-06 17:23:01.0770 INFO 正常 - HELLOWORD接口调用结束！---------------版本2.0
2018-02-06 17:23:01.0910 INFO 正常 - HELLOWORD接口调用耗时:00:00:00.0139992---------------版本2.0
2018-02-06 17:23:02.0009 INFO 正常 - HELLOWORD配置开始！---------------版本2.0
2018-02-06 17:23:02.0659 INFO 正常 - HELLOWORD配置结束！---------------版本2.0
2018-02-06 17:23:02.0659 INFO 正常 - HELLOWORD接口调用开始！---------------版本2.0
2018-02-06 17:23:02.0759 INFO 正常 - HELLOWORD接口调用结束！---------------版本2.0
2018-02-06 17:23:02.0759 INFO 正常 - HELLOWORD接口调用耗时:00:00:00.0110022---------------版本2.0
2018-02-06 17:23:03.0022 INFO 正常 - HELLOW2配置开始！---------------版本2.0
2018-02-06 17:23:03.0097 INFO 正常 - HELLOWORD配置开始！---------------版本2.0
2018-02-06 17:23:03.1372 INFO 正常 - HELLOW2配置结束！---------------版本2.0
2018-02-06 17:23:03.1372 INFO 正常 - HELLOW2接口调用开始！---------------版本2.0
2018-02-06 17:23:03.1557 INFO 正常 - HELLOW2接口调用结束！---------------版本2.0
2018-02-06 17:23:03.1557 INFO 正常 - HELLOW2接口调用耗时:00:00:00.0170000---------------版本2.0
2018-02-06 17:23:03.1702 INFO 正常 - HELLOWORD配置结束！---------------版本2.0
2018-02-06 17:23:03.1702 INFO 正常 - HELLOWORD接口调用开始！---------------版本2.0
2018-02-06 17:23:03.1817 INFO 正常 - HELLOWORD接口调用结束！---------------版本2.0
2018-02-06 17:23:03.1817 INFO 正常 - HELLOWORD接口调用耗时:00:00:00.0110018---------------版本2.0
2018-02-06 17:23:04.0006 INFO 正常 - HELLOWORD配置开始！---------------版本2.0
2018-02-06 17:23:04.0736 INFO 正常 - HELLOWORD配置结束！---------------版本2.0
2018-02-06 17:23:04.0736 INFO 正常 - HELLOWORD接口调用开始！---------------版本2.0
2018-02-06 17:23:04.0881 INFO 正常 - HELLOWORD接口调用结束！---------------版本2.0
2018-02-06 17:23:04.0881 INFO 正常 - HELLOWORD接口调用耗时:00:00:00.0145022---------------版本2.0
2018-02-06 17:23:05.0020 INFO 正常 - HELLOWORD配置开始！---------------版本2.0
2018-02-06 17:23:05.0900 INFO 正常 - HELLOWORD配置结束！---------------版本2.0
2018-02-06 17:23:05.0900 INFO 正常 - HELLOWORD接口调用开始！---------------版本2.0
2018-02-06 17:23:05.0900 INFO 正常 - HELLOWORD接口调用结束！---------------版本2.0
2018-02-06 17:23:05.1070 INFO 正常 - HELLOWORD接口调用耗时:00:00:00.0125091---------------版本2.0
2018-02-06 17:23:05.9996 INFO 正常 - HELLOW2配置开始！---------------版本2.0
2018-02-06 17:23:05.9996 INFO 正常 - HELLOWORD配置开始！---------------版本2.0
2018-02-06 17:23:06.1056 INFO 正常 - HELLOW2配置结束！---------------版本2.0
2018-02-06 17:23:06.1056 INFO 正常 - HELLOW2接口调用开始！---------------版本2.0
2018-02-06 17:23:06.1056 INFO 正常 - HELLOW2接口调用结束！---------------版本2.0
2018-02-06 17:23:06.1236 INFO 正常 - HELLOWORD配置结束！---------------版本2.0
2018-02-06 17:23:06.1236 INFO 正常 - HELLOW2接口调用耗时:00:00:00.0119959---------------版本2.0
2018-02-06 17:23:06.1236 INFO 正常 - HELLOWORD接口调用开始！---------------版本2.0
2018-02-06 17:23:06.1386 INFO 正常 - HELLOWORD接口调用结束！---------------版本2.0
2018-02-06 17:23:06.1386 INFO 正常 - HELLOWORD接口调用耗时:00:00:00.0140011---------------版本2.0
2018-02-06 17:23:07.0002 INFO 正常 - HELLOWORD配置开始！---------------版本2.0
2018-02-06 17:23:07.0552 INFO 正常 - HELLOWORD配置结束！---------------版本2.0
2018-02-06 17:23:07.0602 INFO 正常 - HELLOWORD接口调用开始！---------------版本2.0
2018-02-06 17:23:07.0602 INFO 正常 - HELLOWORD接口调用结束！---------------版本2.0
2018-02-06 17:23:07.0602 INFO 正常 - HELLOWORD接口调用耗时:00:00:00.0089705---------------版本2.0
2018-02-06 17:23:08.0020 INFO 正常 - HELLOWORD配置开始！---------------版本2.0
2018-02-06 17:23:08.0940 INFO 正常 - HELLOWORD配置结束！---------------版本2.0
2018-02-06 17:23:08.0940 INFO 正常 - HELLOWORD接口调用开始！---------------版本2.0
2018-02-06 17:23:08.1070 INFO 正常 - HELLOWORD接口调用结束！---------------版本2.0
2018-02-06 17:23:08.1070 INFO 正常 - HELLOWORD接口调用耗时:00:00:00.0100029---------------版本2.0
2018-02-06 17:23:09.0001 INFO 正常 - HELLOW2配置开始！---------------版本2.0
2018-02-06 17:23:09.0001 INFO 正常 - HELLOWORD配置开始！---------------版本2.0
2018-02-06 17:23:09.1141 INFO 正常 - HELLOW2配置结束！---------------版本2.0
2018-02-06 17:23:09.1191 INFO 正常 - HELLOW2接口调用开始！---------------版本2.0
2018-02-06 17:23:09.1191 INFO 正常 - HELLOW2接口调用结束！---------------版本2.0
2018-02-06 17:23:09.1191 INFO 正常 - HELLOW2接口调用耗时:00:00:00.0130050---------------版本2.0
2018-02-06 17:23:09.1361 INFO 正常 - HELLOWORD配置结束！---------------版本2.0
2018-02-06 17:23:09.1361 INFO 正常 - HELLOWORD接口调用开始！---------------版本2.0
2018-02-06 17:23:09.1361 INFO 正常 - HELLOWORD接口调用结束！---------------版本2.0
2018-02-06 17:23:09.1511 INFO 正常 - HELLOWORD接口调用耗时:00:00:00.0090031---------------版本2.0
2018-02-06 17:23:09.9998 INFO 正常 - HELLOWORD配置开始！---------------版本2.0
2018-02-06 17:23:09.9998 INFO 正常 - 测试任务配置开始！---------------版本2.0
2018-02-06 17:23:10.1028 INFO 正常 - HELLOWORD配置结束！---------------版本2.0
2018-02-06 17:23:10.1078 INFO 正常 - HELLOWORD接口调用开始！---------------版本2.0
2018-02-06 17:23:10.1078 INFO 正常 - 测试任务配置结束！---------------版本2.0
2018-02-06 17:23:10.1078 INFO 正常 - HELLOWORD接口调用结束！---------------版本2.0
2018-02-06 17:23:10.1238 INFO 正常 - 测试任务接口调用开始！---------------版本2.0
2018-02-06 17:23:10.1238 INFO 正常 - HELLOWORD接口调用耗时:00:00:00.0159965---------------版本2.0
2018-02-06 17:23:10.1368 INFO 正常 - 测试任务接口调用结束！---------------版本2.0
2018-02-06 17:23:10.1368 INFO 正常 - 测试任务接口调用耗时:00:00:00.0239765---------------版本2.0
2018-02-06 17:23:11.0013 INFO 正常 - HELLOWORD配置开始！---------------版本2.0
2018-02-06 17:23:11.0693 INFO 正常 - HELLOWORD配置结束！---------------版本2.0
2018-02-06 17:23:11.0733 INFO 正常 - HELLOWORD接口调用开始！---------------版本2.0
2018-02-06 17:23:11.0733 INFO 正常 - HELLOWORD接口调用结束！---------------版本2.0
2018-02-06 17:23:11.0733 INFO 正常 - HELLOWORD接口调用耗时:00:00:00.0110018---------------版本2.0
2018-02-06 17:23:11.9998 INFO 正常 - HELLOW2配置开始！---------------版本2.0
2018-02-06 17:23:11.9998 INFO 正常 - HELLOWORD配置开始！---------------版本2.0
2018-02-06 17:23:12.1028 INFO 正常 - HELLOW2配置结束！---------------版本2.0
2018-02-06 17:23:12.1098 INFO 正常 - HELLOW2接口调用开始！---------------版本2.0
2018-02-06 17:23:12.1098 INFO 正常 - HELLOW2接口调用结束！---------------版本2.0
2018-02-06 17:23:12.1208 INFO 正常 - HELLOW2接口调用耗时:00:00:00.0109994---------------版本2.0
2018-02-06 17:23:12.1208 INFO 正常 - HELLOWORD配置结束！---------------版本2.0
2018-02-06 17:23:12.1208 INFO 正常 - HELLOWORD接口调用开始！---------------版本2.0
2018-02-06 17:23:12.1368 INFO 正常 - HELLOWORD接口调用结束！---------------版本2.0
2018-02-06 17:23:12.1368 INFO 正常 - HELLOWORD接口调用耗时:00:00:00.0099824---------------版本2.0
2018-02-06 17:23:13.0015 INFO 正常 - HELLOWORD配置开始！---------------版本2.0
2018-02-06 17:23:13.0585 INFO 正常 - HELLOWORD配置结束！---------------版本2.0
2018-02-06 17:23:13.0585 INFO 正常 - HELLOWORD接口调用开始！---------------版本2.0
2018-02-06 17:23:13.0585 INFO 正常 - HELLOWORD接口调用结束！---------------版本2.0
2018-02-06 17:23:13.0725 INFO 正常 - HELLOWORD接口调用耗时:00:00:00.0089956---------------版本2.0
2018-02-06 17:23:14.0006 INFO 正常 - HELLOWORD配置开始！---------------版本2.0
2018-02-06 17:23:14.1135 INFO 正常 - HELLOWORD配置结束！---------------版本2.0
2018-02-06 17:23:14.1135 INFO 正常 - HELLOWORD接口调用开始！---------------版本2.0
2018-02-06 17:23:14.1235 INFO 正常 - HELLOWORD接口调用结束！---------------版本2.0
2018-02-06 17:23:14.1235 INFO 正常 - HELLOWORD接口调用耗时:00:00:00.0109981---------------版本2.0
2018-02-06 17:23:15.0004 INFO 正常 - HELLOW2配置开始！---------------版本2.0
2018-02-06 17:23:15.0004 INFO 正常 - HELLOWORD配置开始！---------------版本2.0
2018-02-06 17:23:15.1095 INFO 正常 - HELLOW2配置结束！---------------版本2.0
2018-02-06 17:23:15.1095 INFO 正常 - HELLOW2接口调用开始！---------------版本2.0
2018-02-06 17:23:15.1254 INFO 正常 - HELLOW2接口调用结束！---------------版本2.0
2018-02-06 17:23:15.1254 INFO 正常 - HELLOWORD配置结束！---------------版本2.0
2018-02-06 17:23:15.1394 INFO 正常 - HELLOW2接口调用耗时:00:00:00.0149915---------------版本2.0
2018-02-06 17:23:15.1504 INFO 正常 - HELLOWORD接口调用开始！---------------版本2.0
2018-02-06 17:23:15.1504 INFO 正常 - HELLOWORD接口调用结束！---------------版本2.0
2018-02-06 17:23:15.1504 INFO 正常 - HELLOWORD接口调用耗时:00:00:00.0259980---------------版本2.0
2018-02-06 17:23:15.9997 INFO 正常 - HELLOWORD配置开始！---------------版本2.0
2018-02-06 17:23:16.0587 INFO 正常 - HELLOWORD配置结束！---------------版本2.0
2018-02-06 17:23:16.0587 INFO 正常 - HELLOWORD接口调用开始！---------------版本2.0
2018-02-06 17:23:16.0587 INFO 正常 - HELLOWORD接口调用结束！---------------版本2.0
2018-02-06 17:23:16.0737 INFO 正常 - HELLOWORD接口调用耗时:00:00:00.0100002---------------版本2.0
2018-02-06 17:23:17.0010 INFO 正常 - HELLOWORD配置开始！---------------版本2.0
2018-02-06 17:23:17.0690 INFO 正常 - HELLOWORD配置结束！---------------版本2.0
2018-02-06 17:23:17.0730 INFO 正常 - HELLOWORD接口调用开始！---------------版本2.0
2018-02-06 17:23:17.0730 INFO 正常 - HELLOWORD接口调用结束！---------------版本2.0
2018-02-06 17:23:17.0730 INFO 正常 - HELLOWORD接口调用耗时:00:00:00.0099950---------------版本2.0
2018-02-06 17:23:17.9997 INFO 正常 - HELLOW2配置开始！---------------版本2.0
2018-02-06 17:23:17.9997 INFO 正常 - HELLOWORD配置开始！---------------版本2.0
2018-02-06 17:23:18.1067 INFO 正常 - HELLOW2配置结束！---------------版本2.0
2018-02-06 17:23:18.1067 INFO 正常 - HELLOW2接口调用开始！---------------版本2.0
2018-02-06 17:23:18.1197 INFO 正常 - HELLOW2接口调用结束！---------------版本2.0
2018-02-06 17:23:18.1197 INFO 正常 - HELLOWORD配置结束！---------------版本2.0
2018-02-06 17:23:18.1197 INFO 正常 - HELLOW2接口调用耗时:00:00:00.0129938---------------版本2.0
2018-02-06 17:23:18.1377 INFO 正常 - HELLOWORD接口调用开始！---------------版本2.0
2018-02-06 17:23:18.1377 INFO 正常 - HELLOWORD接口调用结束！---------------版本2.0
2018-02-06 17:23:18.1377 INFO 正常 - HELLOWORD接口调用耗时:00:00:00.0160030---------------版本2.0
2018-02-06 17:23:19.0003 INFO 正常 - HELLOWORD配置开始！---------------版本2.0
2018-02-06 17:23:19.0573 INFO 正常 - HELLOWORD配置结束！---------------版本2.0
2018-02-06 17:23:19.0573 INFO 正常 - HELLOWORD接口调用开始！---------------版本2.0
2018-02-06 17:23:19.0573 INFO 正常 - HELLOWORD接口调用结束！---------------版本2.0
2018-02-06 17:23:19.0723 INFO 正常 - HELLOWORD接口调用耗时:00:00:00.0090139---------------版本2.0
2018-02-06 17:23:20.0000 INFO 正常 - HELLOWORD配置开始！---------------版本2.0
2018-02-06 17:23:20.0000 INFO 正常 - 测试任务配置开始！---------------版本2.0
2018-02-06 17:23:20.1402 INFO 正常 - HELLOWORD配置结束！---------------版本2.0
2018-02-06 17:23:20.1512 INFO 正常 - HELLOWORD接口调用开始！---------------版本2.0
2018-02-06 17:23:20.1512 INFO 正常 - HELLOWORD接口调用结束！---------------版本2.0
2018-02-06 17:23:20.1702 INFO 正常 - HELLOWORD接口调用耗时:00:00:00.0189818---------------版本2.0
2018-02-06 17:23:20.1702 INFO 正常 - 测试任务配置结束！---------------版本2.0
2018-02-06 17:23:20.1882 INFO 正常 - 测试任务接口调用开始！---------------版本2.0
2018-02-06 17:23:20.1882 INFO 正常 - 测试任务接口调用结束！---------------版本2.0
2018-02-06 17:23:20.2072 INFO 正常 - 测试任务接口调用耗时:00:00:00.0190004---------------版本2.0
2018-02-06 17:23:21.0015 INFO 正常 - HELLOW2配置开始！---------------版本2.0
2018-02-06 17:23:21.0015 INFO 正常 - HELLOWORD配置开始！---------------版本2.0
2018-02-06 17:23:21.1024 INFO 正常 - HELLOW2配置结束！---------------版本2.0
2018-02-06 17:23:21.1074 INFO 正常 - HELLOW2接口调用开始！---------------版本2.0
2018-02-06 17:23:21.1074 INFO 正常 - HELLOW2接口调用结束！---------------版本2.0
2018-02-06 17:23:21.1204 INFO 正常 - HELLOW2接口调用耗时:00:00:00.0130027---------------版本2.0
2018-02-06 17:23:21.1204 INFO 正常 - HELLOWORD配置结束！---------------版本2.0
2018-02-06 17:23:21.1204 INFO 正常 - HELLOWORD接口调用开始！---------------版本2.0
2018-02-06 17:23:21.1384 INFO 正常 - HELLOWORD接口调用结束！---------------版本2.0
2018-02-06 17:23:21.1384 INFO 正常 - HELLOWORD接口调用耗时:00:00:00.0100053---------------版本2.0
2018-02-06 17:23:22.0014 INFO 正常 - HELLOWORD配置开始！---------------版本2.0
2018-02-06 17:23:22.0654 INFO 正常 - HELLOWORD配置结束！---------------版本2.0
2018-02-06 17:23:22.0654 INFO 正常 - HELLOWORD接口调用开始！---------------版本2.0
2018-02-06 17:23:22.0754 INFO 正常 - HELLOWORD接口调用结束！---------------版本2.0
2018-02-06 17:23:22.0754 INFO 正常 - HELLOWORD接口调用耗时:00:00:00.0110050---------------版本2.0
2018-02-06 17:23:23.0004 INFO 正常 - HELLOWORD配置开始！---------------版本2.0
2018-02-06 17:23:23.0654 INFO 正常 - HELLOWORD配置结束！---------------版本2.0
2018-02-06 17:23:23.0654 INFO 正常 - HELLOWORD接口调用开始！---------------版本2.0
2018-02-06 17:23:23.0744 INFO 正常 - HELLOWORD接口调用结束！---------------版本2.0
2018-02-06 17:23:23.0744 INFO 正常 - HELLOWORD接口调用耗时:00:00:00.0099978---------------版本2.0
2018-02-06 17:23:24.0001 INFO 正常 - HELLOW2配置开始！---------------版本2.0
2018-02-06 17:23:24.0001 INFO 正常 - HELLOWORD配置开始！---------------版本2.0
2018-02-06 17:23:24.1441 INFO 正常 - HELLOW2配置结束！---------------版本2.0
2018-02-06 17:23:24.1571 INFO 正常 - HELLOWORD配置结束！---------------版本2.0
2018-02-06 17:23:24.1661 INFO 正常 - HELLOWORD接口调用开始！---------------版本2.0
2018-02-06 17:23:24.1661 INFO 正常 - HELLOW2接口调用开始！---------------版本2.0
2018-02-06 17:23:24.1821 INFO 正常 - HELLOWORD接口调用结束！---------------版本2.0
2018-02-06 17:23:24.1821 INFO 正常 - HELLOW2接口调用结束！---------------版本2.0
2018-02-06 17:23:24.1821 INFO 正常 - HELLOWORD接口调用耗时:00:00:00.0230024---------------版本2.0
2018-02-06 17:23:24.2041 INFO 正常 - HELLOW2接口调用耗时:00:00:00.0389956---------------版本2.0
2018-02-06 17:23:25.0001 INFO 正常 - HELLOWORD配置开始！---------------版本2.0
2018-02-06 17:23:25.1741 INFO 正常 - HELLOWORD配置结束！---------------版本2.0
2018-02-06 17:23:25.1821 INFO 正常 - HELLOWORD接口调用开始！---------------版本2.0
2018-02-06 17:23:25.1821 INFO 正常 - HELLOWORD接口调用结束！---------------版本2.0
2018-02-06 17:23:25.1991 INFO 正常 - HELLOWORD接口调用耗时:00:00:00.0170018---------------版本2.0
2018-02-06 17:23:25.9991 INFO 正常 - HELLOWORD配置开始！---------------版本2.0
2018-02-06 17:23:26.1131 INFO 正常 - HELLOWORD配置结束！---------------版本2.0
2018-02-06 17:23:26.1201 INFO 正常 - HELLOWORD接口调用开始！---------------版本2.0
2018-02-06 17:23:26.1201 INFO 正常 - HELLOWORD接口调用结束！---------------版本2.0
2018-02-06 17:23:26.1361 INFO 正常 - HELLOWORD接口调用耗时:00:00:00.0159993---------------版本2.0
2018-02-06 17:23:27.0001 INFO 正常 - HELLOW2配置开始！---------------版本2.0
2018-02-06 17:23:27.0001 INFO 正常 - HELLOWORD配置开始！---------------版本2.0
2018-02-06 17:23:27.1231 INFO 正常 - HELLOW2配置结束！---------------版本2.0
2018-02-06 17:23:27.1231 INFO 正常 - HELLOW2接口调用开始！---------------版本2.0
2018-02-06 17:23:27.1411 INFO 正常 - HELLOW2接口调用结束！---------------版本2.0
2018-02-06 17:23:27.1561 INFO 正常 - HELLOW2接口调用耗时:00:00:00.0219989---------------版本2.0
2018-02-06 17:23:27.1681 INFO 正常 - HELLOWORD配置结束！---------------版本2.0
2018-02-06 17:23:27.1851 INFO 正常 - HELLOWORD接口调用开始！---------------版本2.0
2018-02-06 17:23:27.1851 INFO 正常 - HELLOWORD接口调用结束！---------------版本2.0
2018-02-06 17:23:27.1981 INFO 正常 - HELLOWORD接口调用耗时:00:00:00.0130018---------------版本2.0
2018-02-06 17:23:28.0001 INFO 正常 - HELLOWORD配置开始！---------------版本2.0
2018-02-06 17:23:28.0771 INFO 正常 - HELLOWORD配置结束！---------------版本2.0
2018-02-06 17:23:28.0771 INFO 正常 - HELLOWORD接口调用开始！---------------版本2.0
2018-02-06 17:23:28.0891 INFO 正常 - HELLOWORD接口调用结束！---------------版本2.0
2018-02-06 17:23:28.0891 INFO 正常 - HELLOWORD接口调用耗时:00:00:00.0109901---------------版本2.0
2018-02-06 17:23:28.9993 INFO 正常 - HELLOWORD配置开始！---------------版本2.0
2018-02-06 17:23:29.0563 INFO 正常 - HELLOWORD配置结束！---------------版本2.0
2018-02-06 17:23:29.0633 INFO 正常 - HELLOWORD接口调用开始！---------------版本2.0
2018-02-06 17:23:29.0633 INFO 正常 - HELLOWORD接口调用结束！---------------版本2.0
2018-02-06 17:23:29.0723 INFO 正常 - HELLOWORD接口调用耗时:00:00:00.0089934---------------版本2.0
2018-02-06 17:23:30.0009 INFO 正常 - HELLOW2配置开始！---------------版本2.0
2018-02-06 17:23:30.0109 INFO 正常 - HELLOWORD配置开始！---------------版本2.0
2018-02-06 17:23:30.0109 INFO 正常 - 测试任务配置开始！---------------版本2.0
2018-02-06 17:23:30.2149 INFO 正常 - HELLOW2配置结束！---------------版本2.0
2018-02-06 17:23:30.2149 INFO 正常 - HELLOW2接口调用开始！---------------版本2.0
2018-02-06 17:23:30.2349 INFO 正常 - HELLOW2接口调用结束！---------------版本2.0
2018-02-06 17:23:30.2349 INFO 正常 - HELLOW2接口调用耗时:00:00:00.0170013---------------版本2.0
2018-02-06 17:23:30.2519 INFO 正常 - HELLOWORD配置结束！---------------版本2.0
2018-02-06 17:23:30.2599 INFO 正常 - HELLOWORD接口调用开始！---------------版本2.0
2018-02-06 17:23:30.2599 INFO 正常 - HELLOWORD接口调用结束！---------------版本2.0
2018-02-06 17:23:30.2759 INFO 正常 - 测试任务配置结束！---------------版本2.0
2018-02-06 17:23:30.2759 INFO 正常 - HELLOWORD接口调用耗时:00:00:00.0149976---------------版本2.0
2018-02-06 17:23:30.2909 INFO 正常 - 测试任务接口调用开始！---------------版本2.0
2018-02-06 17:23:30.2909 INFO 正常 - 测试任务接口调用结束！---------------版本2.0
2018-02-06 17:23:30.2909 INFO 正常 - 测试任务接口调用耗时:00:00:00.0210024---------------版本2.0
2018-02-06 17:23:31.0000 INFO 正常 - HELLOWORD配置开始！---------------版本2.0
2018-02-06 17:23:31.0669 INFO 正常 - HELLOWORD配置结束！---------------版本2.0
2018-02-06 17:23:31.0759 INFO 正常 - HELLOWORD接口调用开始！---------------版本2.0
2018-02-06 17:23:31.0759 INFO 正常 - HELLOWORD接口调用结束！---------------版本2.0
2018-02-06 17:23:31.0899 INFO 正常 - HELLOWORD接口调用耗时:00:00:00.0140011---------------版本2.0
2018-02-06 17:23:31.9991 INFO 正常 - HELLOWORD配置开始！---------------版本2.0
2018-02-06 17:23:32.0741 INFO 正常 - HELLOWORD配置结束！---------------版本2.0
2018-02-06 17:23:32.0741 INFO 正常 - HELLOWORD接口调用开始！---------------版本2.0
2018-02-06 17:23:32.0911 INFO 正常 - HELLOWORD接口调用结束！---------------版本2.0
2018-02-06 17:23:32.0911 INFO 正常 - HELLOWORD接口调用耗时:00:00:00.0199998---------------版本2.0
2018-02-06 17:23:33.0001 INFO 正常 - HELLOW2配置开始！---------------版本2.0
2018-02-06 17:23:33.0001 INFO 正常 - HELLOWORD配置开始！---------------版本2.0
2018-02-06 17:23:33.1181 INFO 正常 - HELLOW2配置结束！---------------版本2.0
2018-02-06 17:23:33.1291 INFO 正常 - HELLOW2接口调用开始！---------------版本2.0
2018-02-06 17:23:33.1421 INFO 正常 - HELLOW2接口调用结束！---------------版本2.0
2018-02-06 17:23:33.1561 INFO 正常 - HELLOW2接口调用耗时:00:00:00.0269991---------------版本2.0
2018-02-06 17:23:33.1701 INFO 正常 - HELLOWORD配置结束！---------------版本2.0
2018-02-06 17:23:33.1861 INFO 正常 - HELLOWORD接口调用开始！---------------版本2.0
2018-02-06 17:23:33.1861 INFO 正常 - HELLOWORD接口调用结束！---------------版本2.0
2018-02-06 17:23:33.2161 INFO 正常 - HELLOWORD接口调用耗时:00:00:00.0300026---------------版本2.0
2018-02-06 17:23:34.0081 INFO 正常 - HELLOWORD配置开始！---------------版本2.0
2018-02-06 17:23:34.3351 INFO 正常 - HELLOWORD配置结束！---------------版本2.0
2018-02-06 17:23:34.3521 INFO 正常 - HELLOWORD接口调用开始！---------------版本2.0
2018-02-06 17:23:34.3871 INFO 正常 - HELLOWORD接口调用结束！---------------版本2.0
2018-02-06 17:23:34.4171 INFO 正常 - HELLOWORD接口调用耗时:00:00:00.0650010---------------版本2.0
2018-02-06 17:23:35.0041 INFO 正常 - HELLOWORD配置开始！---------------版本2.0
2018-02-06 17:23:35.1831 INFO 正常 - HELLOWORD配置结束！---------------版本2.0
2018-02-06 17:23:35.1981 INFO 正常 - HELLOWORD接口调用开始！---------------版本2.0
2018-02-06 17:23:35.2181 INFO 正常 - HELLOWORD接口调用结束！---------------版本2.0
2018-02-06 17:23:35.2321 INFO 正常 - HELLOWORD接口调用耗时:00:00:00.0350001---------------版本2.0
2018-02-06 17:23:35.9991 INFO 正常 - HELLOW2配置开始！---------------版本2.0
2018-02-06 17:23:35.9991 INFO 正常 - HELLOWORD配置开始！---------------版本2.0
2018-02-06 17:23:36.1601 INFO 正常 - HELLOW2配置结束！---------------版本2.0
2018-02-06 17:23:36.1721 INFO 正常 - HELLOW2接口调用开始！---------------版本2.0
2018-02-06 17:23:36.1931 INFO 正常 - HELLOW2接口调用结束！---------------版本2.0
2018-02-06 17:23:36.2011 INFO 正常 - HELLOW2接口调用耗时:00:00:00.0289889---------------版本2.0
2018-02-06 17:23:36.2191 INFO 正常 - HELLOWORD配置结束！---------------版本2.0
2018-02-06 17:23:36.2321 INFO 正常 - HELLOWORD接口调用开始！---------------版本2.0
2018-02-06 17:23:36.2451 INFO 正常 - HELLOWORD接口调用结束！---------------版本2.0
2018-02-06 17:23:36.2451 INFO 正常 - HELLOWORD接口调用耗时:00:00:00.0169995---------------版本2.0
2018-02-06 17:23:37.0001 INFO 正常 - HELLOWORD配置开始！---------------版本2.0
2018-02-06 17:23:37.0831 INFO 正常 - HELLOWORD配置结束！---------------版本2.0
2018-02-06 17:23:37.0891 INFO 正常 - HELLOWORD接口调用开始！---------------版本2.0
2018-02-06 17:23:37.0891 INFO 正常 - HELLOWORD接口调用结束！---------------版本2.0
2018-02-06 17:23:37.1041 INFO 正常 - HELLOWORD接口调用耗时:00:00:00.0150027---------------版本2.0
2018-02-06 17:23:38.0001 INFO 正常 - HELLOWORD配置开始！---------------版本2.0
2018-02-06 17:23:38.0811 INFO 正常 - HELLOWORD配置结束！---------------版本2.0
2018-02-06 17:23:38.0881 INFO 正常 - HELLOWORD接口调用开始！---------------版本2.0
2018-02-06 17:23:38.0881 INFO 正常 - HELLOWORD接口调用结束！---------------版本2.0
2018-02-06 17:23:38.1041 INFO 正常 - HELLOWORD接口调用耗时:00:00:00.0149990---------------版本2.0
2018-02-06 17:23:39.0001 INFO 正常 - HELLOW2配置开始！---------------版本2.0
2018-02-06 17:23:39.0001 INFO 正常 - HELLOWORD配置开始！---------------版本2.0
2018-02-06 17:23:39.1271 INFO 正常 - HELLOW2配置结束！---------------版本2.0
2018-02-06 17:23:39.1381 INFO 正常 - HELLOW2接口调用开始！---------------版本2.0
2018-02-06 17:23:39.1381 INFO 正常 - HELLOW2接口调用结束！---------------版本2.0
2018-02-06 17:23:39.1581 INFO 正常 - HELLOW2接口调用耗时:00:00:00.0200031---------------版本2.0
2018-02-06 17:23:39.1681 INFO 正常 - HELLOWORD配置结束！---------------版本2.0
2018-02-06 17:23:39.1681 INFO 正常 - HELLOWORD接口调用开始！---------------版本2.0
2018-02-06 17:23:39.1851 INFO 正常 - HELLOWORD接口调用结束！---------------版本2.0
2018-02-06 17:23:39.1851 INFO 正常 - HELLOWORD接口调用耗时:00:00:00.0200003---------------版本2.0
2018-02-06 17:23:40.0021 INFO 正常 - HELLOWORD配置开始！---------------版本2.0
2018-02-06 17:23:40.0121 INFO 正常 - 测试任务配置开始！---------------版本2.0
2018-02-06 17:23:40.1291 INFO 正常 - HELLOWORD配置结束！---------------版本2.0
2018-02-06 17:23:40.1421 INFO 正常 - HELLOWORD接口调用开始！---------------版本2.0
2018-02-06 17:23:40.1421 INFO 正常 - HELLOWORD接口调用结束！---------------版本2.0
2018-02-06 17:23:40.1601 INFO 正常 - HELLOWORD接口调用耗时:00:00:00.0179964---------------版本2.0
2018-02-06 17:23:40.1681 INFO 正常 - 测试任务配置结束！---------------版本2.0
2018-02-06 17:23:40.1681 INFO 正常 - 测试任务接口调用开始！---------------版本2.0
2018-02-06 17:23:40.1891 INFO 正常 - 测试任务接口调用结束！---------------版本2.0
2018-02-06 17:23:40.2021 INFO 正常 - 测试任务接口调用耗时:00:00:00.0230024---------------版本2.0
2018-02-06 17:23:41.0011 INFO 正常 - HELLOWORD配置开始！---------------版本2.0
2018-02-06 17:23:41.0871 INFO 正常 - HELLOWORD配置结束！---------------版本2.0
2018-02-06 17:23:41.0941 INFO 正常 - HELLOWORD接口调用开始！---------------版本2.0
2018-02-06 17:23:41.0941 INFO 正常 - HELLOWORD接口调用结束！---------------版本2.0
2018-02-06 17:23:41.1111 INFO 正常 - HELLOWORD接口调用耗时:00:00:00.0169953---------------版本2.0
2018-02-06 17:23:42.0001 INFO 正常 - HELLOW2配置开始！---------------版本2.0
2018-02-06 17:23:42.0121 INFO 正常 - HELLOWORD配置开始！---------------版本2.0
2018-02-06 17:23:42.1281 INFO 正常 - HELLOW2配置结束！---------------版本2.0
2018-02-06 17:23:42.1351 INFO 正常 - HELLOW2接口调用开始！---------------版本2.0
2018-02-06 17:23:42.1351 INFO 正常 - HELLOW2接口调用结束！---------------版本2.0
2018-02-06 17:23:42.1541 INFO 正常 - HELLOW2接口调用耗时:00:00:00.0189991---------------版本2.0
2018-02-06 17:23:42.1541 INFO 正常 - HELLOWORD配置结束！---------------版本2.0
2018-02-06 17:23:42.1671 INFO 正常 - HELLOWORD接口调用开始！---------------版本2.0
2018-02-06 17:23:42.1671 INFO 正常 - HELLOWORD接口调用结束！---------------版本2.0
2018-02-06 17:23:42.1831 INFO 正常 - HELLOWORD接口调用耗时:00:00:00.0159979---------------版本2.0
2018-02-06 17:23:43.0041 INFO 正常 - HELLOWORD配置开始！---------------版本2.0
2018-02-06 17:23:43.1011 INFO 正常 - HELLOWORD配置结束！---------------版本2.0
2018-02-06 17:23:43.1091 INFO 正常 - HELLOWORD接口调用开始！---------------版本2.0
2018-02-06 17:23:43.1091 INFO 正常 - HELLOWORD接口调用结束！---------------版本2.0
2018-02-06 17:23:43.1231 INFO 正常 - HELLOWORD接口调用耗时:00:00:00.0140015---------------版本2.0
2018-02-06 17:23:44.0001 INFO 正常 - HELLOWORD配置开始！---------------版本2.0
2018-02-06 17:23:44.0931 INFO 正常 - HELLOWORD配置结束！---------------版本2.0
2018-02-06 17:23:44.1041 INFO 正常 - HELLOWORD接口调用开始！---------------版本2.0
2018-02-06 17:23:44.1041 INFO 正常 - HELLOWORD接口调用结束！---------------版本2.0
2018-02-06 17:23:44.1281 INFO 正常 - HELLOWORD接口调用耗时:00:00:00.0240012---------------版本2.0
2018-02-06 17:23:44.9991 INFO 正常 - HELLOW2配置开始！---------------版本2.0
2018-02-06 17:23:44.9991 INFO 正常 - HELLOWORD配置开始！---------------版本2.0
2018-02-06 17:23:45.1521 INFO 正常 - HELLOW2配置结束！---------------版本2.0
2018-02-06 17:23:45.1671 INFO 正常 - HELLOW2接口调用开始！---------------版本2.0
2018-02-06 17:23:45.1841 INFO 正常 - HELLOW2接口调用结束！---------------版本2.0
2018-02-06 17:23:45.1991 INFO 正常 - HELLOW2接口调用耗时:00:00:00.0319999---------------版本2.0
2018-02-06 17:23:45.2461 INFO 正常 - HELLOWORD配置结束！---------------版本2.0
2018-02-06 17:23:45.2631 INFO 正常 - HELLOWORD接口调用开始！---------------版本2.0
2018-02-06 17:23:45.2631 INFO 正常 - HELLOWORD接口调用结束！---------------版本2.0
2018-02-06 17:23:45.2811 INFO 正常 - HELLOWORD接口调用耗时:00:00:00.0180007---------------版本2.0
2018-02-06 17:23:45.9994 INFO 正常 - HELLOWORD配置开始！---------------版本2.0
2018-02-06 17:23:46.1514 INFO 正常 - HELLOWORD配置结束！---------------版本2.0
2018-02-06 17:23:46.1514 INFO 正常 - HELLOWORD接口调用开始！---------------版本2.0
2018-02-06 17:23:46.1754 INFO 正常 - HELLOWORD接口调用结束！---------------版本2.0
2018-02-06 17:23:46.1874 INFO 正常 - HELLOWORD接口调用耗时:00:00:00.0239966---------------版本2.0
2018-02-06 17:23:46.9994 INFO 正常 - HELLOWORD配置开始！---------------版本2.0
2018-02-06 17:23:47.0704 INFO 正常 - HELLOWORD配置结束！---------------版本2.0
2018-02-06 17:23:47.0774 INFO 正常 - HELLOWORD接口调用开始！---------------版本2.0
2018-02-06 17:23:47.0774 INFO 正常 - HELLOWORD接口调用结束！---------------版本2.0
2018-02-06 17:23:47.0894 INFO 正常 - HELLOWORD接口调用耗时:00:00:00.0120029---------------版本2.0
2018-02-06 17:23:47.9994 INFO 正常 - HELLOW2配置开始！---------------版本2.0
2018-02-06 17:23:47.9994 INFO 正常 - HELLOWORD配置开始！---------------版本2.0
2018-02-06 17:23:48.1074 INFO 正常 - HELLOW2配置结束！---------------版本2.0
2018-02-06 17:23:48.1074 INFO 正常 - HELLOW2接口调用开始！---------------版本2.0
2018-02-06 17:23:48.1254 INFO 正常 - HELLOW2接口调用结束！---------------版本2.0
2018-02-06 17:23:48.1254 INFO 正常 - HELLOW2接口调用耗时:00:00:00.0180077---------------版本2.0
2018-02-06 17:23:48.1414 INFO 正常 - HELLOWORD配置结束！---------------版本2.0
2018-02-06 17:23:48.1504 INFO 正常 - HELLOWORD接口调用开始！---------------版本2.0
2018-02-06 17:23:48.1504 INFO 正常 - HELLOWORD接口调用结束！---------------版本2.0
2018-02-06 17:23:48.1504 INFO 正常 - HELLOWORD接口调用耗时:00:00:00.0110008---------------版本2.0
2018-02-06 17:23:48.9994 INFO 正常 - HELLOWORD配置开始！---------------版本2.0
2018-02-06 17:23:49.0674 INFO 正常 - HELLOWORD配置结束！---------------版本2.0
2018-02-06 17:23:49.0724 INFO 正常 - HELLOWORD接口调用开始！---------------版本2.0
2018-02-06 17:23:49.0724 INFO 正常 - HELLOWORD接口调用结束！---------------版本2.0
2018-02-06 17:23:49.0724 INFO 正常 - HELLOWORD接口调用耗时:00:00:00.0119996---------------版本2.0
2018-02-06 17:23:50.0004 INFO 正常 - HELLOWORD配置开始！---------------版本2.0
2018-02-06 17:23:50.0004 INFO 正常 - 测试任务配置开始！---------------版本2.0
2018-02-06 17:23:50.1484 INFO 正常 - HELLOWORD配置结束！---------------版本2.0
2018-02-06 17:23:50.1554 INFO 正常 - HELLOWORD接口调用开始！---------------版本2.0
2018-02-06 17:23:50.1554 INFO 正常 - 测试任务配置结束！---------------版本2.0
2018-02-06 17:23:50.1704 INFO 正常 - HELLOWORD接口调用结束！---------------版本2.0
2018-02-06 17:23:50.1704 INFO 正常 - 测试任务接口调用开始！---------------版本2.0
2018-02-06 17:23:50.1834 INFO 正常 - HELLOWORD接口调用耗时:00:00:00.0210065---------------版本2.0
2018-02-06 17:23:50.1834 INFO 正常 - 测试任务接口调用结束！---------------版本2.0
2018-02-06 17:23:50.1834 INFO 正常 - 测试任务接口调用耗时:00:00:00.0249987---------------版本2.0
2018-02-06 17:23:51.0004 INFO 正常 - HELLOW2配置开始！---------------版本2.0
2018-02-06 17:23:51.0004 INFO 正常 - HELLOWORD配置开始！---------------版本2.0
2018-02-06 17:23:51.1234 INFO 正常 - HELLOW2配置结束！---------------版本2.0
2018-02-06 17:23:51.1234 INFO 正常 - HELLOW2接口调用开始！---------------版本2.0
2018-02-06 17:23:51.1394 INFO 正常 - HELLOW2接口调用结束！---------------版本2.0
2018-02-06 17:23:51.1394 INFO 正常 - HELLOW2接口调用耗时:00:00:00.0149944---------------版本2.0
2018-02-06 17:23:51.1534 INFO 正常 - HELLOWORD配置结束！---------------版本2.0
2018-02-06 17:23:51.1534 INFO 正常 - HELLOWORD接口调用开始！---------------版本2.0
2018-02-06 17:23:51.1694 INFO 正常 - HELLOWORD接口调用结束！---------------版本2.0
2018-02-06 17:23:51.1694 INFO 正常 - HELLOWORD接口调用耗时:00:00:00.0149924---------------版本2.0
2018-02-06 17:23:52.0004 INFO 正常 - HELLOWORD配置开始！---------------版本2.0
2018-02-06 17:23:52.0714 INFO 正常 - HELLOWORD配置结束！---------------版本2.0
2018-02-06 17:23:52.0774 INFO 正常 - HELLOWORD接口调用开始！---------------版本2.0
2018-02-06 17:23:52.0774 INFO 正常 - HELLOWORD接口调用结束！---------------版本2.0
2018-02-06 17:23:52.0884 INFO 正常 - HELLOWORD接口调用耗时:00:00:00.0099978---------------版本2.0
2018-02-06 17:23:53.0004 INFO 正常 - HELLOWORD配置开始！---------------版本2.0
2018-02-06 17:23:53.0894 INFO 正常 - HELLOWORD配置结束！---------------版本2.0
2018-02-06 17:23:53.0894 INFO 正常 - HELLOWORD接口调用开始！---------------版本2.0
2018-02-06 17:23:53.0894 INFO 正常 - HELLOWORD接口调用结束！---------------版本2.0
2018-02-06 17:23:53.1074 INFO 正常 - HELLOWORD接口调用耗时:00:00:00.0120011---------------版本2.0
2018-02-06 17:23:53.9994 INFO 正常 - HELLOW2配置开始！---------------版本2.0
2018-02-06 17:23:53.9994 INFO 正常 - HELLOWORD配置开始！---------------版本2.0
2018-02-06 17:23:54.0994 INFO 正常 - HELLOW2配置结束！---------------版本2.0
2018-02-06 17:23:54.1064 INFO 正常 - HELLOW2接口调用开始！---------------版本2.0
2018-02-06 17:23:54.1064 INFO 正常 - HELLOW2接口调用结束！---------------版本2.0
2018-02-06 17:23:54.1194 INFO 正常 - HELLOW2接口调用耗时:00:00:00.0130041---------------版本2.0
2018-02-06 17:23:54.1194 INFO 正常 - HELLOWORD配置结束！---------------版本2.0
2018-02-06 17:23:54.1364 INFO 正常 - HELLOWORD接口调用开始！---------------版本2.0
2018-02-06 17:23:54.1364 INFO 正常 - HELLOWORD接口调用结束！---------------版本2.0
2018-02-06 17:23:54.1364 INFO 正常 - HELLOWORD接口调用耗时:00:00:00.0100076---------------版本2.0
