2016-10-27 10:15:40.7479 INFO 正常 - 进入系统！
2016-10-27 10:15:40.8779 INFO 正常 - 设置开机启动成功！
2016-10-27 10:16:52.5530 INFO 正常 - 系统退出！
2016-10-27 10:22:21.0868 INFO 正常 - 进入系统！
2016-10-27 10:22:21.1738 INFO 正常 - 设置开机启动成功！
2016-10-27 10:25:46.9136 INFO 正常 - 未日审预警任务接口调用开始！
2016-10-27 10:25:49.5307 INFO 正常 - 邮件配置服务不启用！
2016-10-27 10:25:49.5337 INFO 正常 - 未日审预警任务接口调用结束！
2016-10-27 10:25:49.5337 INFO 正常 - 未日审预警任务接口调用耗时:626
2016-10-27 10:26:32.4862 INFO 正常 - 未日审预警任务接口调用开始！
2016-10-27 10:26:32.5002 INFO 正常 - 邮件配置服务不启用！
2016-10-27 10:26:32.5162 INFO 正常 - 未日审预警任务接口调用结束！
2016-10-27 10:26:32.5162 INFO 正常 - 未日审预警任务接口调用耗时:37
2016-10-27 10:27:12.5425 INFO 正常 - 未日审预警任务接口调用开始！
2016-10-27 10:27:12.5565 INFO 正常 - 邮件配置服务不启用！
2016-10-27 10:27:12.5565 INFO 正常 - 未日审预警任务接口调用结束！
2016-10-27 10:27:12.5905 INFO 正常 - 未日审预警任务接口调用耗时:50
2016-10-27 10:30:10.5497 INFO 正常 - 进入系统！
2016-10-27 10:30:10.6547 INFO 正常 - 设置开机启动成功！
2016-10-27 10:30:27.4336 INFO 正常 - 系统退出！
2016-10-27 10:31:19.9746 INFO 正常 - 系统退出！
2016-10-27 10:31:34.2604 INFO 正常 - 进入系统！
2016-10-27 10:31:34.3814 INFO 正常 - 设置开机启动成功！
2016-10-27 10:31:53.6566 INFO 正常 - 系统退出！
2016-10-27 10:32:38.2701 INFO 正常 - 进入系统！
2016-10-27 10:32:38.3861 INFO 正常 - 设置开机启动成功！
2016-10-27 10:32:46.4986 INFO 正常 - 系统退出！
2016-10-27 10:38:15.3734 INFO 正常 - 进入系统！
2016-10-27 10:38:15.4924 INFO 正常 - 设置开机启动成功！
2016-10-27 10:38:30.9473 INFO 正常 - job1接口调用开始！
2016-10-27 10:38:34.3615 INFO 错误 - job1接口调用失败！参数“address”不能是空字符串。
参数名: address
2016-10-27 10:38:34.3775 INFO 正常 - 错误邮件发送开始！
2016-10-27 10:38:36.1756 INFO 正常 - 错误邮件发送结束！
2016-10-27 10:39:06.5673 INFO 正常 - job1接口调用开始！
2016-10-27 10:39:06.9413 INFO 错误 - job1接口调用失败！参数“address”不能是空字符串。
参数名: address
2016-10-27 10:39:06.9413 INFO 正常 - 错误邮件发送开始！
2016-10-27 10:39:08.5874 INFO 正常 - 错误邮件发送结束！
2016-10-27 10:41:25.2732 INFO 正常 - job1接口调用开始！
2016-10-27 10:41:43.7033 INFO 错误 - job1接口调用失败！参数“address”不能是空字符串。
参数名: address
2016-10-27 10:41:43.7033 INFO 正常 - 错误邮件发送开始！
2016-10-27 10:41:47.9775 INFO 正常 - 错误邮件发送结束！
2016-10-27 10:43:12.8094 INFO 正常 - 进入系统！
2016-10-27 10:43:12.9504 INFO 正常 - 设置开机启动成功！
2016-10-27 10:43:47.3474 INFO 正常 - job1接口调用开始！
2016-10-27 10:43:51.1456 INFO 错误 - job1接口调用失败！参数“address”不能是空字符串。
参数名: address
2016-10-27 10:43:51.1606 INFO 正常 - 错误邮件发送开始！
2016-10-27 10:43:52.5957 INFO 正常 - 错误邮件发送结束！
2016-10-27 10:44:12.3038 INFO 正常 - 系统退出！
2016-10-27 10:44:36.3512 INFO 正常 - 进入系统！
2016-10-27 10:44:36.4872 INFO 正常 - 设置开机启动成功！
2016-10-27 10:44:53.3281 INFO 正常 - 系统退出！
2016-10-27 10:45:01.5636 INFO 正常 - 进入系统！
2016-10-27 10:45:01.7296 INFO 正常 - 设置开机启动成功！
2016-10-27 10:45:05.7809 INFO 错误 - 应用偏移量时表示的 UTC 时间必须介于 0 到 10000 年之间。
参数名: offset
2016-10-27 10:45:42.6870 INFO 正常 - 系统退出！
2016-10-27 10:45:53.5766 INFO 正常 - 进入系统！
2016-10-27 10:45:53.7096 INFO 正常 - 设置开机启动成功！
2016-10-27 10:46:22.0172 INFO 正常 - job1接口调用开始！
2016-10-27 10:46:25.4344 INFO 错误 - job1接口调用失败！参数“address”不能是空字符串。
参数名: address
2016-10-27 10:46:25.4344 INFO 正常 - 错误邮件发送开始！
2016-10-27 10:46:26.8895 INFO 正常 - 错误邮件发送结束！
2016-10-27 10:49:42.0367 INFO 正常 - job1接口调用开始！
2016-10-27 10:49:43.6568 INFO 正常 - 未日审邮件发送成功
2016-10-27 10:49:45.1678 INFO 正常 - 未日审邮件发送成功
2016-10-27 10:49:46.5979 INFO 正常 - 未日审邮件发送成功
2016-10-27 10:49:47.9830 INFO 正常 - 未日审邮件发送成功
2016-10-27 10:49:47.9860 INFO 正常 - job1接口调用结束！
2016-10-27 10:49:47.9860 INFO 正常 - job1接口调用耗时:955
2016-10-27 10:54:43.7609 INFO 正常 - 进入系统！
2016-10-27 10:54:43.8879 INFO 正常 - 设置开机启动成功！
2016-10-27 11:00:10.4293 INFO 正常 - 进入系统！
2016-10-27 11:00:21.0389 INFO 正常 - 设置开机启动成功！
2016-10-27 11:00:55.1949 INFO 正常 - job1接口调用开始！ 
2016-10-27 11:01:03.1613 INFO 正常 - 未日审邮件发送成功  2016-10-27 11:11:16.0174 INFO 错误 - 文件“D:\WorkFiles\AMS\Codes\WindowsService\trunk\DJS\DJS.WinApp\bin\Debug\Nlogs\2016-10-27.log”正由另一进程使用，因此该进程无法访问此文件。
2016-10-27 11:11:25.0219 INFO 错误 - 文件“D:\WorkFiles\AMS\Codes\WindowsService\trunk\DJS\DJS.WinApp\bin\Debug\Nlogs\2016-10-27.log”正由另一进程使用，因此该进程无法访问此文件。
2016-10-27 11:11:28.0341 INFO 错误 - 文件“D:\WorkFiles\AMS\Codes\WindowsService\trunk\DJS\DJS.WinApp\bin\Debug\Nlogs\2016-10-27.log”正由另一进程使用，因此该进程无法访问此文件。
2016-10-27 11:11:31.0582 INFO 错误 - 获取文件MD5错误:文件“D:\WorkFiles\AMS\Codes\WindowsService\trunk\DJS\DJS.WinApp\bin\Debug\Nlogs\2016-10-27.log”正由另一进程使用，因此该进程无法访问此文件。
2016-10-27 11:11:31.0783 INFO 错误 - 获取文件MD5错误:文件“D:\WorkFiles\AMS\Codes\WindowsService\trunk\DJS\DJS.WinApp\bin\Debug\Nlogs\2016-10-27.log”正由另一进程使用，因此该进程无法访问此文件。
2016-10-27 11:12:18.6220 INFO 正常 - job1接口调用开始！
2016-10-27 11:12:22.0362 INFO 错误 - job1接口调用失败！参数“address”不能是空字符串。
参数名: address
2016-10-27 11:12:22.0522 INFO 正常 - 错误邮件发送开始！ 
2016-10-27 11:30:21.8579 INFO 正常 - job1接口调用开始！
2016-10-27 11:30:26.6462 INFO 正常 - 未日审邮件发送成功
2016-10-27 11:30:28.3093 INFO 正常 - 未日审邮件发送成功
2016-10-27 11:30:29.8444 INFO 正常 - 未日审邮件发送成功
2016-10-27 11:30:31.6685 INFO 正常 - 未日审邮件发送成功
2016-10-27 11:30:31.6935 INFO 正常 - job1接口调用结束！
2016-10-27 11:30:31.6935 INFO 正常 - job1接口调用耗时:843
2016-10-27 11:30:51.3796 INFO 正常 - 进入系统！
2016-10-27 11:30:51.6436 INFO 正常 - 设置开机启动成功！
2016-10-27 11:31:05.7914 INFO 正常 - job1接口调用开始！
2016-10-27 11:31:09.2256 INFO 错误 - job1接口调用失败！参数“address”不能是空字符串。
参数名: address
2016-10-27 11:31:09.2296 INFO 正常 - 错误邮件发送开始！
2016-10-27 11:31:10.5487 INFO 正常 - 错误邮件发送结束！
2016-10-27 11:32:47.7393 INFO 正常 - 进入系统！
2016-10-27 11:32:47.9603 INFO 正常 - 设置开机启动成功！
2016-10-27 11:32:59.5079 INFO 正常 - job1接口调用开始！
2016-10-27 11:33:03.5682 INFO 错误 - job1接口调用失败！参数“address”不能是空字符串。
参数名: address
2016-10-27 11:33:03.5822 INFO 正常 - 错误邮件发送开始！
2016-10-27 11:33:04.9743 INFO 正常 - 错误邮件发送结束！
2016-10-27 11:33:20.5591 INFO 正常 - job1接口调用开始！
2016-10-27 11:33:22.1682 INFO 正常 - 未日审邮件发送成功
2016-10-27 11:33:23.6213 INFO 正常 - 未日审邮件发送成功
2016-10-27 11:33:25.0794 INFO 正常 - 未日审邮件发送成功
2016-10-27 11:33:26.8325 INFO 正常 - 未日审邮件发送成功
2016-10-27 11:33:26.8355 INFO 正常 - job1接口调用结束！
2016-10-27 11:33:26.8355 INFO 正常 - job1接口调用耗时:283
2016-10-27 12:04:46.6941 INFO 正常 - 系统退出！
