2016-10-28 08:54:16.1361 INFO 正常 - 进入系统！
2016-10-28 08:54:17.0001 INFO 正常 - 设置开机启动成功！
2016-10-28 08:54:29.0998 INFO 正常 - 系统退出！
2016-10-28 09:07:57.8941 INFO 正常 - 进入系统！
2016-10-28 09:07:58.0261 INFO 正常 - 设置开机启动成功！
2016-10-28 09:07:58.0261 INFO 正常 - 设置开机启动成功！
2016-10-28 09:07:58.0261 INFO 正常 - 设置开机启动成功！
2016-10-28 09:07:58.0261 INFO 正常 - 设置开机启动成功！
2016-10-28 09:07:58.0261 INFO 正常 - 设置开机启动成功！
2016-10-28 09:07:58.0261 INFO 正常 - 设置开机启动成功！
2016-10-28 09:07:58.0261 INFO 正常 - 设置开机启动成功！
2016-10-28 09:07:58.0261 INFO 正常 - 设置开机启动成功！
2016-10-28 09:07:58.0261 INFO 正常 - 设置开机启动成功！
2016-10-28 09:07:58.0261 INFO 正常 - 设置开机启动成功！
2016-10-28 09:07:58.0261 INFO 正常 - 设置开机启动成功！
2016-10-28 09:09:00.6837 INFO 正常 - job1接口调用开始！
2016-10-28 09:09:04.4319 INFO 错误 - job1接口调用失败！An error occurred while executing the command definition. See the inner exception for details.
2016-10-28 09:09:04.4609 INFO 正常 - 错误邮件发送开始！
2016-10-28 09:09:06.2130 INFO 正常 - 错误邮件发送结束！
2016-10-28 09:10:24.3694 INFO 正常 - 系统退出！
2016-10-28 09:26:37.4041 INFO 正常 - 进入系统！
2016-10-28 09:26:37.5071 INFO 正常 - 设置开机启动成功！
2016-10-28 09:28:05.4991 INFO 错误 - 未将对象引用设置到对象的实例。
2016-10-28 09:39:07.8840 INFO 正常 - 进入系统！
2016-10-28 09:39:08.1220 INFO 错误 - 文件“D:\WorkFiles\AMS\Codes\WindowsService\trunk\DJS\DJS.WinApp\bin\Debug\Nlogs\2016-10-28.log”正由另一进程使用，因此该进程无法访问此文件。
2016-10-28 09:39:08.1600 INFO 正常 - 设置开机启动成功！
2016-10-28 09:41:53.0255 INFO 正常 - 进入系统！
2016-10-28 09:41:53.1625 INFO 正常 - 设置开机启动成功！
2016-10-28 10:38:50.4497 INFO 正常 - 进入系统！
2016-10-28 10:38:50.6247 INFO 正常 - 设置开机启动成功！
2016-10-28 10:39:39.7285 INFO 正常 - 进入系统！
2016-10-28 10:39:39.8435 INFO 正常 - 设置开机启动成功！
2016-10-28 10:39:48.3390 INFO 正常 - 系统退出！
2016-10-28 10:42:06.3929 INFO 正常 - 进入系统！
2016-10-28 10:42:06.4909 INFO 正常 - 设置开机启动成功！
2016-10-28 11:00:18.6055 INFO 正常 - 进入系统！
2016-10-28 11:00:18.7205 INFO 正常 - 设置开机启动成功！
2016-10-28 11:15:31.3757 INFO 正常 - 进入系统！
2016-10-28 11:15:31.4707 INFO 正常 - 设置开机启动成功！
2016-10-28 11:16:59.8038 INFO 正常 - 进入系统！
2016-10-28 11:16:59.9158 INFO 正常 - 设置开机启动成功！
2016-10-28 11:18:44.9228 INFO 正常 - job1接口调用开始！
2016-10-28 11:18:48.0249 INFO 错误 - job1接口调用失败！An error occurred while executing the command definition. See the inner exception for details.
2016-10-28 11:18:48.0439 INFO 正常 - 错误邮件发送开始！
2016-10-28 11:18:49.4230 INFO 正常 - 错误邮件发送结束！
2016-10-28 11:20:57.0873 INFO 正常 - 进入系统！
2016-10-28 11:20:57.1833 INFO 正常 - 设置开机启动成功！
2016-10-28 11:21:09.6200 INFO 错误 - 文件“D:\WorkFiles\AMS\Codes\WindowsService\trunk\DJS\DJS.WinApp\bin\Debug\Nlogs\2016-10-28.log”正由另一进程使用，因此该进程无法访问此文件。
2016-10-28 11:21:15.6324 INFO 错误 - 文件“D:\WorkFiles\AMS\Codes\WindowsService\trunk\DJS\DJS.WinApp\bin\Debug\Nlogs\2016-10-28.log”正由另一进程使用，因此该进程无法访问此文件。
2016-10-28 11:21:18.6496 INFO 错误 - 文件“D:\WorkFiles\AMS\Codes\WindowsService\trunk\DJS\DJS.WinApp\bin\Debug\Nlogs\2016-10-28.log”正由另一进程使用，因此该进程无法访问此文件。
2016-10-28 11:21:21.6627 INFO 错误 - 文件“D:\WorkFiles\AMS\Codes\WindowsService\trunk\DJS\DJS.WinApp\bin\Debug\Nlogs\2016-10-28.log”正由另一进程使用，因此该进程无法访问此文件。
2016-10-28 11:21:24.6829 INFO 错误 - 文件“D:\WorkFiles\AMS\Codes\WindowsService\trunk\DJS\DJS.WinApp\bin\Debug\Nlogs\2016-10-28.log”正由另一进程使用，因此该进程无法访问此文件。
2016-10-28 11:21:27.6831 INFO 错误 - 文件“D:\WorkFiles\AMS\Codes\WindowsService\trunk\DJS\DJS.WinApp\bin\Debug\Nlogs\2016-10-28.log”正由另一进程使用，因此该进程无法访问此文件。
2016-10-28 11:21:30.7173 INFO 错误 - 文件“D:\WorkFiles\AMS\Codes\WindowsService\trunk\DJS\DJS.WinApp\bin\Debug\Nlogs\2016-10-28.log”正由另一进程使用，因此该进程无法访问此文件。
2016-10-28 11:22:24.3823 INFO 正常 - 进入系统！
2016-10-28 11:22:24.4843 INFO 正常 - 设置开机启动成功！
2016-10-28 11:22:46.9626 INFO 正常 - job1接口调用开始！
2016-10-28 11:22:50.1178 INFO 错误 - job1接口调用失败！An error occurred while executing the command definition. See the inner exception for details.
2016-10-28 11:22:50.1338 INFO 正常 - 错误邮件发送开始！
2016-10-28 11:22:51.3309 INFO 正常 - 错误邮件发送结束！
2016-10-28 11:23:04.1436 INFO 正常 - 系统退出！
2016-10-28 11:23:53.3344 INFO 正常 - 进入系统！
2016-10-28 11:23:53.4264 INFO 正常 - 设置开机启动成功！
2016-10-28 11:25:37.4554 INFO 正常 - 进入系统！
2016-10-28 11:25:37.5514 INFO 正常 - 设置开机启动成功！
2016-10-28 11:26:20.0448 INFO 正常 - job1接口调用开始！
2016-10-28 11:26:23.2640 INFO 错误 - job1接口调用失败！An error occurred while executing the command definition. See the inner exception for details.
2016-10-28 11:26:23.2690 INFO 正常 - 错误邮件发送开始！
2016-10-28 11:26:24.7931 INFO 正常 - 错误邮件发送结束！
2016-10-28 11:27:31.1569 INFO 正常 - job1接口调用开始！
2016-10-28 11:27:31.3839 INFO 错误 - job1接口调用失败！An error occurred while executing the command definition. See the inner exception for details.
2016-10-28 11:27:31.3839 INFO 正常 - 错误邮件发送开始！
2016-10-28 11:27:32.7970 INFO 正常 - 错误邮件发送结束！
2016-10-28 11:27:32.8160 INFO 错误 - 文件“D:\WorkFiles\AMS\Codes\WindowsService\trunk\DJS\DJS.WinApp\bin\Debug\Nlogs\2016-10-28.log”正由另一进程使用，因此该进程无法访问此文件。
2016-10-28 11:28:20.0177 INFO 正常 - job1接口调用开始！
2016-10-28 11:28:20.2797 INFO 错误 - job1接口调用失败！An error occurred while executing the command definition. See the inner exception for details.
2016-10-28 11:28:20.2797 INFO 正常 - 错误邮件发送开始！
2016-10-28 11:28:21.7778 INFO 正常 - 错误邮件发送结束！
2016-10-28 11:29:52.3549 INFO 正常 - job1接口调用开始！
2016-10-28 11:29:52.6060 INFO 错误 - job1接口调用失败！An error occurred while executing the command definition. See the inner exception for details.
2016-10-28 11:29:52.6440 INFO 正常 - 错误邮件发送开始！
2016-10-28 11:29:54.0410 INFO 正常 - 错误邮件发送结束！
2016-10-28 11:33:25.3671 INFO 正常 - 进入系统！
2016-10-28 11:33:25.4701 INFO 正常 - 设置开机启动成功！
2016-10-28 11:34:29.6168 INFO 正常 - job1接口调用开始！
2016-10-28 11:34:32.7850 INFO 错误 - job1接口调用失败！An error occurred while executing the command definition. See the inner exception for details.
2016-10-28 11:34:32.8020 INFO 错误 - 文件“D:\WorkFiles\AMS\Codes\WindowsService\trunk\DJS\DJS.WinApp\bin\Debug\Nlogs\2016-10-28.log”正由另一进程使用，因此该进程无法访问此文件。
2016-10-28 11:34:32.8210 INFO 正常 - 错误邮件发送开始！
2016-10-28 11:34:34.0501 INFO 正常 - 错误邮件发送结束！
2016-10-28 11:37:33.0423 INFO 正常 - job1接口调用开始！
2016-10-28 11:37:33.2793 INFO 错误 - job1接口调用失败！An error occurred while executing the command definition. See the inner exception for details.
2016-10-28 11:37:33.2793 INFO 正常 - 错误邮件发送开始！
2016-10-28 11:37:34.5494 INFO 正常 - 错误邮件发送结束！
2016-10-28 11:37:54.2065 INFO 正常 - 系统退出！
2016-10-28 11:45:59.7153 INFO 正常 - 进入系统！
2016-10-28 11:45:59.8303 INFO 正常 - 设置开机启动成功！
2016-10-28 13:12:24.4449 INFO 正常 - 进入系统！
2016-10-28 13:12:24.5709 INFO 正常 - 设置开机启动成功！
2016-10-28 13:13:20.0551 INFO 正常 - job1接口调用开始！
2016-10-28 13:16:38.7794 INFO 正常 - 进入系统！
2016-10-28 13:16:38.8884 INFO 正常 - 设置开机启动成功！
2016-10-28 13:17:04.9829 INFO 正常 - 进入系统！
2016-10-28 13:17:05.0989 INFO 正常 - 设置开机启动成功！
2016-10-28 13:17:29.3163 INFO 正常 - 进入系统！
2016-10-28 13:17:29.4843 INFO 正常 - 设置开机启动成功！
2016-10-28 13:17:51.4446 INFO 正常 - 进入系统！
2016-10-28 13:17:51.5716 INFO 正常 - 设置开机启动成功！
2016-10-28 13:37:39.6806 INFO 正常 - 进入系统！
2016-10-28 13:37:39.8326 INFO 正常 - 设置开机启动成功！
2016-10-28 13:38:19.0938 INFO 正常 - 进入系统！
2016-10-28 13:38:19.2288 INFO 正常 - 设置开机启动成功！
2016-10-28 13:39:37.5093 INFO 正常 - 进入系统！
2016-10-28 13:39:37.6933 INFO 正常 - 设置开机启动成功！
2016-10-28 13:40:22.4819 INFO 正常 - 进入系统！
2016-10-28 13:40:22.6449 INFO 正常 - 设置开机启动成功！
2016-10-28 13:43:13.3176 INFO 正常 - 进入系统！
2016-10-28 13:43:13.4586 INFO 正常 - 设置开机启动成功！
2016-10-28 13:44:20.8735 INFO 正常 - 进入系统！
2016-10-28 13:44:21.0055 INFO 正常 - 设置开机启动成功！
2016-10-28 13:45:18.4528 INFO 正常 - 进入系统！
2016-10-28 13:45:18.6118 INFO 正常 - 设置开机启动成功！
2016-10-28 13:47:38.0888 INFO 正常 - 进入系统！
2016-10-28 13:47:38.2318 INFO 正常 - 设置开机启动成功！
2016-10-28 13:50:08.3454 INFO 正常 - 进入系统！
2016-10-28 13:50:08.4754 INFO 正常 - 设置开机启动成功！
2016-10-28 13:52:46.0354 INFO 错误 - 系统找不到指定的文件。 (异常来自 HRESULT:0x80070002)
2016-10-28 13:52:46.0924 INFO 错误 - 文件“D:\WorkFiles\AMS\Codes\WindowsService\trunk\DJS\DJS.WinApp\bin\Debug\Nlogs\2016-10-28.log”正由另一进程使用，因此该进程无法访问此文件。
2016-10-28 13:58:17.2364 INFO 正常 - 进入系统！
2016-10-28 13:58:17.3874 INFO 正常 - 设置开机启动成功！
2016-10-28 14:00:06.7966 INFO 正常 - 系统退出！
2016-10-28 14:25:55.0182 INFO 正常 - 进入系统！
2016-10-28 14:25:55.1472 INFO 正常 - 设置开机启动成功！
2016-10-28 14:27:34.3049 INFO 正常 - 进入系统！
2016-10-28 14:27:34.4489 INFO 正常 - 设置开机启动成功！
2016-10-28 14:27:58.6703 INFO 正常 - 系统退出！
