2017-06-13 15:07:34.8241 INFO 正常 - 进入系统！
2017-06-13 15:07:34.9421 INFO 错误 - 不允许所请求的注册表访问权。
2017-06-13 15:07:58.9065 INFO 错误 - 文件“D:\WorkFile\WindowsService\Codes\trunk\DJS\DJS.WinApp\bin\Debug\Nlogs\2017-06-13.log”正由另一进程使用，因此该进程无法访问此文件。
2017-06-13 15:08:01.9054 INFO 错误 - 文件“D:\WorkFile\WindowsService\Codes\trunk\DJS\DJS.WinApp\bin\Debug\Nlogs\2017-06-13.log”正由另一进程使用，因此该进程无法访问此文件。
2017-06-13 15:08:04.9191 INFO 错误 - 文件“D:\WorkFile\WindowsService\Codes\trunk\DJS\DJS.WinApp\bin\Debug\Nlogs\2017-06-13.log”正由另一进程使用，因此该进程无法访问此文件。
2017-06-13 15:08:07.9213 INFO 错误 - 文件“D:\WorkFile\WindowsService\Codes\trunk\DJS\DJS.WinApp\bin\Debug\Nlogs\2017-06-13.log”正由另一进程使用，因此该进程无法访问此文件。
2017-06-13 15:08:10.9212 INFO 错误 - 文件“D:\WorkFile\WindowsService\Codes\trunk\DJS\DJS.WinApp\bin\Debug\Nlogs\2017-06-13.log”正由另一进程使用，因此该进程无法访问此文件。
2017-06-13 15:08:13.9368 INFO 错误 - 文件“D:\WorkFile\WindowsService\Codes\trunk\DJS\DJS.WinApp\bin\Debug\Nlogs\2017-06-13.log”正由另一进程使用，因此该进程无法访问此文件。
2017-06-13 15:08:16.9378 INFO 错误 - 文件“D:\WorkFile\WindowsService\Codes\trunk\DJS\DJS.WinApp\bin\Debug\Nlogs\2017-06-13.log”正由另一进程使用，因此该进程无法访问此文件。
2017-06-13 15:08:19.9528 INFO 错误 - 文件“D:\WorkFile\WindowsService\Codes\trunk\DJS\DJS.WinApp\bin\Debug\Nlogs\2017-06-13.log”正由另一进程使用，因此该进程无法访问此文件。
2017-06-13 15:08:22.9548 INFO 错误 - 文件“D:\WorkFile\WindowsService\Codes\trunk\DJS\DJS.WinApp\bin\Debug\Nlogs\2017-06-13.log”正由另一进程使用，因此该进程无法访问此文件。
2017-06-13 15:08:25.9690 INFO 错误 - 文件“D:\WorkFile\WindowsService\Codes\trunk\DJS\DJS.WinApp\bin\Debug\Nlogs\2017-06-13.log”正由另一进程使用，因此该进程无法访问此文件。
2017-06-13 15:08:28.9829 INFO 错误 - 文件“D:\WorkFile\WindowsService\Codes\trunk\DJS\DJS.WinApp\bin\Debug\Nlogs\2017-06-13.log”正由另一进程使用，因此该进程无法访问此文件。
2017-06-13 15:08:31.9833 INFO 错误 - 文件“D:\WorkFile\WindowsService\Codes\trunk\DJS\DJS.WinApp\bin\Debug\Nlogs\2017-06-13.log”正由另一进程使用，因此该进程无法访问此文件。
2017-06-13 15:08:34.9831 INFO 错误 - 文件“D:\WorkFile\WindowsService\Codes\trunk\DJS\DJS.WinApp\bin\Debug\Nlogs\2017-06-13.log”正由另一进程使用，因此该进程无法访问此文件。
2017-06-13 15:08:37.9985 INFO 错误 - 文件“D:\WorkFile\WindowsService\Codes\trunk\DJS\DJS.WinApp\bin\Debug\Nlogs\2017-06-13.log”正由另一进程使用，因此该进程无法访问此文件。
2017-06-13 15:08:40.9975 INFO 错误 - 文件“D:\WorkFile\WindowsService\Codes\trunk\DJS\DJS.WinApp\bin\Debug\Nlogs\2017-06-13.log”正由另一进程使用，因此该进程无法访问此文件。
2017-06-13 15:08:43.9986 INFO 错误 - 文件“D:\WorkFile\WindowsService\Codes\trunk\DJS\DJS.WinApp\bin\Debug\Nlogs\2017-06-13.log”正由另一进程使用，因此该进程无法访问此文件。
2017-06-13 15:08:47.0146 INFO 错误 - 文件“D:\WorkFile\WindowsService\Codes\trunk\DJS\DJS.WinApp\bin\Debug\Nlogs\2017-06-13.log”正由另一进程使用，因此该进程无法访问此文件。
2017-06-13 15:08:50.0288 INFO 错误 - 文件“D:\WorkFile\WindowsService\Codes\trunk\DJS\DJS.WinApp\bin\Debug\Nlogs\2017-06-13.log”正由另一进程使用，因此该进程无法访问此文件。
2017-06-13 15:08:56.0330 INFO 错误 - 文件“D:\WorkFile\WindowsService\Codes\trunk\DJS\DJS.WinApp\bin\Debug\Nlogs\2017-06-13.log”正由另一进程使用，因此该进程无法访问此文件。
2017-06-13 15:08:59.0326 INFO 错误 - 文件“D:\WorkFile\WindowsService\Codes\trunk\DJS\DJS.WinApp\bin\Debug\Nlogs\2017-06-13.log”正由另一进程使用，因此该进程无法访问此文件。
2017-06-13 15:09:02.0457 INFO 错误 - 文件“D:\WorkFile\WindowsService\Codes\trunk\DJS\DJS.WinApp\bin\Debug\Nlogs\2017-06-13.log”正由另一进程使用，因此该进程无法访问此文件。
2017-06-13 15:09:05.0467 INFO 错误 - 文件“D:\WorkFile\WindowsService\Codes\trunk\DJS\DJS.WinApp\bin\Debug\Nlogs\2017-06-13.log”正由另一进程使用，因此该进程无法访问此文件。
2017-06-13 15:09:11.0765 INFO 错误 - 文件“D:\WorkFile\WindowsService\Codes\trunk\DJS\DJS.WinApp\bin\Debug\Nlogs\2017-06-13.log”正由另一进程使用，因此该进程无法访问此文件。
2017-06-13 15:09:14.0781 INFO 错误 - 文件“D:\WorkFile\WindowsService\Codes\trunk\DJS\DJS.WinApp\bin\Debug\Nlogs\2017-06-13.log”正由另一进程使用，因此该进程无法访问此文件。
2017-06-13 15:09:17.0787 INFO 错误 - 文件“D:\WorkFile\WindowsService\Codes\trunk\DJS\DJS.WinApp\bin\Debug\Nlogs\2017-06-13.log”正由另一进程使用，因此该进程无法访问此文件。
2017-06-13 15:09:20.0782 INFO 错误 - 文件“D:\WorkFile\WindowsService\Codes\trunk\DJS\DJS.WinApp\bin\Debug\Nlogs\2017-06-13.log”正由另一进程使用，因此该进程无法访问此文件。
2017-06-13 15:09:23.0806 INFO 错误 - 文件“D:\WorkFile\WindowsService\Codes\trunk\DJS\DJS.WinApp\bin\Debug\Nlogs\2017-06-13.log”正由另一进程使用，因此该进程无法访问此文件。
2017-06-13 15:09:26.0783 INFO 错误 - 文件“D:\WorkFile\WindowsService\Codes\trunk\DJS\DJS.WinApp\bin\Debug\Nlogs\2017-06-13.log”正由另一进程使用，因此该进程无法访问此文件。
2017-06-13 15:09:29.0913 INFO 错误 - 文件“D:\WorkFile\WindowsService\Codes\trunk\DJS\DJS.WinApp\bin\Debug\Nlogs\2017-06-13.log”正由另一进程使用，因此该进程无法访问此文件。
2017-06-13 15:09:32.1080 INFO 错误 - 文件“D:\WorkFile\WindowsService\Codes\trunk\DJS\DJS.WinApp\bin\Debug\Nlogs\2017-06-13.log”正由另一进程使用，因此该进程无法访问此文件。
2017-06-13 15:09:35.1106 INFO 错误 - 文件“D:\WorkFile\WindowsService\Codes\trunk\DJS\DJS.WinApp\bin\Debug\Nlogs\2017-06-13.log”正由另一进程使用，因此该进程无法访问此文件。
2017-06-13 15:09:38.1098 INFO 错误 - 文件“D:\WorkFile\WindowsService\Codes\trunk\DJS\DJS.WinApp\bin\Debug\Nlogs\2017-06-13.log”正由另一进程使用，因此该进程无法访问此文件。
2017-06-13 15:09:41.1112 INFO 错误 - 文件“D:\WorkFile\WindowsService\Codes\trunk\DJS\DJS.WinApp\bin\Debug\Nlogs\2017-06-13.log”正由另一进程使用，因此该进程无法访问此文件。
2017-06-13 15:09:44.1244 INFO 错误 - 文件“D:\WorkFile\WindowsService\Codes\trunk\DJS\DJS.WinApp\bin\Debug\Nlogs\2017-06-13.log”正由另一进程使用，因此该进程无法访问此文件。
2017-06-13 15:09:47.1237 INFO 错误 - 文件“D:\WorkFile\WindowsService\Codes\trunk\DJS\DJS.WinApp\bin\Debug\Nlogs\2017-06-13.log”正由另一进程使用，因此该进程无法访问此文件。
2017-06-13 15:09:50.1379 INFO 错误 - 文件“D:\WorkFile\WindowsService\Codes\trunk\DJS\DJS.WinApp\bin\Debug\Nlogs\2017-06-13.log”正由另一进程使用，因此该进程无法访问此文件。
2017-06-13 15:09:53.1402 INFO 错误 - 文件“D:\WorkFile\WindowsService\Codes\trunk\DJS\DJS.WinApp\bin\Debug\Nlogs\2017-06-13.log”正由另一进程使用，因此该进程无法访问此文件。
2017-06-13 15:09:56.1400 INFO 错误 - 文件“D:\WorkFile\WindowsService\Codes\trunk\DJS\DJS.WinApp\bin\Debug\Nlogs\2017-06-13.log”正由另一进程使用，因此该进程无法访问此文件。
2017-06-13 15:10:02.1542 INFO 错误 - 文件“D:\WorkFile\WindowsService\Codes\trunk\DJS\DJS.WinApp\bin\Debug\Nlogs\2017-06-13.log”正由另一进程使用，因此该进程无法访问此文件。
2017-06-13 15:10:05.1555 INFO 错误 - 文件“D:\WorkFile\WindowsService\Codes\trunk\DJS\DJS.WinApp\bin\Debug\Nlogs\2017-06-13.log”正由另一进程使用，因此该进程无法访问此文件。
2017-06-13 15:10:08.1569 INFO 错误 - 文件“D:\WorkFile\WindowsService\Codes\trunk\DJS\DJS.WinApp\bin\Debug\Nlogs\2017-06-13.log”正由另一进程使用，因此该进程无法访问此文件。
2017-06-13 15:10:11.1571 INFO 错误 - 文件“D:\WorkFile\WindowsService\Codes\trunk\DJS\DJS.WinApp\bin\Debug\Nlogs\2017-06-13.log”正由另一进程使用，因此该进程无法访问此文件。
2017-06-13 15:10:14.1697 INFO 错误 - 文件“D:\WorkFile\WindowsService\Codes\trunk\DJS\DJS.WinApp\bin\Debug\Nlogs\2017-06-13.log”正由另一进程使用，因此该进程无法访问此文件。
2017-06-13 15:10:17.1728 INFO 错误 - 文件“D:\WorkFile\WindowsService\Codes\trunk\DJS\DJS.WinApp\bin\Debug\Nlogs\2017-06-13.log”正由另一进程使用，因此该进程无法访问此文件。
2017-06-13 15:10:20.1702 INFO 错误 - 文件“D:\WorkFile\WindowsService\Codes\trunk\DJS\DJS.WinApp\bin\Debug\Nlogs\2017-06-13.log”正由另一进程使用，因此该进程无法访问此文件。
2017-06-13 15:10:23.1723 INFO 错误 - 文件“D:\WorkFile\WindowsService\Codes\trunk\DJS\DJS.WinApp\bin\Debug\Nlogs\2017-06-13.log”正由另一进程使用，因此该进程无法访问此文件。
2017-06-13 15:10:26.1708 INFO 错误 - 文件“D:\WorkFile\WindowsService\Codes\trunk\DJS\DJS.WinApp\bin\Debug\Nlogs\2017-06-13.log”正由另一进程使用，因此该进程无法访问此文件。
2017-06-13 15:10:32.1877 INFO 错误 - 获取文件MD5错误:文件“D:\WorkFile\WindowsService\Codes\trunk\DJS\DJS.WinApp\bin\Debug\Nlogs\2017-06-13.log”正由另一进程使用，因此该进程无法访问此文件。
2017-06-13 15:10:35.1871 INFO 错误 - 文件“D:\WorkFile\WindowsService\Codes\trunk\DJS\DJS.WinApp\bin\Debug\Nlogs\2017-06-13.log”正由另一进程使用，因此该进程无法访问此文件。
2017-06-13 15:10:38.1922 INFO 错误 - 文件“D:\WorkFile\WindowsService\Codes\trunk\DJS\DJS.WinApp\bin\Debug\Nlogs\2017-06-13.log”正由另一进程使用，因此该进程无法访问此文件。
2017-06-13 15:10:41.1886 INFO 错误 - 文件“D:\WorkFile\WindowsService\Codes\trunk\DJS\DJS.WinApp\bin\Debug\Nlogs\2017-06-13.log”正由另一进程使用，因此该进程无法访问此文件。
2017-06-13 15:10:47.2044 INFO 错误 - 文件“D:\WorkFile\WindowsService\Codes\trunk\DJS\DJS.WinApp\bin\Debug\Nlogs\2017-06-13.log”正由另一进程使用，因此该进程无法访问此文件。
2017-06-13 15:10:50.2215 INFO 错误 - 文件“D:\WorkFile\WindowsService\Codes\trunk\DJS\DJS.WinApp\bin\Debug\Nlogs\2017-06-13.log”正由另一进程使用，因此该进程无法访问此文件。
2017-06-13 15:10:53.2332 INFO 错误 - 文件“D:\WorkFile\WindowsService\Codes\trunk\DJS\DJS.WinApp\bin\Debug\Nlogs\2017-06-13.log”正由另一进程使用，因此该进程无法访问此文件。
2017-06-13 15:10:56.2317 INFO 错误 - 文件“D:\WorkFile\WindowsService\Codes\trunk\DJS\DJS.WinApp\bin\Debug\Nlogs\2017-06-13.log”正由另一进程使用，因此该进程无法访问此文件。
2017-06-13 15:10:59.2387 INFO 错误 - 文件“D:\WorkFile\WindowsService\Codes\trunk\DJS\DJS.WinApp\bin\Debug\Nlogs\2017-06-13.log”正由另一进程使用，因此该进程无法访问此文件。
2017-06-13 15:11:02.2393 INFO 错误 - 文件“D:\WorkFile\WindowsService\Codes\trunk\DJS\DJS.WinApp\bin\Debug\Nlogs\2017-06-13.log”正由另一进程使用，因此该进程无法访问此文件。
2017-06-13 15:11:05.2516 INFO 错误 - 文件“D:\WorkFile\WindowsService\Codes\trunk\DJS\DJS.WinApp\bin\Debug\Nlogs\2017-06-13.log”正由另一进程使用，因此该进程无法访问此文件。
2017-06-13 15:11:08.2518 INFO 错误 - 文件“D:\WorkFile\WindowsService\Codes\trunk\DJS\DJS.WinApp\bin\Debug\Nlogs\2017-06-13.log”正由另一进程使用，因此该进程无法访问此文件。
2017-06-13 15:11:11.2493 INFO 错误 - 文件“D:\WorkFile\WindowsService\Codes\trunk\DJS\DJS.WinApp\bin\Debug\Nlogs\2017-06-13.log”正由另一进程使用，因此该进程无法访问此文件。
2017-06-13 15:11:14.2516 INFO 错误 - 文件“D:\WorkFile\WindowsService\Codes\trunk\DJS\DJS.WinApp\bin\Debug\Nlogs\2017-06-13.log”正由另一进程使用，因此该进程无法访问此文件。
2017-06-13 15:11:17.2531 INFO 错误 - 文件“D:\WorkFile\WindowsService\Codes\trunk\DJS\DJS.WinApp\bin\Debug\Nlogs\2017-06-13.log”正由另一进程使用，因此该进程无法访问此文件。
2017-06-13 15:11:20.2693 INFO 错误 - 文件“D:\WorkFile\WindowsService\Codes\trunk\DJS\DJS.WinApp\bin\Debug\Nlogs\2017-06-13.log”正由另一进程使用，因此该进程无法访问此文件。
2017-06-13 15:11:23.2822 INFO 错误 - 文件“D:\WorkFile\WindowsService\Codes\trunk\DJS\DJS.WinApp\bin\Debug\Nlogs\2017-06-13.log”正由另一进程使用，因此该进程无法访问此文件。
2017-06-13 15:11:26.2847 INFO 错误 - 文件“D:\WorkFile\WindowsService\Codes\trunk\DJS\DJS.WinApp\bin\Debug\Nlogs\2017-06-13.log”正由另一进程使用，因此该进程无法访问此文件。
2017-06-13 15:11:29.2973 INFO 错误 - 文件“D:\WorkFile\WindowsService\Codes\trunk\DJS\DJS.WinApp\bin\Debug\Nlogs\2017-06-13.log”正由另一进程使用，因此该进程无法访问此文件。
2017-06-13 15:11:32.3019 INFO 错误 - 文件“D:\WorkFile\WindowsService\Codes\trunk\DJS\DJS.WinApp\bin\Debug\Nlogs\2017-06-13.log”正由另一进程使用，因此该进程无法访问此文件。
2017-06-13 15:11:35.3155 INFO 错误 - 文件“D:\WorkFile\WindowsService\Codes\trunk\DJS\DJS.WinApp\bin\Debug\Nlogs\2017-06-13.log”正由另一进程使用，因此该进程无法访问此文件。
2017-06-13 15:11:38.3114 INFO 错误 - 文件“D:\WorkFile\WindowsService\Codes\trunk\DJS\DJS.WinApp\bin\Debug\Nlogs\2017-06-13.log”正由另一进程使用，因此该进程无法访问此文件。
2017-06-13 15:11:41.3270 INFO 错误 - 文件“D:\WorkFile\WindowsService\Codes\trunk\DJS\DJS.WinApp\bin\Debug\Nlogs\2017-06-13.log”正由另一进程使用，因此该进程无法访问此文件。
2017-06-13 15:11:44.3321 INFO 错误 - 文件“D:\WorkFile\WindowsService\Codes\trunk\DJS\DJS.WinApp\bin\Debug\Nlogs\2017-06-13.log”正由另一进程使用，因此该进程无法访问此文件。
2017-06-13 15:11:47.3283 INFO 错误 - 文件“D:\WorkFile\WindowsService\Codes\trunk\DJS\DJS.WinApp\bin\Debug\Nlogs\2017-06-13.log”正由另一进程使用，因此该进程无法访问此文件。
2017-06-13 15:11:50.3294 INFO 错误 - 文件“D:\WorkFile\WindowsService\Codes\trunk\DJS\DJS.WinApp\bin\Debug\Nlogs\2017-06-13.log”正由另一进程使用，因此该进程无法访问此文件。
2017-06-13 15:11:53.3310 INFO 错误 - 文件“D:\WorkFile\WindowsService\Codes\trunk\DJS\DJS.WinApp\bin\Debug\Nlogs\2017-06-13.log”正由另一进程使用，因此该进程无法访问此文件。
2017-06-13 15:11:56.3520 INFO 错误 - 文件“D:\WorkFile\WindowsService\Codes\trunk\DJS\DJS.WinApp\bin\Debug\Nlogs\2017-06-13.log”正由另一进程使用，因此该进程无法访问此文件。
2017-06-13 15:11:59.3585 INFO 错误 - 获取文件MD5错误:文件“D:\WorkFile\WindowsService\Codes\trunk\DJS\DJS.WinApp\bin\Debug\Nlogs\2017-06-13.log”正由另一进程使用，因此该进程无法访问此文件。
2017-06-13 15:11:59.3585 INFO 错误 - 文件“D:\WorkFile\WindowsService\Codes\trunk\DJS\DJS.WinApp\bin\Debug\Nlogs\2017-06-13.log”正由另一进程使用，因此该进程无法访问此文件。
2017-06-13 15:12:02.3585 INFO 错误 - 文件“D:\WorkFile\WindowsService\Codes\trunk\DJS\DJS.WinApp\bin\Debug\Nlogs\2017-06-13.log”正由另一进程使用，因此该进程无法访问此文件。
2017-06-13 15:12:05.3606 INFO 错误 - 文件“D:\WorkFile\WindowsService\Codes\trunk\DJS\DJS.WinApp\bin\Debug\Nlogs\2017-06-13.log”正由另一进程使用，因此该进程无法访问此文件。
2017-06-13 15:12:08.3621 INFO 错误 - 获取文件MD5错误:文件“D:\WorkFile\WindowsService\Codes\trunk\DJS\DJS.WinApp\bin\Debug\Nlogs\2017-06-13.log”正由另一进程使用，因此该进程无法访问此文件。
2017-06-13 15:12:11.3648 INFO 错误 - 文件“D:\WorkFile\WindowsService\Codes\trunk\DJS\DJS.WinApp\bin\Debug\Nlogs\2017-06-13.log”正由另一进程使用，因此该进程无法访问此文件。
2017-06-13 15:12:14.3782 INFO 错误 - 文件“D:\WorkFile\WindowsService\Codes\trunk\DJS\DJS.WinApp\bin\Debug\Nlogs\2017-06-13.log”正由另一进程使用，因此该进程无法访问此文件。
2017-06-13 15:12:17.3787 INFO 错误 - 文件“D:\WorkFile\WindowsService\Codes\trunk\DJS\DJS.WinApp\bin\Debug\Nlogs\2017-06-13.log”正由另一进程使用，因此该进程无法访问此文件。
2017-06-13 15:12:20.3752 INFO 错误 - 文件“D:\WorkFile\WindowsService\Codes\trunk\DJS\DJS.WinApp\bin\Debug\Nlogs\2017-06-13.log”正由另一进程使用，因此该进程无法访问此文件。
2017-06-13 15:12:23.3920 INFO 错误 - 文件“D:\WorkFile\WindowsService\Codes\trunk\DJS\DJS.WinApp\bin\Debug\Nlogs\2017-06-13.log”正由另一进程使用，因此该进程无法访问此文件。
2017-06-13 15:12:26.3931 INFO 错误 - 文件“D:\WorkFile\WindowsService\Codes\trunk\DJS\DJS.WinApp\bin\Debug\Nlogs\2017-06-13.log”正由另一进程使用，因此该进程无法访问此文件。
2017-06-13 15:12:29.4094 INFO 错误 - 文件“D:\WorkFile\WindowsService\Codes\trunk\DJS\DJS.WinApp\bin\Debug\Nlogs\2017-06-13.log”正由另一进程使用，因此该进程无法访问此文件。
2017-06-13 15:12:32.4112 INFO 错误 - 文件“D:\WorkFile\WindowsService\Codes\trunk\DJS\DJS.WinApp\bin\Debug\Nlogs\2017-06-13.log”正由另一进程使用，因此该进程无法访问此文件。
2017-06-13 15:12:35.4142 INFO 错误 - 文件“D:\WorkFile\WindowsService\Codes\trunk\DJS\DJS.WinApp\bin\Debug\Nlogs\2017-06-13.log”正由另一进程使用，因此该进程无法访问此文件。
2017-06-13 15:12:38.4235 INFO 错误 - 文件“D:\WorkFile\WindowsService\Codes\trunk\DJS\DJS.WinApp\bin\Debug\Nlogs\2017-06-13.log”正由另一进程使用，因此该进程无法访问此文件。
2017-06-13 15:12:41.4213 INFO 错误 - 文件“D:\WorkFile\WindowsService\Codes\trunk\DJS\DJS.WinApp\bin\Debug\Nlogs\2017-06-13.log”正由另一进程使用，因此该进程无法访问此文件。
2017-06-13 15:12:44.4233 INFO 错误 - 文件“D:\WorkFile\WindowsService\Codes\trunk\DJS\DJS.WinApp\bin\Debug\Nlogs\2017-06-13.log”正由另一进程使用，因此该进程无法访问此文件。
2017-06-13 15:12:47.4230 INFO 错误 - 文件“D:\WorkFile\WindowsService\Codes\trunk\DJS\DJS.WinApp\bin\Debug\Nlogs\2017-06-13.log”正由另一进程使用，因此该进程无法访问此文件。
2017-06-13 15:12:50.4433 INFO 错误 - 文件“D:\WorkFile\WindowsService\Codes\trunk\DJS\DJS.WinApp\bin\Debug\Nlogs\2017-06-13.log”正由另一进程使用，因此该进程无法访问此文件。
2017-06-13 15:12:53.4530 INFO 错误 - 文件“D:\WorkFile\WindowsService\Codes\trunk\DJS\DJS.WinApp\bin\Debug\Nlogs\2017-06-13.log”正由另一进程使用，因此该进程无法访问此文件。
2017-06-13 15:12:56.4539 INFO 错误 - 文件“D:\WorkFile\WindowsService\Codes\trunk\DJS\DJS.WinApp\bin\Debug\Nlogs\2017-06-13.log”正由另一进程使用，因此该进程无法访问此文件。
2017-06-13 15:12:59.4547 INFO 错误 - 文件“D:\WorkFile\WindowsService\Codes\trunk\DJS\DJS.WinApp\bin\Debug\Nlogs\2017-06-13.log”正由另一进程使用，因此该进程无法访问此文件。
2017-06-13 15:13:02.4684 INFO 错误 - 文件“D:\WorkFile\WindowsService\Codes\trunk\DJS\DJS.WinApp\bin\Debug\Nlogs\2017-06-13.log”正由另一进程使用，因此该进程无法访问此文件。
2017-06-13 15:13:05.4888 INFO 错误 - 文件“D:\WorkFile\WindowsService\Codes\trunk\DJS\DJS.WinApp\bin\Debug\Nlogs\2017-06-13.log”正由另一进程使用，因此该进程无法访问此文件。
2017-06-13 15:13:08.4932 INFO 错误 - 文件“D:\WorkFile\WindowsService\Codes\trunk\DJS\DJS.WinApp\bin\Debug\Nlogs\2017-06-13.log”正由另一进程使用，因此该进程无法访问此文件。
2017-06-13 15:13:11.5048 INFO 错误 - 文件“D:\WorkFile\WindowsService\Codes\trunk\DJS\DJS.WinApp\bin\Debug\Nlogs\2017-06-13.log”正由另一进程使用，因此该进程无法访问此文件。
2017-06-13 15:13:14.5192 INFO 错误 - 文件“D:\WorkFile\WindowsService\Codes\trunk\DJS\DJS.WinApp\bin\Debug\Nlogs\2017-06-13.log”正由另一进程使用，因此该进程无法访问此文件。
2017-06-13 15:13:17.5185 INFO 错误 - 文件“D:\WorkFile\WindowsService\Codes\trunk\DJS\DJS.WinApp\bin\Debug\Nlogs\2017-06-13.log”正由另一进程使用，因此该进程无法访问此文件。
2017-06-13 15:13:20.5357 INFO 错误 - 获取文件MD5错误:文件“D:\WorkFile\WindowsService\Codes\trunk\DJS\DJS.WinApp\bin\Debug\Nlogs\2017-06-13.log”正由另一进程使用，因此该进程无法访问此文件。
2017-06-13 15:13:23.5401 INFO 错误 - 文件“D:\WorkFile\WindowsService\Codes\trunk\DJS\DJS.WinApp\bin\Debug\Nlogs\2017-06-13.log”正由另一进程使用，因此该进程无法访问此文件。
2017-06-13 15:13:26.5500 INFO 错误 - 文件“D:\WorkFile\WindowsService\Codes\trunk\DJS\DJS.WinApp\bin\Debug\Nlogs\2017-06-13.log”正由另一进程使用，因此该进程无法访问此文件。
2017-06-13 15:13:29.5510 INFO 错误 - 文件“D:\WorkFile\WindowsService\Codes\trunk\DJS\DJS.WinApp\bin\Debug\Nlogs\2017-06-13.log”正由另一进程使用，因此该进程无法访问此文件。
2017-06-13 15:13:32.5479 INFO 错误 - 文件“D:\WorkFile\WindowsService\Codes\trunk\DJS\DJS.WinApp\bin\Debug\Nlogs\2017-06-13.log”正由另一进程使用，因此该进程无法访问此文件。
2017-06-13 15:13:35.5646 INFO 错误 - 文件“D:\WorkFile\WindowsService\Codes\trunk\DJS\DJS.WinApp\bin\Debug\Nlogs\2017-06-13.log”正由另一进程使用，因此该进程无法访问此文件。
2017-06-13 15:13:38.5653 INFO 错误 - 文件“D:\WorkFile\WindowsService\Codes\trunk\DJS\DJS.WinApp\bin\Debug\Nlogs\2017-06-13.log”正由另一进程使用，因此该进程无法访问此文件。
2017-06-13 15:13:41.5830 INFO 错误 - 文件“D:\WorkFile\WindowsService\Codes\trunk\DJS\DJS.WinApp\bin\Debug\Nlogs\2017-06-13.log”正由另一进程使用，因此该进程无法访问此文件。
2017-06-13 15:13:44.5805 INFO 错误 - 文件“D:\WorkFile\WindowsService\Codes\trunk\DJS\DJS.WinApp\bin\Debug\Nlogs\2017-06-13.log”正由另一进程使用，因此该进程无法访问此文件。
2017-06-13 15:13:47.5930 INFO 错误 - 文件“D:\WorkFile\WindowsService\Codes\trunk\DJS\DJS.WinApp\bin\Debug\Nlogs\2017-06-13.log”正由另一进程使用，因此该进程无法访问此文件。
2017-06-13 15:13:53.6106 INFO 错误 - 文件“D:\WorkFile\WindowsService\Codes\trunk\DJS\DJS.WinApp\bin\Debug\Nlogs\2017-06-13.log”正由另一进程使用，因此该进程无法访问此文件。
2017-06-13 15:13:56.6104 INFO 错误 - 文件“D:\WorkFile\WindowsService\Codes\trunk\DJS\DJS.WinApp\bin\Debug\Nlogs\2017-06-13.log”正由另一进程使用，因此该进程无法访问此文件。
2017-06-13 15:13:59.6105 INFO 错误 - 文件“D:\WorkFile\WindowsService\Codes\trunk\DJS\DJS.WinApp\bin\Debug\Nlogs\2017-06-13.log”正由另一进程使用，因此该进程无法访问此文件。
2017-06-13 15:14:02.6259 INFO 错误 - 文件“D:\WorkFile\WindowsService\Codes\trunk\DJS\DJS.WinApp\bin\Debug\Nlogs\2017-06-13.log”正由另一进程使用，因此该进程无法访问此文件。
2017-06-13 15:14:05.6430 INFO 错误 - 文件“D:\WorkFile\WindowsService\Codes\trunk\DJS\DJS.WinApp\bin\Debug\Nlogs\2017-06-13.log”正由另一进程使用，因此该进程无法访问此文件。
2017-06-13 15:14:08.6577 INFO 错误 - 文件“D:\WorkFile\WindowsService\Codes\trunk\DJS\DJS.WinApp\bin\Debug\Nlogs\2017-06-13.log”正由另一进程使用，因此该进程无法访问此文件。
2017-06-13 15:14:11.6580 INFO 错误 - 文件“D:\WorkFile\WindowsService\Codes\trunk\DJS\DJS.WinApp\bin\Debug\Nlogs\2017-06-13.log”正由另一进程使用，因此该进程无法访问此文件。
2017-06-13 15:14:14.6720 INFO 错误 - 文件“D:\WorkFile\WindowsService\Codes\trunk\DJS\DJS.WinApp\bin\Debug\Nlogs\2017-06-13.log”正由另一进程使用，因此该进程无法访问此文件。
2017-06-13 15:14:17.6732 INFO 错误 - 文件“D:\WorkFile\WindowsService\Codes\trunk\DJS\DJS.WinApp\bin\Debug\Nlogs\2017-06-13.log”正由另一进程使用，因此该进程无法访问此文件。
2017-06-13 15:14:20.6895 INFO 错误 - 文件“D:\WorkFile\WindowsService\Codes\trunk\DJS\DJS.WinApp\bin\Debug\Nlogs\2017-06-13.log”正由另一进程使用，因此该进程无法访问此文件。
2017-06-13 15:14:23.6911 INFO 错误 - 文件“D:\WorkFile\WindowsService\Codes\trunk\DJS\DJS.WinApp\bin\Debug\Nlogs\2017-06-13.log”正由另一进程使用，因此该进程无法访问此文件。
2017-06-13 15:14:26.7058 INFO 错误 - 获取文件MD5错误:文件“D:\WorkFile\WindowsService\Codes\trunk\DJS\DJS.WinApp\bin\Debug\Nlogs\2017-06-13.log”正由另一进程使用，因此该进程无法访问此文件。
2017-06-13 15:14:29.7062 INFO 错误 - 文件“D:\WorkFile\WindowsService\Codes\trunk\DJS\DJS.WinApp\bin\Debug\Nlogs\2017-06-13.log”正由另一进程使用，因此该进程无法访问此文件。
2017-06-13 15:14:32.7182 INFO 错误 - 文件“D:\WorkFile\WindowsService\Codes\trunk\DJS\DJS.WinApp\bin\Debug\Nlogs\2017-06-13.log”正由另一进程使用，因此该进程无法访问此文件。
2017-06-13 15:14:35.7198 INFO 错误 - 文件“D:\WorkFile\WindowsService\Codes\trunk\DJS\DJS.WinApp\bin\Debug\Nlogs\2017-06-13.log”正由另一进程使用，因此该进程无法访问此文件。
2017-06-13 15:14:38.7206 INFO 错误 - 文件“D:\WorkFile\WindowsService\Codes\trunk\DJS\DJS.WinApp\bin\Debug\Nlogs\2017-06-13.log”正由另一进程使用，因此该进程无法访问此文件。
2017-06-13 15:14:41.7343 INFO 错误 - 文件“D:\WorkFile\WindowsService\Codes\trunk\DJS\DJS.WinApp\bin\Debug\Nlogs\2017-06-13.log”正由另一进程使用，因此该进程无法访问此文件。
2017-06-13 15:14:44.7364 INFO 错误 - 文件“D:\WorkFile\WindowsService\Codes\trunk\DJS\DJS.WinApp\bin\Debug\Nlogs\2017-06-13.log”正由另一进程使用，因此该进程无法访问此文件。
2017-06-13 15:14:47.7347 INFO 错误 - 文件“D:\WorkFile\WindowsService\Codes\trunk\DJS\DJS.WinApp\bin\Debug\Nlogs\2017-06-13.log”正由另一进程使用，因此该进程无法访问此文件。
2017-06-13 15:14:50.7352 INFO 错误 - 文件“D:\WorkFile\WindowsService\Codes\trunk\DJS\DJS.WinApp\bin\Debug\Nlogs\2017-06-13.log”正由另一进程使用，因此该进程无法访问此文件。
2017-06-13 15:14:53.7396 INFO 错误 - 文件“D:\WorkFile\WindowsService\Codes\trunk\DJS\DJS.WinApp\bin\Debug\Nlogs\2017-06-13.log”正由另一进程使用，因此该进程无法访问此文件。
2017-06-13 15:14:56.7361 INFO 错误 - 文件“D:\WorkFile\WindowsService\Codes\trunk\DJS\DJS.WinApp\bin\Debug\Nlogs\2017-06-13.log”正由另一进程使用，因此该进程无法访问此文件。
2017-06-13 15:14:59.7368 INFO 错误 - 文件“D:\WorkFile\WindowsService\Codes\trunk\DJS\DJS.WinApp\bin\Debug\Nlogs\2017-06-13.log”正由另一进程使用，因此该进程无法访问此文件。
2017-06-13 15:15:02.7528 INFO 错误 - 文件“D:\WorkFile\WindowsService\Codes\trunk\DJS\DJS.WinApp\bin\Debug\Nlogs\2017-06-13.log”正由另一进程使用，因此该进程无法访问此文件。
2017-06-13 15:15:05.7655 INFO 错误 - 文件“D:\WorkFile\WindowsService\Codes\trunk\DJS\DJS.WinApp\bin\Debug\Nlogs\2017-06-13.log”正由另一进程使用，因此该进程无法访问此文件。
2017-06-13 15:15:08.7684 INFO 错误 - 文件“D:\WorkFile\WindowsService\Codes\trunk\DJS\DJS.WinApp\bin\Debug\Nlogs\2017-06-13.log”正由另一进程使用，因此该进程无法访问此文件。
2017-06-13 15:15:11.7657 INFO 错误 - 文件“D:\WorkFile\WindowsService\Codes\trunk\DJS\DJS.WinApp\bin\Debug\Nlogs\2017-06-13.log”正由另一进程使用，因此该进程无法访问此文件。
2017-06-13 15:15:14.7675 INFO 错误 - 文件“D:\WorkFile\WindowsService\Codes\trunk\DJS\DJS.WinApp\bin\Debug\Nlogs\2017-06-13.log”正由另一进程使用，因此该进程无法访问此文件。
2017-06-13 15:15:17.7663 INFO 错误 - 文件“D:\WorkFile\WindowsService\Codes\trunk\DJS\DJS.WinApp\bin\Debug\Nlogs\2017-06-13.log”正由另一进程使用，因此该进程无法访问此文件。
2017-06-13 15:15:20.7807 INFO 错误 - 文件“D:\WorkFile\WindowsService\Codes\trunk\DJS\DJS.WinApp\bin\Debug\Nlogs\2017-06-13.log”正由另一进程使用，因此该进程无法访问此文件。
2017-06-13 15:15:23.7834 INFO 错误 - 文件“D:\WorkFile\WindowsService\Codes\trunk\DJS\DJS.WinApp\bin\Debug\Nlogs\2017-06-13.log”正由另一进程使用，因此该进程无法访问此文件。
2017-06-13 15:15:26.7821 INFO 错误 - 文件“D:\WorkFile\WindowsService\Codes\trunk\DJS\DJS.WinApp\bin\Debug\Nlogs\2017-06-13.log”正由另一进程使用，因此该进程无法访问此文件。
2017-06-13 15:15:29.7823 INFO 错误 - 文件“D:\WorkFile\WindowsService\Codes\trunk\DJS\DJS.WinApp\bin\Debug\Nlogs\2017-06-13.log”正由另一进程使用，因此该进程无法访问此文件。
2017-06-13 15:15:32.7849 INFO 错误 - 文件“D:\WorkFile\WindowsService\Codes\trunk\DJS\DJS.WinApp\bin\Debug\Nlogs\2017-06-13.log”正由另一进程使用，因此该进程无法访问此文件。
2017-06-13 15:15:35.7986 INFO 错误 - 文件“D:\WorkFile\WindowsService\Codes\trunk\DJS\DJS.WinApp\bin\Debug\Nlogs\2017-06-13.log”正由另一进程使用，因此该进程无法访问此文件。
2017-06-13 15:15:38.7989 INFO 错误 - 文件“D:\WorkFile\WindowsService\Codes\trunk\DJS\DJS.WinApp\bin\Debug\Nlogs\2017-06-13.log”正由另一进程使用，因此该进程无法访问此文件。
2017-06-13 15:15:41.8114 INFO 错误 - 文件“D:\WorkFile\WindowsService\Codes\trunk\DJS\DJS.WinApp\bin\Debug\Nlogs\2017-06-13.log”正由另一进程使用，因此该进程无法访问此文件。
2017-06-13 15:15:44.8125 INFO 错误 - 文件“D:\WorkFile\WindowsService\Codes\trunk\DJS\DJS.WinApp\bin\Debug\Nlogs\2017-06-13.log”正由另一进程使用，因此该进程无法访问此文件。
2017-06-13 15:15:47.8154 INFO 错误 - 文件“D:\WorkFile\WindowsService\Codes\trunk\DJS\DJS.WinApp\bin\Debug\Nlogs\2017-06-13.log”正由另一进程使用，因此该进程无法访问此文件。
2017-06-13 15:15:50.8309 INFO 错误 - 文件“D:\WorkFile\WindowsService\Codes\trunk\DJS\DJS.WinApp\bin\Debug\Nlogs\2017-06-13.log”正由另一进程使用，因此该进程无法访问此文件。
2017-06-13 15:15:53.8336 INFO 错误 - 文件“D:\WorkFile\WindowsService\Codes\trunk\DJS\DJS.WinApp\bin\Debug\Nlogs\2017-06-13.log”正由另一进程使用，因此该进程无法访问此文件。
2017-06-13 15:15:56.8328 INFO 错误 - 文件“D:\WorkFile\WindowsService\Codes\trunk\DJS\DJS.WinApp\bin\Debug\Nlogs\2017-06-13.log”正由另一进程使用，因此该进程无法访问此文件。
2017-06-13 15:15:59.8461 INFO 错误 - 文件“D:\WorkFile\WindowsService\Codes\trunk\DJS\DJS.WinApp\bin\Debug\Nlogs\2017-06-13.log”正由另一进程使用，因此该进程无法访问此文件。
2017-06-13 15:16:02.9734 INFO 错误 - 文件“D:\WorkFile\WindowsService\Codes\trunk\DJS\DJS.WinApp\bin\Debug\Nlogs\2017-06-13.log”正由另一进程使用，因此该进程无法访问此文件。
2017-06-13 15:16:05.8647 INFO 错误 - 文件“D:\WorkFile\WindowsService\Codes\trunk\DJS\DJS.WinApp\bin\Debug\Nlogs\2017-06-13.log”正由另一进程使用，因此该进程无法访问此文件。
2017-06-13 15:16:08.8590 INFO 错误 - 文件“D:\WorkFile\WindowsService\Codes\trunk\DJS\DJS.WinApp\bin\Debug\Nlogs\2017-06-13.log”正由另一进程使用，因此该进程无法访问此文件。
2017-06-13 15:16:11.8749 INFO 错误 - 文件“D:\WorkFile\WindowsService\Codes\trunk\DJS\DJS.WinApp\bin\Debug\Nlogs\2017-06-13.log”正由另一进程使用，因此该进程无法访问此文件。
2017-06-13 15:16:14.8757 INFO 错误 - 文件“D:\WorkFile\WindowsService\Codes\trunk\DJS\DJS.WinApp\bin\Debug\Nlogs\2017-06-13.log”正由另一进程使用，因此该进程无法访问此文件。
2017-06-13 15:16:17.8768 INFO 错误 - 文件“D:\WorkFile\WindowsService\Codes\trunk\DJS\DJS.WinApp\bin\Debug\Nlogs\2017-06-13.log”正由另一进程使用，因此该进程无法访问此文件。
2017-06-13 15:16:20.8766 INFO 错误 - 文件“D:\WorkFile\WindowsService\Codes\trunk\DJS\DJS.WinApp\bin\Debug\Nlogs\2017-06-13.log”正由另一进程使用，因此该进程无法访问此文件。
2017-06-13 15:16:23.8921 INFO 错误 - 文件“D:\WorkFile\WindowsService\Codes\trunk\DJS\DJS.WinApp\bin\Debug\Nlogs\2017-06-13.log”正由另一进程使用，因此该进程无法访问此文件。
2017-06-13 15:16:26.8925 INFO 错误 - 文件“D:\WorkFile\WindowsService\Codes\trunk\DJS\DJS.WinApp\bin\Debug\Nlogs\2017-06-13.log”正由另一进程使用，因此该进程无法访问此文件。
2017-06-13 15:16:29.8914 INFO 错误 - 文件“D:\WorkFile\WindowsService\Codes\trunk\DJS\DJS.WinApp\bin\Debug\Nlogs\2017-06-13.log”正由另一进程使用，因此该进程无法访问此文件。
2017-06-13 15:16:35.9071 INFO 错误 - 文件“D:\WorkFile\WindowsService\Codes\trunk\DJS\DJS.WinApp\bin\Debug\Nlogs\2017-06-13.log”正由另一进程使用，因此该进程无法访问此文件。
2017-06-13 15:16:38.9090 INFO 错误 - 文件“D:\WorkFile\WindowsService\Codes\trunk\DJS\DJS.WinApp\bin\Debug\Nlogs\2017-06-13.log”正由另一进程使用，因此该进程无法访问此文件。
2017-06-13 15:16:41.9235 INFO 错误 - 文件“D:\WorkFile\WindowsService\Codes\trunk\DJS\DJS.WinApp\bin\Debug\Nlogs\2017-06-13.log”正由另一进程使用，因此该进程无法访问此文件。
2017-06-13 15:16:44.9380 INFO 错误 - 文件“D:\WorkFile\WindowsService\Codes\trunk\DJS\DJS.WinApp\bin\Debug\Nlogs\2017-06-13.log”正由另一进程使用，因此该进程无法访问此文件。
2017-06-13 15:16:47.9403 INFO 错误 - 文件“D:\WorkFile\WindowsService\Codes\trunk\DJS\DJS.WinApp\bin\Debug\Nlogs\2017-06-13.log”正由另一进程使用，因此该进程无法访问此文件。
2017-06-13 15:16:50.9525 INFO 错误 - 文件“D:\WorkFile\WindowsService\Codes\trunk\DJS\DJS.WinApp\bin\Debug\Nlogs\2017-06-13.log”正由另一进程使用，因此该进程无法访问此文件。
2017-06-13 15:16:53.9530 INFO 错误 - 文件“D:\WorkFile\WindowsService\Codes\trunk\DJS\DJS.WinApp\bin\Debug\Nlogs\2017-06-13.log”正由另一进程使用，因此该进程无法访问此文件。
2017-06-13 15:16:56.9536 INFO 错误 - 文件“D:\WorkFile\WindowsService\Codes\trunk\DJS\DJS.WinApp\bin\Debug\Nlogs\2017-06-13.log”正由另一进程使用，因此该进程无法访问此文件。
2017-06-13 15:16:59.9568 INFO 错误 - 文件“D:\WorkFile\WindowsService\Codes\trunk\DJS\DJS.WinApp\bin\Debug\Nlogs\2017-06-13.log”正由另一进程使用，因此该进程无法访问此文件。
2017-06-13 15:17:02.9560 INFO 错误 - 文件“D:\WorkFile\WindowsService\Codes\trunk\DJS\DJS.WinApp\bin\Debug\Nlogs\2017-06-13.log”正由另一进程使用，因此该进程无法访问此文件。
2017-06-13 15:17:05.9553 INFO 错误 - 文件“D:\WorkFile\WindowsService\Codes\trunk\DJS\DJS.WinApp\bin\Debug\Nlogs\2017-06-13.log”正由另一进程使用，因此该进程无法访问此文件。
2017-06-13 15:17:08.9747 INFO 错误 - 文件“D:\WorkFile\WindowsService\Codes\trunk\DJS\DJS.WinApp\bin\Debug\Nlogs\2017-06-13.log”正由另一进程使用，因此该进程无法访问此文件。
2017-06-13 15:17:11.9749 INFO 错误 - 文件“D:\WorkFile\WindowsService\Codes\trunk\DJS\DJS.WinApp\bin\Debug\Nlogs\2017-06-13.log”正由另一进程使用，因此该进程无法访问此文件。
2017-06-13 15:17:14.9873 INFO 错误 - 文件“D:\WorkFile\WindowsService\Codes\trunk\DJS\DJS.WinApp\bin\Debug\Nlogs\2017-06-13.log”正由另一进程使用，因此该进程无法访问此文件。
2017-06-13 15:17:17.9878 INFO 错误 - 文件“D:\WorkFile\WindowsService\Codes\trunk\DJS\DJS.WinApp\bin\Debug\Nlogs\2017-06-13.log”正由另一进程使用，因此该进程无法访问此文件。
2017-06-13 15:17:26.9879 INFO 错误 - 文件“D:\WorkFile\WindowsService\Codes\trunk\DJS\DJS.WinApp\bin\Debug\Nlogs\2017-06-13.log”正由另一进程使用，因此该进程无法访问此文件。
2017-06-13 15:17:29.9895 INFO 错误 - 文件“D:\WorkFile\WindowsService\Codes\trunk\DJS\DJS.WinApp\bin\Debug\Nlogs\2017-06-13.log”正由另一进程使用，因此该进程无法访问此文件。
2017-06-13 15:17:32.9877 INFO 错误 - 文件“D:\WorkFile\WindowsService\Codes\trunk\DJS\DJS.WinApp\bin\Debug\Nlogs\2017-06-13.log”正由另一进程使用，因此该进程无法访问此文件。
2017-06-13 15:17:36.0020 INFO 错误 - 文件“D:\WorkFile\WindowsService\Codes\trunk\DJS\DJS.WinApp\bin\Debug\Nlogs\2017-06-13.log”正由另一进程使用，因此该进程无法访问此文件。
2017-06-13 15:17:39.0004 INFO 错误 - 文件“D:\WorkFile\WindowsService\Codes\trunk\DJS\DJS.WinApp\bin\Debug\Nlogs\2017-06-13.log”正由另一进程使用，因此该进程无法访问此文件。
2017-06-13 15:17:42.0224 INFO 错误 - 获取文件MD5错误:文件“D:\WorkFile\WindowsService\Codes\trunk\DJS\DJS.WinApp\bin\Debug\Nlogs\2017-06-13.log”正由另一进程使用，因此该进程无法访问此文件。
2017-06-13 15:17:45.0208 INFO 错误 - 获取文件MD5错误:文件“D:\WorkFile\WindowsService\Codes\trunk\DJS\DJS.WinApp\bin\Debug\Nlogs\2017-06-13.log”正由另一进程使用，因此该进程无法访问此文件。
2017-06-13 15:17:45.0288 INFO 错误 - 文件“D:\WorkFile\WindowsService\Codes\trunk\DJS\DJS.WinApp\bin\Debug\Nlogs\2017-06-13.log”正由另一进程使用，因此该进程无法访问此文件。
2017-06-13 15:17:48.0388 INFO 错误 - 文件“D:\WorkFile\WindowsService\Codes\trunk\DJS\DJS.WinApp\bin\Debug\Nlogs\2017-06-13.log”正由另一进程使用，因此该进程无法访问此文件。
2017-06-13 15:17:51.0313 INFO 错误 - 文件“D:\WorkFile\WindowsService\Codes\trunk\DJS\DJS.WinApp\bin\Debug\Nlogs\2017-06-13.log”正由另一进程使用，因此该进程无法访问此文件。
2017-06-13 15:17:54.0372 INFO 错误 - 文件“D:\WorkFile\WindowsService\Codes\trunk\DJS\DJS.WinApp\bin\Debug\Nlogs\2017-06-13.log”正由另一进程使用，因此该进程无法访问此文件。
2017-06-13 15:17:57.0507 INFO 错误 - 文件“D:\WorkFile\WindowsService\Codes\trunk\DJS\DJS.WinApp\bin\Debug\Nlogs\2017-06-13.log”正由另一进程使用，因此该进程无法访问此文件。
2017-06-13 15:18:00.0626 INFO 错误 - 文件“D:\WorkFile\WindowsService\Codes\trunk\DJS\DJS.WinApp\bin\Debug\Nlogs\2017-06-13.log”正由另一进程使用，因此该进程无法访问此文件。
2017-06-13 15:18:03.0737 INFO 错误 - 文件“D:\WorkFile\WindowsService\Codes\trunk\DJS\DJS.WinApp\bin\Debug\Nlogs\2017-06-13.log”正由另一进程使用，因此该进程无法访问此文件。
2017-06-13 15:18:06.0820 INFO 错误 - 文件“D:\WorkFile\WindowsService\Codes\trunk\DJS\DJS.WinApp\bin\Debug\Nlogs\2017-06-13.log”正由另一进程使用，因此该进程无法访问此文件。
2017-06-13 15:18:09.0959 INFO 错误 - 文件“D:\WorkFile\WindowsService\Codes\trunk\DJS\DJS.WinApp\bin\Debug\Nlogs\2017-06-13.log”正由另一进程使用，因此该进程无法访问此文件。
2017-06-13 15:18:12.1003 INFO 错误 - 文件“D:\WorkFile\WindowsService\Codes\trunk\DJS\DJS.WinApp\bin\Debug\Nlogs\2017-06-13.log”正由另一进程使用，因此该进程无法访问此文件。
2017-06-13 15:18:15.1138 INFO 错误 - 文件“D:\WorkFile\WindowsService\Codes\trunk\DJS\DJS.WinApp\bin\Debug\Nlogs\2017-06-13.log”正由另一进程使用，因此该进程无法访问此文件。
2017-06-13 15:18:18.1089 INFO 错误 - 文件“D:\WorkFile\WindowsService\Codes\trunk\DJS\DJS.WinApp\bin\Debug\Nlogs\2017-06-13.log”正由另一进程使用，因此该进程无法访问此文件。
2017-06-13 15:18:21.1087 INFO 错误 - 文件“D:\WorkFile\WindowsService\Codes\trunk\DJS\DJS.WinApp\bin\Debug\Nlogs\2017-06-13.log”正由另一进程使用，因此该进程无法访问此文件。
2017-06-13 15:18:24.1108 INFO 错误 - 文件“D:\WorkFile\WindowsService\Codes\trunk\DJS\DJS.WinApp\bin\Debug\Nlogs\2017-06-13.log”正由另一进程使用，因此该进程无法访问此文件。
2017-06-13 15:18:27.1096 INFO 错误 - 文件“D:\WorkFile\WindowsService\Codes\trunk\DJS\DJS.WinApp\bin\Debug\Nlogs\2017-06-13.log”正由另一进程使用，因此该进程无法访问此文件。
2017-06-13 15:18:30.1773 INFO 错误 - 文件“D:\WorkFile\WindowsService\Codes\trunk\DJS\DJS.WinApp\bin\Debug\Nlogs\2017-06-13.log”正由另一进程使用，因此该进程无法访问此文件。
2017-06-13 15:18:33.1104 INFO 错误 - 文件“D:\WorkFile\WindowsService\Codes\trunk\DJS\DJS.WinApp\bin\Debug\Nlogs\2017-06-13.log”正由另一进程使用，因此该进程无法访问此文件。
2017-06-13 15:18:36.1244 INFO 错误 - 文件“D:\WorkFile\WindowsService\Codes\trunk\DJS\DJS.WinApp\bin\Debug\Nlogs\2017-06-13.log”正由另一进程使用，因此该进程无法访问此文件。
2017-06-13 15:18:39.1249 INFO 错误 - 文件“D:\WorkFile\WindowsService\Codes\trunk\DJS\DJS.WinApp\bin\Debug\Nlogs\2017-06-13.log”正由另一进程使用，因此该进程无法访问此文件。
2017-06-13 15:18:42.1413 INFO 错误 - 文件“D:\WorkFile\WindowsService\Codes\trunk\DJS\DJS.WinApp\bin\Debug\Nlogs\2017-06-13.log”正由另一进程使用，因此该进程无法访问此文件。
2017-06-13 15:18:45.1421 INFO 错误 - 文件“D:\WorkFile\WindowsService\Codes\trunk\DJS\DJS.WinApp\bin\Debug\Nlogs\2017-06-13.log”正由另一进程使用，因此该进程无法访问此文件。
2017-06-13 15:18:48.1591 INFO 错误 - 文件“D:\WorkFile\WindowsService\Codes\trunk\DJS\DJS.WinApp\bin\Debug\Nlogs\2017-06-13.log”正由另一进程使用，因此该进程无法访问此文件。
2017-06-13 15:18:51.1575 INFO 错误 - 文件“D:\WorkFile\WindowsService\Codes\trunk\DJS\DJS.WinApp\bin\Debug\Nlogs\2017-06-13.log”正由另一进程使用，因此该进程无法访问此文件。
2017-06-13 15:18:54.1613 INFO 错误 - 获取文件MD5错误:文件“D:\WorkFile\WindowsService\Codes\trunk\DJS\DJS.WinApp\bin\Debug\Nlogs\2017-06-13.log”正由另一进程使用，因此该进程无法访问此文件。
2017-06-13 15:18:54.1703 INFO 错误 - 文件“D:\WorkFile\WindowsService\Codes\trunk\DJS\DJS.WinApp\bin\Debug\Nlogs\2017-06-13.log”正由另一进程使用，因此该进程无法访问此文件。
2017-06-13 15:18:57.1579 INFO 错误 - 文件“D:\WorkFile\WindowsService\Codes\trunk\DJS\DJS.WinApp\bin\Debug\Nlogs\2017-06-13.log”正由另一进程使用，因此该进程无法访问此文件。
2017-06-13 15:19:00.1594 INFO 错误 - 文件“D:\WorkFile\WindowsService\Codes\trunk\DJS\DJS.WinApp\bin\Debug\Nlogs\2017-06-13.log”正由另一进程使用，因此该进程无法访问此文件。
2017-06-13 15:19:03.1712 INFO 错误 - 文件“D:\WorkFile\WindowsService\Codes\trunk\DJS\DJS.WinApp\bin\Debug\Nlogs\2017-06-13.log”正由另一进程使用，因此该进程无法访问此文件。
2017-06-13 15:19:06.1752 INFO 错误 - 文件“D:\WorkFile\WindowsService\Codes\trunk\DJS\DJS.WinApp\bin\Debug\Nlogs\2017-06-13.log”正由另一进程使用，因此该进程无法访问此文件。
2017-06-13 15:19:09.1759 INFO 错误 - 获取文件MD5错误:文件“D:\WorkFile\WindowsService\Codes\trunk\DJS\DJS.WinApp\bin\Debug\Nlogs\2017-06-13.log”正由另一进程使用，因此该进程无法访问此文件。
2017-06-13 15:19:09.1869 INFO 错误 - 文件“D:\WorkFile\WindowsService\Codes\trunk\DJS\DJS.WinApp\bin\Debug\Nlogs\2017-06-13.log”正由另一进程使用，因此该进程无法访问此文件。
2017-06-13 15:19:12.1898 INFO 错误 - 文件“D:\WorkFile\WindowsService\Codes\trunk\DJS\DJS.WinApp\bin\Debug\Nlogs\2017-06-13.log”正由另一进程使用，因此该进程无法访问此文件。
2017-06-13 15:19:15.1884 INFO 错误 - 文件“D:\WorkFile\WindowsService\Codes\trunk\DJS\DJS.WinApp\bin\Debug\Nlogs\2017-06-13.log”正由另一进程使用，因此该进程无法访问此文件。
2017-06-13 15:19:18.1902 INFO 错误 - 文件“D:\WorkFile\WindowsService\Codes\trunk\DJS\DJS.WinApp\bin\Debug\Nlogs\2017-06-13.log”正由另一进程使用，因此该进程无法访问此文件。
2017-06-13 15:19:21.2023 INFO 错误 - 文件“D:\WorkFile\WindowsService\Codes\trunk\DJS\DJS.WinApp\bin\Debug\Nlogs\2017-06-13.log”正由另一进程使用，因此该进程无法访问此文件。
2017-06-13 15:19:24.2053 INFO 错误 - 文件“D:\WorkFile\WindowsService\Codes\trunk\DJS\DJS.WinApp\bin\Debug\Nlogs\2017-06-13.log”正由另一进程使用，因此该进程无法访问此文件。
2017-06-13 15:19:27.2022 INFO 错误 - 文件“D:\WorkFile\WindowsService\Codes\trunk\DJS\DJS.WinApp\bin\Debug\Nlogs\2017-06-13.log”正由另一进程使用，因此该进程无法访问此文件。
2017-06-13 15:19:30.2041 INFO 错误 - 文件“D:\WorkFile\WindowsService\Codes\trunk\DJS\DJS.WinApp\bin\Debug\Nlogs\2017-06-13.log”正由另一进程使用，因此该进程无法访问此文件。
2017-06-13 15:19:33.2233 INFO 错误 - 文件“D:\WorkFile\WindowsService\Codes\trunk\DJS\DJS.WinApp\bin\Debug\Nlogs\2017-06-13.log”正由另一进程使用，因此该进程无法访问此文件。
2017-06-13 15:19:36.2206 INFO 错误 - 文件“D:\WorkFile\WindowsService\Codes\trunk\DJS\DJS.WinApp\bin\Debug\Nlogs\2017-06-13.log”正由另一进程使用，因此该进程无法访问此文件。
2017-06-13 15:19:39.2228 INFO 错误 - 文件“D:\WorkFile\WindowsService\Codes\trunk\DJS\DJS.WinApp\bin\Debug\Nlogs\2017-06-13.log”正由另一进程使用，因此该进程无法访问此文件。
2017-06-13 15:19:42.2380 INFO 错误 - 文件“D:\WorkFile\WindowsService\Codes\trunk\DJS\DJS.WinApp\bin\Debug\Nlogs\2017-06-13.log”正由另一进程使用，因此该进程无法访问此文件。
2017-06-13 15:19:45.2528 INFO 错误 - 文件“D:\WorkFile\WindowsService\Codes\trunk\DJS\DJS.WinApp\bin\Debug\Nlogs\2017-06-13.log”正由另一进程使用，因此该进程无法访问此文件。
2017-06-13 15:19:48.2703 INFO 错误 - 文件“D:\WorkFile\WindowsService\Codes\trunk\DJS\DJS.WinApp\bin\Debug\Nlogs\2017-06-13.log”正由另一进程使用，因此该进程无法访问此文件。
2017-06-13 15:19:51.2715 INFO 错误 - 文件“D:\WorkFile\WindowsService\Codes\trunk\DJS\DJS.WinApp\bin\Debug\Nlogs\2017-06-13.log”正由另一进程使用，因此该进程无法访问此文件。
2017-06-13 15:19:54.2825 INFO 错误 - 文件“D:\WorkFile\WindowsService\Codes\trunk\DJS\DJS.WinApp\bin\Debug\Nlogs\2017-06-13.log”正由另一进程使用，因此该进程无法访问此文件。
2017-06-13 15:19:57.2860 INFO 错误 - 文件“D:\WorkFile\WindowsService\Codes\trunk\DJS\DJS.WinApp\bin\Debug\Nlogs\2017-06-13.log”正由另一进程使用，因此该进程无法访问此文件。
2017-06-13 15:20:00.2834 INFO 错误 - 文件“D:\WorkFile\WindowsService\Codes\trunk\DJS\DJS.WinApp\bin\Debug\Nlogs\2017-06-13.log”正由另一进程使用，因此该进程无法访问此文件。
2017-06-13 15:20:06.2980 INFO 错误 - 文件“D:\WorkFile\WindowsService\Codes\trunk\DJS\DJS.WinApp\bin\Debug\Nlogs\2017-06-13.log”正由另一进程使用，因此该进程无法访问此文件。
2017-06-13 15:20:09.2982 INFO 错误 - 文件“D:\WorkFile\WindowsService\Codes\trunk\DJS\DJS.WinApp\bin\Debug\Nlogs\2017-06-13.log”正由另一进程使用，因此该进程无法访问此文件。
2017-06-13 15:20:12.2997 INFO 错误 - 文件“D:\WorkFile\WindowsService\Codes\trunk\DJS\DJS.WinApp\bin\Debug\Nlogs\2017-06-13.log”正由另一进程使用，因此该进程无法访问此文件。
2017-06-13 15:20:15.3038 INFO 错误 - 文件“D:\WorkFile\WindowsService\Codes\trunk\DJS\DJS.WinApp\bin\Debug\Nlogs\2017-06-13.log”正由另一进程使用，因此该进程无法访问此文件。
2017-06-13 15:20:18.3147 INFO 错误 - 文件“D:\WorkFile\WindowsService\Codes\trunk\DJS\DJS.WinApp\bin\Debug\Nlogs\2017-06-13.log”正由另一进程使用，因此该进程无法访问此文件。
2017-06-13 15:20:21.3271 INFO 错误 - 文件“D:\WorkFile\WindowsService\Codes\trunk\DJS\DJS.WinApp\bin\Debug\Nlogs\2017-06-13.log”正由另一进程使用，因此该进程无法访问此文件。
2017-06-13 15:20:24.3295 INFO 错误 - 文件“D:\WorkFile\WindowsService\Codes\trunk\DJS\DJS.WinApp\bin\Debug\Nlogs\2017-06-13.log”正由另一进程使用，因此该进程无法访问此文件。
2017-06-13 15:20:27.3287 INFO 错误 - 文件“D:\WorkFile\WindowsService\Codes\trunk\DJS\DJS.WinApp\bin\Debug\Nlogs\2017-06-13.log”正由另一进程使用，因此该进程无法访问此文件。
2017-06-13 15:20:33.3335 INFO 错误 - 文件“D:\WorkFile\WindowsService\Codes\trunk\DJS\DJS.WinApp\bin\Debug\Nlogs\2017-06-13.log”正由另一进程使用，因此该进程无法访问此文件。
2017-06-13 15:20:36.3455 INFO 错误 - 文件“D:\WorkFile\WindowsService\Codes\trunk\DJS\DJS.WinApp\bin\Debug\Nlogs\2017-06-13.log”正由另一进程使用，因此该进程无法访问此文件。
2017-06-13 15:20:39.3463 INFO 错误 - 文件“D:\WorkFile\WindowsService\Codes\trunk\DJS\DJS.WinApp\bin\Debug\Nlogs\2017-06-13.log”正由另一进程使用，因此该进程无法访问此文件。
2017-06-13 15:20:42.3525 INFO 错误 - 文件“D:\WorkFile\WindowsService\Codes\trunk\DJS\DJS.WinApp\bin\Debug\Nlogs\2017-06-13.log”正由另一进程使用，因此该进程无法访问此文件。
2017-06-13 15:20:45.3583 INFO 错误 - 文件“D:\WorkFile\WindowsService\Codes\trunk\DJS\DJS.WinApp\bin\Debug\Nlogs\2017-06-13.log”正由另一进程使用，因此该进程无法访问此文件。
2017-06-13 15:20:51.3824 INFO 错误 - 文件“D:\WorkFile\WindowsService\Codes\trunk\DJS\DJS.WinApp\bin\Debug\Nlogs\2017-06-13.log”正由另一进程使用，因此该进程无法访问此文件。
2017-06-13 15:20:54.3757 INFO 错误 - 文件“D:\WorkFile\WindowsService\Codes\trunk\DJS\DJS.WinApp\bin\Debug\Nlogs\2017-06-13.log”正由另一进程使用，因此该进程无法访问此文件。
2017-06-13 15:20:57.4482 INFO 错误 - 文件“D:\WorkFile\WindowsService\Codes\trunk\DJS\DJS.WinApp\bin\Debug\Nlogs\2017-06-13.log”正由另一进程使用，因此该进程无法访问此文件。
2017-06-13 15:21:00.3933 INFO 错误 - 文件“D:\WorkFile\WindowsService\Codes\trunk\DJS\DJS.WinApp\bin\Debug\Nlogs\2017-06-13.log”正由另一进程使用，因此该进程无法访问此文件。
2017-06-13 15:21:03.3971 INFO 错误 - 文件“D:\WorkFile\WindowsService\Codes\trunk\DJS\DJS.WinApp\bin\Debug\Nlogs\2017-06-13.log”正由另一进程使用，因此该进程无法访问此文件。
2017-06-13 15:21:06.3945 INFO 错误 - 文件“D:\WorkFile\WindowsService\Codes\trunk\DJS\DJS.WinApp\bin\Debug\Nlogs\2017-06-13.log”正由另一进程使用，因此该进程无法访问此文件。
2017-06-13 15:21:09.4082 INFO 错误 - 文件“D:\WorkFile\WindowsService\Codes\trunk\DJS\DJS.WinApp\bin\Debug\Nlogs\2017-06-13.log”正由另一进程使用，因此该进程无法访问此文件。
2017-06-13 15:21:12.4256 INFO 错误 - 文件“D:\WorkFile\WindowsService\Codes\trunk\DJS\DJS.WinApp\bin\Debug\Nlogs\2017-06-13.log”正由另一进程使用，因此该进程无法访问此文件。
2017-06-13 15:21:15.4263 INFO 错误 - 文件“D:\WorkFile\WindowsService\Codes\trunk\DJS\DJS.WinApp\bin\Debug\Nlogs\2017-06-13.log”正由另一进程使用，因此该进程无法访问此文件。
2017-06-13 15:21:18.4231 INFO 错误 - 文件“D:\WorkFile\WindowsService\Codes\trunk\DJS\DJS.WinApp\bin\Debug\Nlogs\2017-06-13.log”正由另一进程使用，因此该进程无法访问此文件。
2017-06-13 15:21:21.4247 INFO 错误 - 获取文件MD5错误:文件“D:\WorkFile\WindowsService\Codes\trunk\DJS\DJS.WinApp\bin\Debug\Nlogs\2017-06-13.log”正由另一进程使用，因此该进程无法访问此文件。
2017-06-13 15:21:21.4247 INFO 错误 - 文件“D:\WorkFile\WindowsService\Codes\trunk\DJS\DJS.WinApp\bin\Debug\Nlogs\2017-06-13.log”正由另一进程使用，因此该进程无法访问此文件。
2017-06-13 15:21:24.4401 INFO 错误 - 文件“D:\WorkFile\WindowsService\Codes\trunk\DJS\DJS.WinApp\bin\Debug\Nlogs\2017-06-13.log”正由另一进程使用，因此该进程无法访问此文件。
2017-06-13 15:21:27.4542 INFO 错误 - 文件“D:\WorkFile\WindowsService\Codes\trunk\DJS\DJS.WinApp\bin\Debug\Nlogs\2017-06-13.log”正由另一进程使用，因此该进程无法访问此文件。
2017-06-13 15:21:30.4686 INFO 错误 - 文件“D:\WorkFile\WindowsService\Codes\trunk\DJS\DJS.WinApp\bin\Debug\Nlogs\2017-06-13.log”正由另一进程使用，因此该进程无法访问此文件。
2017-06-13 15:21:33.4750 INFO 错误 - 文件“D:\WorkFile\WindowsService\Codes\trunk\DJS\DJS.WinApp\bin\Debug\Nlogs\2017-06-13.log”正由另一进程使用，因此该进程无法访问此文件。
2017-06-13 15:21:36.4899 INFO 错误 - 文件“D:\WorkFile\WindowsService\Codes\trunk\DJS\DJS.WinApp\bin\Debug\Nlogs\2017-06-13.log”正由另一进程使用，因此该进程无法访问此文件。
2017-06-13 15:21:42.5026 INFO 错误 - 文件“D:\WorkFile\WindowsService\Codes\trunk\DJS\DJS.WinApp\bin\Debug\Nlogs\2017-06-13.log”正由另一进程使用，因此该进程无法访问此文件。
2017-06-13 15:21:48.5210 INFO 错误 - 文件“D:\WorkFile\WindowsService\Codes\trunk\DJS\DJS.WinApp\bin\Debug\Nlogs\2017-06-13.log”正由另一进程使用，因此该进程无法访问此文件。
2017-06-13 15:21:51.5357 INFO 错误 - 文件“D:\WorkFile\WindowsService\Codes\trunk\DJS\DJS.WinApp\bin\Debug\Nlogs\2017-06-13.log”正由另一进程使用，因此该进程无法访问此文件。
2017-06-13 15:21:54.5320 INFO 错误 - 文件“D:\WorkFile\WindowsService\Codes\trunk\DJS\DJS.WinApp\bin\Debug\Nlogs\2017-06-13.log”正由另一进程使用，因此该进程无法访问此文件。
2017-06-13 15:21:57.5468 INFO 错误 - 文件“D:\WorkFile\WindowsService\Codes\trunk\DJS\DJS.WinApp\bin\Debug\Nlogs\2017-06-13.log”正由另一进程使用，因此该进程无法访问此文件。
2017-06-13 15:22:00.5501 INFO 错误 - 文件“D:\WorkFile\WindowsService\Codes\trunk\DJS\DJS.WinApp\bin\Debug\Nlogs\2017-06-13.log”正由另一进程使用，因此该进程无法访问此文件。
2017-06-13 15:22:03.5523 INFO 错误 - 文件“D:\WorkFile\WindowsService\Codes\trunk\DJS\DJS.WinApp\bin\Debug\Nlogs\2017-06-13.log”正由另一进程使用，因此该进程无法访问此文件。
2017-06-13 15:22:06.5529 INFO 错误 - 文件“D:\WorkFile\WindowsService\Codes\trunk\DJS\DJS.WinApp\bin\Debug\Nlogs\2017-06-13.log”正由另一进程使用，因此该进程无法访问此文件。
2017-06-13 15:22:09.5670 INFO 错误 - 文件“D:\WorkFile\WindowsService\Codes\trunk\DJS\DJS.WinApp\bin\Debug\Nlogs\2017-06-13.log”正由另一进程使用，因此该进程无法访问此文件。
2017-06-13 15:22:12.5805 INFO 错误 - 文件“D:\WorkFile\WindowsService\Codes\trunk\DJS\DJS.WinApp\bin\Debug\Nlogs\2017-06-13.log”正由另一进程使用，因此该进程无法访问此文件。
2017-06-13 15:22:15.5842 INFO 错误 - 文件“D:\WorkFile\WindowsService\Codes\trunk\DJS\DJS.WinApp\bin\Debug\Nlogs\2017-06-13.log”正由另一进程使用，因此该进程无法访问此文件。
2017-06-13 15:22:18.5816 INFO 错误 - 文件“D:\WorkFile\WindowsService\Codes\trunk\DJS\DJS.WinApp\bin\Debug\Nlogs\2017-06-13.log”正由另一进程使用，因此该进程无法访问此文件。
2017-06-13 15:22:21.5791 INFO 错误 - 文件“D:\WorkFile\WindowsService\Codes\trunk\DJS\DJS.WinApp\bin\Debug\Nlogs\2017-06-13.log”正由另一进程使用，因此该进程无法访问此文件。
2017-06-13 15:22:24.5808 INFO 错误 - 文件“D:\WorkFile\WindowsService\Codes\trunk\DJS\DJS.WinApp\bin\Debug\Nlogs\2017-06-13.log”正由另一进程使用，因此该进程无法访问此文件。
2017-06-13 15:22:27.5925 INFO 错误 - 文件“D:\WorkFile\WindowsService\Codes\trunk\DJS\DJS.WinApp\bin\Debug\Nlogs\2017-06-13.log”正由另一进程使用，因此该进程无法访问此文件。
2017-06-13 15:22:30.5977 INFO 错误 - 文件“D:\WorkFile\WindowsService\Codes\trunk\DJS\DJS.WinApp\bin\Debug\Nlogs\2017-06-13.log”正由另一进程使用，因此该进程无法访问此文件。
2017-06-13 15:22:33.5940 INFO 错误 - 文件“D:\WorkFile\WindowsService\Codes\trunk\DJS\DJS.WinApp\bin\Debug\Nlogs\2017-06-13.log”正由另一进程使用，因此该进程无法访问此文件。
2017-06-13 15:22:36.5969 INFO 错误 - 文件“D:\WorkFile\WindowsService\Codes\trunk\DJS\DJS.WinApp\bin\Debug\Nlogs\2017-06-13.log”正由另一进程使用，因此该进程无法访问此文件。
2017-06-13 15:22:39.5983 INFO 错误 - 文件“D:\WorkFile\WindowsService\Codes\trunk\DJS\DJS.WinApp\bin\Debug\Nlogs\2017-06-13.log”正由另一进程使用，因此该进程无法访问此文件。
2017-06-13 15:22:42.5963 INFO 错误 - 文件“D:\WorkFile\WindowsService\Codes\trunk\DJS\DJS.WinApp\bin\Debug\Nlogs\2017-06-13.log”正由另一进程使用，因此该进程无法访问此文件。
2017-06-13 15:22:45.6082 INFO 错误 - 文件“D:\WorkFile\WindowsService\Codes\trunk\DJS\DJS.WinApp\bin\Debug\Nlogs\2017-06-13.log”正由另一进程使用，因此该进程无法访问此文件。
2017-06-13 15:22:48.6169 INFO 错误 - 文件“D:\WorkFile\WindowsService\Codes\trunk\DJS\DJS.WinApp\bin\Debug\Nlogs\2017-06-13.log”正由另一进程使用，因此该进程无法访问此文件。
2017-06-13 15:22:51.6240 INFO 错误 - 文件“D:\WorkFile\WindowsService\Codes\trunk\DJS\DJS.WinApp\bin\Debug\Nlogs\2017-06-13.log”正由另一进程使用，因此该进程无法访问此文件。
2017-06-13 15:22:54.6279 INFO 错误 - 文件“D:\WorkFile\WindowsService\Codes\trunk\DJS\DJS.WinApp\bin\Debug\Nlogs\2017-06-13.log”正由另一进程使用，因此该进程无法访问此文件。
2017-06-13 15:22:57.6262 INFO 错误 - 文件“D:\WorkFile\WindowsService\Codes\trunk\DJS\DJS.WinApp\bin\Debug\Nlogs\2017-06-13.log”正由另一进程使用，因此该进程无法访问此文件。
2017-06-13 15:22:57.6788 INFO 正常 - 测试任务1测试
2017-06-13 15:23:00.6411 INFO 错误 - 文件“D:\WorkFile\WindowsService\Codes\trunk\DJS\DJS.WinApp\bin\Debug\Nlogs\2017-06-13.log”正由另一进程使用，因此该进程无法访问此文件。
2017-06-13 15:23:02.3912 INFO 错误 - 文件“D:\WorkFile\WindowsService\Codes\trunk\DJS\DJS.WinApp\bin\Debug\Nlogs\2017-06-13.log”正由另一进程使用，因此该进程无法访问此文件。
2017-06-13 15:23:03.6476 INFO 错误 - 文件“D:\WorkFile\WindowsService\Codes\trunk\DJS\DJS.WinApp\bin\Debug\Nlogs\2017-06-13.log”正由另一进程使用，因此该进程无法访问此文件。
2017-06-13 15:23:05.3958 INFO 错误 - 文件“D:\WorkFile\WindowsService\Codes\trunk\DJS\DJS.WinApp\bin\Debug\Nlogs\2017-06-13.log”正由另一进程使用，因此该进程无法访问此文件。
2017-06-13 15:23:06.6606 INFO 错误 - 文件“D:\WorkFile\WindowsService\Codes\trunk\DJS\DJS.WinApp\bin\Debug\Nlogs\2017-06-13.log”正由另一进程使用，因此该进程无法访问此文件。
2017-06-13 15:23:08.3944 INFO 错误 - 文件“D:\WorkFile\WindowsService\Codes\trunk\DJS\DJS.WinApp\bin\Debug\Nlogs\2017-06-13.log”正由另一进程使用，因此该进程无法访问此文件。
2017-06-13 15:23:09.6742 INFO 错误 - 文件“D:\WorkFile\WindowsService\Codes\trunk\DJS\DJS.WinApp\bin\Debug\Nlogs\2017-06-13.log”正由另一进程使用，因此该进程无法访问此文件。
2017-06-13 15:23:11.3920 INFO 错误 - 文件“D:\WorkFile\WindowsService\Codes\trunk\DJS\DJS.WinApp\bin\Debug\Nlogs\2017-06-13.log”正由另一进程使用，因此该进程无法访问此文件。
2017-06-13 15:23:12.6736 INFO 错误 - 文件“D:\WorkFile\WindowsService\Codes\trunk\DJS\DJS.WinApp\bin\Debug\Nlogs\2017-06-13.log”正由另一进程使用，因此该进程无法访问此文件。
2017-06-13 15:23:14.4056 INFO 错误 - 文件“D:\WorkFile\WindowsService\Codes\trunk\DJS\DJS.WinApp\bin\Debug\Nlogs\2017-06-13.log”正由另一进程使用，因此该进程无法访问此文件。
2017-06-13 15:23:15.0642 INFO 正常 - 测试任务1测试
2017-06-13 15:23:15.6720 INFO 错误 - 文件“D:\WorkFile\WindowsService\Codes\trunk\DJS\DJS.WinApp\bin\Debug\Nlogs\2017-06-13.log”正由另一进程使用，因此该进程无法访问此文件。
2017-06-13 15:23:17.4068 INFO 错误 - 文件“D:\WorkFile\WindowsService\Codes\trunk\DJS\DJS.WinApp\bin\Debug\Nlogs\2017-06-13.log”正由另一进程使用，因此该进程无法访问此文件。
2017-06-13 15:23:18.6739 INFO 错误 - 文件“D:\WorkFile\WindowsService\Codes\trunk\DJS\DJS.WinApp\bin\Debug\Nlogs\2017-06-13.log”正由另一进程使用，因此该进程无法访问此文件。
2017-06-13 15:23:20.4083 INFO 错误 - 文件“D:\WorkFile\WindowsService\Codes\trunk\DJS\DJS.WinApp\bin\Debug\Nlogs\2017-06-13.log”正由另一进程使用，因此该进程无法访问此文件。
2017-06-13 15:23:21.6951 INFO 错误 - 文件“D:\WorkFile\WindowsService\Codes\trunk\DJS\DJS.WinApp\bin\Debug\Nlogs\2017-06-13.log”正由另一进程使用，因此该进程无法访问此文件。
2017-06-13 15:23:24.7027 INFO 错误 - 文件“D:\WorkFile\WindowsService\Codes\trunk\DJS\DJS.WinApp\bin\Debug\Nlogs\2017-06-13.log”正由另一进程使用，因此该进程无法访问此文件。
2017-06-13 15:23:26.4237 INFO 错误 - 文件“D:\WorkFile\WindowsService\Codes\trunk\DJS\DJS.WinApp\bin\Debug\Nlogs\2017-06-13.log”正由另一进程使用，因此该进程无法访问此文件。
2017-06-13 15:23:27.7051 INFO 错误 - 文件“D:\WorkFile\WindowsService\Codes\trunk\DJS\DJS.WinApp\bin\Debug\Nlogs\2017-06-13.log”正由另一进程使用，因此该进程无法访问此文件。
2017-06-13 15:23:29.4211 INFO 错误 - 文件“D:\WorkFile\WindowsService\Codes\trunk\DJS\DJS.WinApp\bin\Debug\Nlogs\2017-06-13.log”正由另一进程使用，因此该进程无法访问此文件。
2017-06-13 15:23:30.7030 INFO 错误 - 文件“D:\WorkFile\WindowsService\Codes\trunk\DJS\DJS.WinApp\bin\Debug\Nlogs\2017-06-13.log”正由另一进程使用，因此该进程无法访问此文件。
2017-06-13 15:23:32.4241 INFO 错误 - 文件“D:\WorkFile\WindowsService\Codes\trunk\DJS\DJS.WinApp\bin\Debug\Nlogs\2017-06-13.log”正由另一进程使用，因此该进程无法访问此文件。
2017-06-13 15:23:33.7056 INFO 错误 - 文件“D:\WorkFile\WindowsService\Codes\trunk\DJS\DJS.WinApp\bin\Debug\Nlogs\2017-06-13.log”正由另一进程使用，因此该进程无法访问此文件。
2017-06-13 15:23:36.7192 INFO 错误 - 文件“D:\WorkFile\WindowsService\Codes\trunk\DJS\DJS.WinApp\bin\Debug\Nlogs\2017-06-13.log”正由另一进程使用，因此该进程无法访问此文件。
2017-06-13 15:23:37.0012 INFO 正常 - 系统退出！
2017-06-13 15:49:35.4353 INFO 正常 - 进入系统！
2017-06-13 15:49:35.9195 INFO 错误 - 不允许所请求的注册表访问权。
2017-06-13 15:49:35.9555 INFO 错误 - 不允许所请求的注册表访问权。
2017-06-13 15:49:35.9555 INFO 正常 - 设置开机启动成功！
2017-06-13 15:49:37.5704 INFO 正常 - 启动自启动任务成功！任务名称：同步低电量房源任务
2017-06-13 15:50:22.9444 INFO 正常 - 系统退出！
2017-06-13 15:50:42.0767 INFO 正常 - 进入系统！
2017-06-13 15:50:42.2336 INFO 错误 - 不允许所请求的注册表访问权。
2017-06-13 15:50:42.2626 INFO 错误 - 不允许所请求的注册表访问权。
2017-06-13 15:50:42.2626 INFO 正常 - 设置开机启动成功！
2017-06-13 15:52:15.7379 INFO 正常 - 测试任务1测试
2017-06-13 15:52:15.7379 INFO 正常 - 测试任务1测试
2017-06-13 15:52:20.0052 INFO 正常 - 测试任务1测试
2017-06-13 15:52:25.0043 INFO 正常 - 测试任务1测试
2017-06-13 15:52:30.0072 INFO 正常 - 测试任务1测试
2017-06-13 15:52:35.0054 INFO 正常 - 测试任务1测试
2017-06-13 15:52:40.0019 INFO 正常 - 测试任务1测试
2017-06-13 15:52:45.0019 INFO 正常 - 测试任务1测试
2017-06-13 15:52:49.9993 INFO 正常 - 测试任务1测试
2017-06-13 15:52:55.0036 INFO 正常 - 测试任务1测试
2017-06-13 15:53:00.0098 INFO 正常 - 测试任务1测试
2017-06-13 15:53:05.0056 INFO 正常 - 测试任务1测试
2017-06-13 15:53:10.1073 INFO 正常 - 测试任务1测试
2017-06-13 15:53:15.0035 INFO 正常 - 测试任务1测试
2017-06-13 15:53:20.0034 INFO 正常 - 测试任务1测试
2017-06-13 15:53:25.0025 INFO 正常 - 测试任务1测试
2017-06-13 15:53:30.0037 INFO 正常 - 测试任务1测试
2017-06-13 15:53:35.0025 INFO 正常 - 测试任务1测试
2017-06-13 15:53:40.0053 INFO 正常 - 测试任务1测试
2017-06-13 15:53:45.0018 INFO 正常 - 测试任务1测试
2017-06-13 15:53:50.0030 INFO 正常 - 测试任务1测试
2017-06-13 15:54:17.0375 INFO 正常 - 进入系统！
2017-06-13 15:54:17.1425 INFO 错误 - 不允许所请求的注册表访问权。
2017-06-13 15:54:17.1425 INFO 错误 - 不允许所请求的注册表访问权。
2017-06-13 15:54:17.1535 INFO 正常 - 设置开机启动成功！
2017-06-13 15:54:35.0544 INFO 正常 - 测试任务1测试
2017-06-13 15:54:40.0043 INFO 正常 - 测试任务1测试
2017-06-13 15:54:45.0044 INFO 正常 - 测试任务1测试
2017-06-13 15:54:50.0066 INFO 正常 - 测试任务1测试
2017-06-13 15:54:55.0008 INFO 正常 - 测试任务1测试
2017-06-13 15:55:00.0085 INFO 正常 - 测试任务1测试
2017-06-13 15:55:05.0026 INFO 正常 - 测试任务1测试
2017-06-13 15:55:10.0007 INFO 正常 - 测试任务1测试
2017-06-13 15:55:15.0034 INFO 正常 - 测试任务1测试
2017-06-13 15:55:20.0007 INFO 正常 - 测试任务1测试
2017-06-13 15:55:25.0021 INFO 正常 - 测试任务1测试
2017-06-13 15:55:30.0008 INFO 正常 - 测试任务1测试
2017-06-13 15:55:35.0044 INFO 正常 - 测试任务1测试
2017-06-13 15:55:40.0018 INFO 正常 - 测试任务1测试
2017-06-13 15:55:45.0017 INFO 正常 - 测试任务1测试
2017-06-13 15:55:50.0012 INFO 正常 - 测试任务1测试
2017-06-13 15:55:55.0010 INFO 正常 - 测试任务1测试
2017-06-13 15:56:00.0010 INFO 正常 - 测试任务1测试
2017-06-13 15:56:05.0030 INFO 正常 - 测试任务1测试
2017-06-13 15:56:10.0011 INFO 正常 - 测试任务1测试
2017-06-13 15:56:15.0025 INFO 正常 - 测试任务1测试
2017-06-13 15:56:20.0072 INFO 正常 - 测试任务1测试
2017-06-13 15:56:25.0005 INFO 正常 - 测试任务1测试
2017-06-13 15:56:30.0032 INFO 正常 - 测试任务1测试
2017-06-13 15:56:35.0054 INFO 正常 - 测试任务1测试
2017-06-13 15:56:40.0023 INFO 正常 - 测试任务1测试
2017-06-13 15:56:45.0031 INFO 正常 - 测试任务1测试
2017-06-13 15:56:50.0043 INFO 正常 - 测试任务1测试
2017-06-13 15:56:55.0016 INFO 正常 - 测试任务1测试
2017-06-13 15:57:00.0022 INFO 正常 - 测试任务1测试
2017-06-13 15:57:05.0075 INFO 正常 - 测试任务1测试
2017-06-13 15:57:10.0016 INFO 正常 - 测试任务1测试
2017-06-13 15:57:15.0035 INFO 正常 - 测试任务1测试
2017-06-13 15:57:17.7125 INFO 正常 - 系统退出！
2017-06-13 15:57:30.3043 INFO 正常 - 进入系统！
2017-06-13 15:57:30.4403 INFO 错误 - 不允许所请求的注册表访问权。
2017-06-13 15:57:30.4403 INFO 错误 - 不允许所请求的注册表访问权。
2017-06-13 15:57:30.4563 INFO 正常 - 设置开机启动成功！
2017-06-13 15:57:38.4469 INFO 正常 - 测试任务1测试-1.0
2017-06-13 15:57:40.0024 INFO 正常 - 测试任务1测试-1.0
2017-06-13 15:57:45.0016 INFO 正常 - 测试任务1测试-1.0
2017-06-13 15:57:50.0045 INFO 正常 - 测试任务1测试-1.0
2017-06-13 15:57:55.0050 INFO 正常 - 测试任务1测试-1.0
2017-06-13 15:58:00.0017 INFO 正常 - 测试任务1测试-1.0
2017-06-13 15:58:02.9253 INFO 正常 - 系统退出！
2017-06-13 15:58:20.8837 INFO 正常 - 进入系统！
2017-06-13 15:58:21.0317 INFO 错误 - 不允许所请求的注册表访问权。
2017-06-13 15:58:21.0747 INFO 错误 - 不允许所请求的注册表访问权。
2017-06-13 15:58:21.0807 INFO 正常 - 设置开机启动成功！
2017-06-13 15:58:33.2117 INFO 正常 - 测试任务1测试-1.0
2017-06-13 15:58:35.0019 INFO 正常 - 测试任务1测试-1.0
2017-06-13 15:58:40.0013 INFO 正常 - 测试任务1测试-1.0
2017-06-13 15:58:45.0067 INFO 正常 - 测试任务1测试-1.0
2017-06-13 15:58:50.0072 INFO 正常 - 测试任务1测试-1.0
2017-06-13 15:58:55.0045 INFO 正常 - 测试任务1测试-1.0
2017-06-13 15:59:00.0059 INFO 正常 - 测试任务1测试-1.0
2017-06-13 15:59:05.0023 INFO 正常 - 测试任务1测试-1.0
2017-06-13 15:59:10.0025 INFO 正常 - 测试任务1测试-1.0
2017-06-13 15:59:15.0006 INFO 正常 - 测试任务1测试-1.0
2017-06-13 15:59:20.0043 INFO 正常 - 测试任务1测试-1.0
2017-06-13 15:59:25.0017 INFO 正常 - 测试任务1测试-1.0
2017-06-13 15:59:30.0020 INFO 正常 - 测试任务1测试-1.0
2017-06-13 15:59:35.0054 INFO 正常 - 测试任务1测试-1.0
2017-06-13 15:59:40.0022 INFO 正常 - 测试任务1测试-1.0
2017-06-13 15:59:45.0021 INFO 正常 - 测试任务1测试-1.0
2017-06-13 15:59:50.7527 INFO 正常 - 测试任务1测试-1.0
2017-06-13 15:59:55.1083 INFO 正常 - 测试任务1测试-1.0
2017-06-13 16:00:00.0083 INFO 正常 - 测试任务1测试-1.0
2017-06-13 16:00:06.6891 INFO 正常 - 测试任务1测试-1.0
2017-06-13 16:00:12.1746 INFO 正常 - 测试任务1测试-1.0
2017-06-13 16:00:16.0276 INFO 正常 - 测试任务1测试-1.0
2017-06-13 16:00:21.8443 INFO 正常 - 测试任务1测试-1.0
2017-06-13 16:01:10.0039 INFO 正常 - 测试任务1测试-1.0
2017-06-13 16:01:15.0055 INFO 正常 - 测试任务1测试-1.0
2017-06-13 16:01:20.0539 INFO 正常 - 测试任务1测试-1.0
2017-06-13 16:01:25.0037 INFO 正常 - 测试任务1测试-1.0
2017-06-13 16:01:30.0053 INFO 正常 - 测试任务1测试-1.0
2017-06-13 16:01:35.0391 INFO 正常 - 测试任务1测试-1.0
2017-06-13 16:01:40.0039 INFO 正常 - 测试任务1测试-1.0
2017-06-13 16:01:45.0019 INFO 正常 - 测试任务1测试-1.0
2017-06-13 16:01:50.0379 INFO 正常 - 测试任务1测试-1.0
2017-06-13 16:01:55.0061 INFO 正常 - 测试任务1测试-1.0
2017-06-13 16:03:05.9011 INFO 正常 - 进入系统！
2017-06-13 16:03:06.0862 INFO 错误 - 不允许所请求的注册表访问权。
2017-06-13 16:03:06.1282 INFO 错误 - 不允许所请求的注册表访问权。
2017-06-13 16:03:06.1282 INFO 正常 - 设置开机启动成功！
2017-06-13 16:03:40.6087 INFO 正常 - 测试任务1测试
2017-06-13 16:03:40.6087 INFO 正常 - 测试任务1测试
2017-06-13 16:03:45.0024 INFO 正常 - 测试任务1测试
2017-06-13 16:03:50.0073 INFO 正常 - 测试任务1测试
2017-06-13 16:03:55.0037 INFO 正常 - 测试任务1测试
2017-06-13 16:04:00.0036 INFO 正常 - 测试任务1测试
2017-06-13 16:04:05.0062 INFO 正常 - 测试任务1测试
2017-06-13 16:04:10.0014 INFO 正常 - 测试任务1测试
2017-06-13 16:04:15.0131 INFO 正常 - 测试任务1测试
2017-06-13 16:04:20.0029 INFO 正常 - 测试任务1测试
2017-06-13 16:04:30.0025 INFO 正常 - 测试任务1测试
2017-06-13 16:09:02.4942 INFO 正常 - 进入系统！
2017-06-13 16:09:02.6514 INFO 错误 - 不允许所请求的注册表访问权。
2017-06-13 16:09:02.6884 INFO 错误 - 不允许所请求的注册表访问权。
2017-06-13 16:09:02.6884 INFO 正常 - 设置开机启动成功！
2017-06-13 16:12:42.4753 INFO 正常 - 进入系统！
2017-06-13 16:12:42.6515 INFO 错误 - 不允许所请求的注册表访问权。
2017-06-13 16:12:42.6855 INFO 错误 - 不允许所请求的注册表访问权。
2017-06-13 16:12:42.6855 INFO 正常 - 设置开机启动成功！
2017-06-13 16:13:05.1135 INFO 正常 - 测试任务1测试-1.0
2017-06-13 16:13:10.0047 INFO 正常 - 测试任务1测试-1.0
2017-06-13 16:13:15.0039 INFO 正常 - 测试任务1测试-1.0
2017-06-13 16:13:20.0059 INFO 正常 - 测试任务1测试-1.0
2017-06-13 16:13:25.0020 INFO 正常 - 测试任务1测试-1.0
2017-06-13 16:13:30.0056 INFO 正常 - 测试任务1测试-1.0
2017-06-13 16:13:36.5954 INFO 正常 - 测试任务1测试-1.0
2017-06-13 16:13:40.5608 INFO 正常 - 测试任务1测试-1.0
2017-06-13 16:13:46.0099 INFO 正常 - 测试任务1测试-1.0
2017-06-13 16:13:50.0163 INFO 正常 - 测试任务1测试-1.0
2017-06-13 16:14:35.0039 INFO 正常 - 测试任务1测试-1.0
2017-06-13 16:14:35.3050 INFO 错误 - 获取文件MD5错误:文件“D:\WorkFile\WindowsService\Codes\trunk\DJS\DJS.WinApp\bin\Debug\Nlogs\2017-06-13.log”正由另一进程使用，因此该进程无法访问此文件。
2017-06-13 16:14:40.0058 INFO 正常 - 测试任务1测试-1.0
2017-06-13 16:14:45.0067 INFO 正常 - 测试任务1测试-1.0
2017-06-13 16:14:50.0034 INFO 正常 - 测试任务1测试-1.0
2017-06-13 16:14:55.0025 INFO 正常 - 测试任务1测试-1.0
2017-06-13 16:15:00.0081 INFO 正常 - 测试任务1测试-1.0
2017-06-13 16:15:05.0047 INFO 正常 - 测试任务1测试-1.0
2017-06-13 16:15:10.0027 INFO 正常 - 测试任务1测试-1.0
2017-06-13 16:15:15.0073 INFO 正常 - 测试任务1测试-1.0
2017-06-13 16:15:20.0021 INFO 正常 - 测试任务1测试-1.0
2017-06-13 16:15:25.0123 INFO 正常 - 测试任务1测试-1.0
2017-06-13 16:15:30.0019 INFO 正常 - 测试任务1测试-1.0
2017-06-13 16:15:38.6363 INFO 正常 - 测试任务1测试-1.0
2017-06-13 16:15:45.2099 INFO 正常 - 测试任务1测试-1.0
2017-06-13 16:15:45.2189 INFO 正常 - 测试任务1测试-1.0
2017-06-13 16:15:50.2779 INFO 正常 - 测试任务1测试-1.0
2017-06-13 16:15:55.2349 INFO 正常 - 测试任务1测试-1.0
2017-06-13 16:16:00.0073 INFO 正常 - 测试任务1测试-1.0
2017-06-13 16:16:05.0038 INFO 正常 - 测试任务1测试-1.0
2017-06-13 16:16:10.0063 INFO 正常 - 测试任务1测试-1.0
2017-06-13 16:16:15.0028 INFO 正常 - 测试任务1测试-1.0
2017-06-13 16:16:21.4277 INFO 正常 - 测试任务1测试-1.0
2017-06-13 16:16:25.0046 INFO 正常 - 测试任务1测试-1.0
2017-06-13 16:16:30.0057 INFO 正常 - 测试任务1测试-1.0
2017-06-13 16:16:35.0037 INFO 正常 - 测试任务1测试-1.0
2017-06-13 16:16:40.0031 INFO 正常 - 测试任务1测试-1.0
2017-06-13 16:16:45.0067 INFO 正常 - 测试任务1测试-1.0
2017-06-13 16:16:50.0045 INFO 正常 - 测试任务1测试-1.0
2017-06-13 16:16:55.0037 INFO 正常 - 测试任务1测试-1.0
2017-06-13 16:17:00.0074 INFO 正常 - 测试任务1测试-1.0
2017-06-13 16:17:05.0054 INFO 正常 - 测试任务1测试-1.0
2017-06-13 16:17:10.0014 INFO 正常 - 测试任务1测试-1.0
2017-06-13 16:17:15.0032 INFO 正常 - 测试任务1测试-1.0
2017-06-13 16:17:20.0030 INFO 正常 - 测试任务1测试-1.0
2017-06-13 16:17:25.0046 INFO 正常 - 测试任务1测试-1.0
2017-06-13 16:17:30.0066 INFO 正常 - 测试任务1测试-1.0
2017-06-13 16:17:35.0034 INFO 正常 - 测试任务1测试-1.0
2017-06-13 16:17:40.0048 INFO 正常 - 测试任务1测试-1.0
2017-06-13 16:17:45.0032 INFO 正常 - 测试任务1测试-1.0
2017-06-13 16:17:50.0057 INFO 正常 - 测试任务1测试-1.0
2017-06-13 16:17:55.0027 INFO 正常 - 测试任务1测试-1.0
2017-06-13 16:18:00.0102 INFO 正常 - 测试任务1测试-1.0
2017-06-13 16:18:05.0013 INFO 正常 - 测试任务1测试-1.0
2017-06-13 16:18:10.0045 INFO 正常 - 测试任务1测试-1.0
2017-06-13 16:18:15.0058 INFO 正常 - 测试任务1测试-1.0
2017-06-13 16:18:20.0034 INFO 正常 - 测试任务1测试-1.0
2017-06-13 16:18:25.0303 INFO 正常 - 测试任务1测试-1.0
2017-06-13 16:18:30.0059 INFO 正常 - 测试任务1测试-1.0
2017-06-13 16:18:37.3074 INFO 正常 - 测试任务1测试-1.0
2017-06-13 16:18:40.0844 INFO 正常 - 测试任务1测试-1.0
2017-06-13 16:18:45.4317 INFO 正常 - 测试任务1测试-1.0
2017-06-13 16:19:52.3707 INFO 正常 - 进入系统！
2017-06-13 16:19:52.5167 INFO 错误 - 不允许所请求的注册表访问权。
2017-06-13 16:19:52.5497 INFO 错误 - 不允许所请求的注册表访问权。
2017-06-13 16:19:52.5497 INFO 正常 - 设置开机启动成功！
2017-06-13 16:20:16.0169 INFO 正常 - 测试任务1测试
2017-06-13 16:20:16.0169 INFO 正常 - 测试任务1测试
2017-06-13 16:20:20.0040 INFO 正常 - 测试任务1测试
2017-06-13 16:20:25.0013 INFO 正常 - 测试任务1测试
2017-06-13 16:20:30.0068 INFO 正常 - 测试任务1测试
2017-06-13 16:20:35.0023 INFO 正常 - 测试任务1测试
2017-06-13 16:20:40.0008 INFO 正常 - 测试任务1测试
2017-06-13 16:20:45.0021 INFO 正常 - 测试任务1测试
2017-06-13 16:20:50.0026 INFO 正常 - 测试任务1测试
2017-06-13 16:27:27.3811 INFO 正常 - 进入系统！
2017-06-13 16:27:27.5521 INFO 错误 - 不允许所请求的注册表访问权。
2017-06-13 16:27:27.5901 INFO 错误 - 不允许所请求的注册表访问权。
2017-06-13 16:27:27.5951 INFO 正常 - 设置开机启动成功！
2017-06-13 16:30:10.5914 INFO 正常 - 进入系统！
2017-06-13 16:30:10.7444 INFO 错误 - 不允许所请求的注册表访问权。
2017-06-13 16:30:10.7814 INFO 错误 - 不允许所请求的注册表访问权。
2017-06-13 16:30:10.7814 INFO 正常 - 设置开机启动成功！
2017-06-13 16:31:56.4173 INFO 正常 - 进入系统！
2017-06-13 16:31:56.6182 INFO 错误 - 不允许所请求的注册表访问权。
2017-06-13 16:31:56.6562 INFO 错误 - 不允许所请求的注册表访问权。
2017-06-13 16:31:56.6562 INFO 正常 - 设置开机启动成功！
2017-06-13 16:34:52.3066 INFO 正常 - 进入系统！
2017-06-13 16:34:52.4886 INFO 错误 - 不允许所请求的注册表访问权。
2017-06-13 16:34:52.5236 INFO 错误 - 不允许所请求的注册表访问权。
2017-06-13 16:34:52.5286 INFO 正常 - 设置开机启动成功！
2017-06-13 16:34:52.8536 INFO 错误 - 启动自启动任务失败！未能加载文件或程序集“D:\\WorkFile\\WindowsService\\Codes\\trunk\\DJS\\DJS.WinApp\\bin\\Debug\\Stores\\日租金分摊\\DailyRentApportionService.dll”或它的某一个依赖项。给定程序集名称或基本代码无效。 (异常来自 HRESULT:0x80131047)
2017-06-13 16:37:00.2093 INFO 正常 - 进入系统！
2017-06-13 16:37:00.3703 INFO 错误 - 不允许所请求的注册表访问权。
2017-06-13 16:37:00.4043 INFO 错误 - 不允许所请求的注册表访问权。
2017-06-13 16:37:00.4043 INFO 正常 - 设置开机启动成功！
2017-06-13 16:38:04.5430 INFO 错误 - 发生了异常“Microsoft.VisualStudio.Debugger.Runtime.CrossThreadMessagingException”
2017-06-13 16:41:07.0380 INFO 正常 - 进入系统！
2017-06-13 16:41:07.2029 INFO 错误 - 不允许所请求的注册表访问权。
2017-06-13 16:41:07.2379 INFO 错误 - 不允许所请求的注册表访问权。
2017-06-13 16:41:07.2379 INFO 正常 - 设置开机启动成功！
2017-06-13 16:42:16.1438 INFO 正常 - 测试任务1测试
2017-06-13 16:42:20.0019 INFO 正常 - 测试任务1测试
2017-06-13 16:42:25.0034 INFO 正常 - 测试任务1测试
2017-06-13 16:42:29.9996 INFO 正常 - 测试任务1测试
2017-06-13 16:42:35.0041 INFO 正常 - 测试任务1测试
2017-06-13 16:42:40.0012 INFO 正常 - 测试任务1测试
2017-06-13 16:42:45.4613 INFO 正常 - 测试任务1测试-1.0
2017-06-13 16:42:50.0042 INFO 正常 - 测试任务1测试-1.0
2017-06-13 16:42:55.0025 INFO 正常 - 测试任务1测试-1.0
2017-06-13 16:43:00.0025 INFO 正常 - 测试任务1测试-1.0
2017-06-13 16:43:05.0017 INFO 正常 - 测试任务1测试-1.0
2017-06-13 16:48:58.0907 INFO 正常 - 进入系统！
2017-06-13 16:48:58.2547 INFO 错误 - 不允许所请求的注册表访问权。
2017-06-13 16:48:58.2857 INFO 错误 - 不允许所请求的注册表访问权。
2017-06-13 16:48:58.2857 INFO 正常 - 设置开机启动成功！
2017-06-13 16:49:10.6283 INFO 正常 - 测试任务1测试-1.0
2017-06-13 16:49:10.6283 INFO 正常 - 测试任务1测试-1.0
2017-06-13 16:49:15.0033 INFO 正常 - 测试任务1测试-1.0
2017-06-13 16:49:20.0018 INFO 正常 - 测试任务1测试-1.0
2017-06-13 16:49:25.0048 INFO 正常 - 测试任务1测试-1.0
2017-06-13 16:49:30.0024 INFO 正常 - 测试任务1测试-1.0
2017-06-13 16:49:35.0014 INFO 正常 - 测试任务1测试-1.0
2017-06-13 16:49:35.7662 INFO 正常 - 测试任务1测试
2017-06-13 16:49:40.0052 INFO 正常 - 测试任务1测试
2017-06-13 16:49:43.5908 INFO 正常 - 系统退出！
2017-06-13 16:50:43.0558 INFO 正常 - 进入系统！
2017-06-13 16:50:43.2088 INFO 错误 - 不允许所请求的注册表访问权。
2017-06-13 16:50:43.2468 INFO 错误 - 不允许所请求的注册表访问权。
2017-06-13 16:50:43.2468 INFO 正常 - 设置开机启动成功！
2017-06-13 16:51:10.0405 INFO 正常 - 测试任务1测试
2017-06-13 16:51:15.0043 INFO 正常 - 测试任务1测试
2017-06-13 16:51:18.8689 INFO 正常 - 测试任务1测试
2017-06-13 16:51:20.0027 INFO 正常 - 测试任务1测试
2017-06-13 16:51:25.0083 INFO 正常 - 测试任务1测试
2017-06-13 16:51:29.4145 INFO 正常 - 测试任务1测试
2017-06-13 16:51:30.0021 INFO 正常 - 测试任务1测试
2017-06-13 16:51:35.0020 INFO 正常 - 测试任务1测试
2017-06-13 16:51:37.4656 INFO 正常 - 系统退出！
2017-06-13 16:52:20.9622 INFO 正常 - 进入系统！
2017-06-13 16:52:21.1242 INFO 错误 - 不允许所请求的注册表访问权。
2017-06-13 16:52:21.1592 INFO 错误 - 不允许所请求的注册表访问权。
2017-06-13 16:52:21.1592 INFO 正常 - 设置开机启动成功！
2017-06-13 16:52:27.1289 INFO 正常 - 测试任务1测试
2017-06-13 16:52:30.0023 INFO 正常 - 测试任务1测试
2017-06-13 16:52:35.0112 INFO 正常 - 测试任务1测试
2017-06-13 16:52:40.0182 INFO 正常 - 测试任务1测试
2017-06-13 16:52:45.0049 INFO 正常 - 测试任务1测试
2017-06-13 16:52:50.0133 INFO 正常 - 测试任务1测试-1.0
2017-06-13 16:52:55.0013 INFO 正常 - 测试任务1测试-1.0
2017-06-13 16:52:59.2555 INFO 正常 - 系统退出！
2017-06-13 17:13:36.8101 INFO 正常 - 进入系统！
2017-06-13 17:13:36.9751 INFO 错误 - 不允许所请求的注册表访问权。
2017-06-13 17:13:37.0271 INFO 错误 - 不允许所请求的注册表访问权。
2017-06-13 17:13:37.0311 INFO 正常 - 设置开机启动成功！
2017-06-13 17:15:41.8610 INFO 正常 - 进入系统！
2017-06-13 17:15:42.0180 INFO 错误 - 不允许所请求的注册表访问权。
2017-06-13 17:15:42.0520 INFO 错误 - 不允许所请求的注册表访问权。
2017-06-13 17:15:42.0520 INFO 正常 - 设置开机启动成功！
2017-06-13 17:16:17.0072 INFO 正常 - 测试任务1测试
2017-06-13 17:16:20.0039 INFO 正常 - 测试任务1测试
2017-06-13 17:16:25.0027 INFO 正常 - 测试任务1测试
2017-06-13 17:16:30.0017 INFO 正常 - 测试任务1测试
2017-06-13 17:16:35.0017 INFO 正常 - 测试任务1测试
2017-06-13 17:16:40.0042 INFO 正常 - 测试任务1测试
2017-06-13 17:16:45.0023 INFO 正常 - 测试任务1测试
2017-06-13 17:16:50.0051 INFO 正常 - 测试任务1测试
2017-06-13 17:16:55.0046 INFO 正常 - 测试任务1测试
2017-06-13 17:17:00.0102 INFO 正常 - 测试任务1测试
2017-06-13 17:17:05.0075 INFO 正常 - 测试任务1测试-1.0
2017-06-13 17:17:10.0025 INFO 正常 - 测试任务1测试-1.0
2017-06-13 17:17:15.0074 INFO 正常 - 测试任务1测试-1.0
2017-06-13 17:17:20.0042 INFO 正常 - 测试任务1测试-1.0
2017-06-13 17:17:25.0043 INFO 正常 - 测试任务1测试-1.0
2017-06-13 17:17:30.0058 INFO 正常 - 测试任务1测试-1.0
2017-06-13 17:17:35.0076 INFO 正常 - 测试任务1测试-1.0
2017-06-13 17:17:40.0024 INFO 正常 - 测试任务1测试-1.0
2017-06-13 17:17:45.0053 INFO 正常 - 测试任务1测试-1.0
2017-06-13 17:17:50.0058 INFO 正常 - 测试任务1测试-1.0
2017-06-13 17:17:55.0085 INFO 正常 - 测试任务1测试-1.0
2017-06-13 17:18:00.0090 INFO 正常 - 测试任务1测试-1.0
2017-06-13 17:18:05.0021 INFO 正常 - 测试任务1测试-1.0
2017-06-13 17:18:10.0038 INFO 正常 - 测试任务1测试-1.0
2017-06-13 17:18:15.0037 INFO 正常 - 测试任务1测试-1.0
2017-06-13 17:18:20.0081 INFO 正常 - 测试任务1测试-1.0
2017-06-13 17:18:25.0071 INFO 正常 - 测试任务1测试-1.0
2017-06-13 17:18:30.0035 INFO 正常 - 测试任务1测试-1.0
2017-06-13 17:18:35.0032 INFO 正常 - 测试任务1测试-1.0
2017-06-13 17:18:40.0062 INFO 正常 - 测试任务1测试-1.0
2017-06-13 17:22:13.2344 INFO 正常 - 进入系统！
2017-06-13 17:22:13.3794 INFO 错误 - 不允许所请求的注册表访问权。
2017-06-13 17:22:13.4094 INFO 错误 - 不允许所请求的注册表访问权。
2017-06-13 17:22:13.4094 INFO 正常 - 设置开机启动成功！
2017-06-13 17:22:20.0448 INFO 正常 - 测试任务1测试-1.0
2017-06-13 17:22:25.0097 INFO 正常 - 测试任务1测试-1.0
2017-06-13 17:22:30.0083 INFO 正常 - 测试任务1测试-1.0
2017-06-13 17:22:35.0020 INFO 正常 - 测试任务1测试-1.0
2017-06-13 17:22:40.0110 INFO 正常 - 测试任务1测试-1.0
2017-06-13 17:22:45.0058 INFO 正常 - 测试任务1测试-1.0
2017-06-13 17:22:45.6794 INFO 正常 - 测试任务1测试
2017-06-13 17:22:50.0042 INFO 正常 - 测试任务1测试
2017-06-13 17:22:55.0061 INFO 正常 - 测试任务1测试
2017-06-13 17:23:00.0086 INFO 正常 - 测试任务1测试
2017-06-13 17:23:05.0018 INFO 正常 - 测试任务1测试
2017-06-13 17:25:20.8384 INFO 正常 - 进入系统！
2017-06-13 17:25:21.0059 INFO 错误 - 不允许所请求的注册表访问权。
2017-06-13 17:25:21.0389 INFO 错误 - 不允许所请求的注册表访问权。
2017-06-13 17:25:21.0559 INFO 正常 - 设置开机启动成功！
2017-06-13 17:25:30.0253 INFO 正常 - 测试任务1测试
2017-06-13 17:25:35.0062 INFO 正常 - 测试任务1测试
2017-06-13 17:25:40.0237 INFO 正常 - 测试任务1测试
2017-06-13 17:25:45.0025 INFO 正常 - 测试任务1测试
2017-06-13 17:28:09.2843 INFO 错误 - 获取文件MD5错误:文件“D:\WorkFile\WindowsService\Codes\trunk\DJS\DJS.WinApp\bin\Debug\Nlogs\2017-06-13.log”正由另一进程使用，因此该进程无法访问此文件。
2017-06-13 17:28:09.3443 INFO 错误 - 获取文件MD5错误:文件“D:\WorkFile\WindowsService\Codes\trunk\DJS\DJS.WinApp\bin\Debug\Nlogs\2017-06-13.log”正由另一进程使用，因此该进程无法访问此文件。
2017-06-13 17:28:30.0655 INFO 正常 - 系统退出！
2017-06-13 17:28:52.6252 INFO 正常 - 进入系统！
2017-06-13 17:28:52.7892 INFO 错误 - 不允许所请求的注册表访问权。
2017-06-13 17:28:52.8212 INFO 错误 - 不允许所请求的注册表访问权。
2017-06-13 17:28:52.8282 INFO 正常 - 设置开机启动成功！
2017-06-13 17:29:07.2457 INFO 错误 - 测试任务1接口调用失败！未将对象引用设置到对象的实例。
2017-06-13 17:29:07.2967 INFO 正常 - 错误邮件发送开始！
2017-06-13 17:29:08.8114 INFO 正常 - 错误邮件发送结束！
2017-06-13 17:29:10.0215 INFO 错误 - 测试任务1接口调用失败！未将对象引用设置到对象的实例。
2017-06-13 17:29:10.0305 INFO 正常 - 错误邮件发送开始！
2017-06-13 17:29:11.3145 INFO 正常 - 错误邮件发送结束！
2017-06-13 17:29:15.0322 INFO 错误 - 测试任务1接口调用失败！未将对象引用设置到对象的实例。
2017-06-13 17:29:15.0452 INFO 正常 - 错误邮件发送开始！
2017-06-13 17:29:16.2363 INFO 正常 - 错误邮件发送结束！
2017-06-13 17:29:20.0063 INFO 错误 - 测试任务1接口调用失败！未将对象引用设置到对象的实例。
2017-06-13 17:29:20.0063 INFO 正常 - 错误邮件发送开始！
2017-06-13 17:31:53.7057 INFO 正常 - 进入系统！
2017-06-13 17:31:53.9107 INFO 错误 - 不允许所请求的注册表访问权。
2017-06-13 17:31:53.9437 INFO 错误 - 不允许所请求的注册表访问权。
2017-06-13 17:31:53.9437 INFO 正常 - 设置开机启动成功！
2017-06-13 17:32:05.9293 INFO 正常 - 测试任务1测试-1.0-
2017-06-13 17:32:10.1065 INFO 正常 - 测试任务1测试-1.0-111
2017-06-13 17:32:15.0660 INFO 正常 - 测试任务1测试-1.0-111
2017-06-13 17:32:20.0413 INFO 正常 - 测试任务1测试-1.0-111
2017-06-13 17:32:25.0393 INFO 正常 - 测试任务1测试-1.0-111
2017-06-13 17:32:30.0440 INFO 正常 - 测试任务1测试-1.0-22222
2017-06-13 17:32:35.0418 INFO 正常 - 测试任务1测试-1.0-22222
2017-06-13 17:32:40.0542 INFO 正常 - 测试任务1测试-1.0-22222
2017-06-13 17:32:45.0934 INFO 正常 - 测试任务1测试-1.0-22222
2017-06-13 17:32:50.0569 INFO 正常 - 测试任务1测试-1.0-22222
2017-06-13 17:32:55.0635 INFO 正常 - 测试任务1测试-1.0-22222
2017-06-13 17:33:00.0441 INFO 正常 - 测试任务1测试-1.0-22222
2017-06-13 17:33:05.0567 INFO 正常 - 测试任务1测试-1.0-22222
2017-06-13 17:33:10.0849 INFO 正常 - 测试任务1测试-1.0-22222
2017-06-13 17:33:15.0529 INFO 正常 - 测试任务1测试-1.0-22222
2017-06-13 17:33:20.0588 INFO 正常 - 测试任务1测试-1.0-22222
2017-06-13 17:33:25.0827 INFO 正常 - 测试任务1测试-1.0-22222
2017-06-13 17:33:30.0501 INFO 正常 - 测试任务1测试-1.0-22222
2017-06-13 17:33:35.0571 INFO 正常 - 测试任务1测试-1.0-22222
2017-06-13 17:33:40.0919 INFO 正常 - 测试任务1测试-1.0-22222
2017-06-13 17:33:45.0490 INFO 正常 - 测试任务1测试-1.0-22222
2017-06-13 17:33:50.0600 INFO 正常 - 测试任务1测试-1.0-22222
2017-06-13 17:33:55.0837 INFO 正常 - 测试任务1测试-1.0-22222
2017-06-13 17:34:00.0981 INFO 正常 - 测试任务1测试-1.0-22222
2017-06-13 17:34:05.0776 INFO 正常 - 测试任务1测试-1.0-22222
2017-06-13 17:34:10.6789 INFO 正常 - 测试任务1测试-1.0-22222
2017-06-13 17:34:15.0623 INFO 正常 - 测试任务1测试-1.0-22222
2017-06-13 17:34:20.1025 INFO 正常 - 测试任务1测试-1.0-22222
2017-06-13 17:34:25.0867 INFO 正常 - 测试任务1测试-1.0-22222
2017-06-13 17:34:30.0744 INFO 正常 - 测试任务1测试-1.0-22222
2017-06-13 17:34:33.3463 INFO 正常 - 系统退出！
2017-06-13 17:34:54.2112 INFO 正常 - 进入系统！
2017-06-13 17:34:54.3083 INFO 错误 - 不允许所请求的注册表访问权。
2017-06-13 17:34:54.3122 INFO 错误 - 不允许所请求的注册表访问权。
2017-06-13 17:34:54.3122 INFO 正常 - 设置开机启动成功！
2017-06-13 17:35:38.8422 INFO 正常 - 测试任务1测试-1.0-22222
2017-06-13 17:35:40.0089 INFO 正常 - 测试任务1测试-1.0-22222
2017-06-13 17:35:45.0109 INFO 正常 - 测试任务1测试-1.0-22222
2017-06-13 17:35:50.0243 INFO 正常 - 测试任务1测试-1.0-22222
2017-06-13 17:35:55.0074 INFO 正常 - 测试任务1测试
2017-06-13 17:36:00.0059 INFO 正常 - 测试任务1测试
2017-06-13 17:36:05.0021 INFO 正常 - 测试任务1测试
2017-06-13 17:36:10.0044 INFO 正常 - 测试任务1测试
2017-06-13 17:36:15.0013 INFO 正常 - 测试任务1测试
2017-06-13 17:36:20.0020 INFO 正常 - 测试任务1测试
2017-06-13 17:36:25.0047 INFO 正常 - 测试任务1测试
2017-06-13 17:36:30.0020 INFO 正常 - 测试任务1测试
2017-06-13 17:36:35.0128 INFO 正常 - 测试任务1测试-1.0-22222
2017-06-13 17:36:40.0131 INFO 正常 - 测试任务1测试-1.0-22222
2017-06-13 17:36:45.0110 INFO 正常 - 测试任务1测试-1.0-22222
2017-06-13 17:36:50.0156 INFO 正常 - 测试任务1测试-1.0-22222
2017-06-13 17:36:55.0254 INFO 正常 - 测试任务1测试-1.0-22222
2017-06-13 17:37:00.0224 INFO 正常 - 测试任务1测试-1.0-22222
2017-06-13 17:37:05.0163 INFO 正常 - 测试任务1测试-1.0-22222
2017-06-13 17:37:10.0153 INFO 正常 - 测试任务1测试-1.0-22222
2017-06-13 17:37:15.0278 INFO 正常 - 测试任务1测试-1.0-22222
2017-06-13 17:37:20.0250 INFO 正常 - 测试任务1测试-1.0-22222
2017-06-13 17:37:25.0542 INFO 正常 - 测试任务1测试-1.0-22222
2017-06-13 17:37:30.0327 INFO 正常 - 测试任务1测试-1.0-22222
2017-06-13 17:37:35.0357 INFO 正常 - 测试任务1测试-1.0-22222
2017-06-13 17:37:40.0272 INFO 正常 - 测试任务1测试-1.0-22222
2017-06-13 17:37:45.0093 INFO 正常 - 测试任务1测试-1.0-22222
2017-06-13 17:37:50.0391 INFO 正常 - 测试任务1测试-1.0-22222
2017-06-13 17:37:55.0314 INFO 正常 - 测试任务1测试-1.0-22222
2017-06-13 17:38:00.0167 INFO 正常 - 测试任务1测试-1.0-22222
2017-06-13 17:38:05.0313 INFO 正常 - 测试任务1测试-1.0-22222
2017-06-13 17:38:10.0279 INFO 正常 - 测试任务1测试-1.0-22222
2017-06-13 17:38:15.0344 INFO 正常 - 测试任务1测试-1.0-22222
2017-06-13 17:38:20.0233 INFO 正常 - 测试任务1测试-1.0-22222
2017-06-13 17:38:25.0113 INFO 正常 - 测试任务1测试-1.0-22222
2017-06-13 17:38:30.0244 INFO 正常 - 测试任务1测试-1.0-22222
2017-06-13 17:38:35.0321 INFO 正常 - 测试任务1测试-1.0-22222
2017-06-13 17:38:40.0204 INFO 正常 - 测试任务1测试-1.0-22222
2017-06-13 17:38:45.0251 INFO 正常 - 测试任务1测试-1.0-22222
2017-06-13 17:38:50.0254 INFO 正常 - 测试任务1测试-1.0-22222
2017-06-13 17:38:55.0168 INFO 正常 - 测试任务1测试-1.0-22222
2017-06-13 17:39:00.0358 INFO 正常 - 测试任务1测试-1.0-22222
2017-06-13 17:39:05.0221 INFO 正常 - 测试任务1测试-1.0-22222
2017-06-13 17:39:10.0436 INFO 正常 - 测试任务1测试-1.0-22222
2017-06-13 17:39:15.0412 INFO 正常 - 测试任务1测试-1.0-22222
2017-06-13 17:39:20.0357 INFO 正常 - 测试任务1测试-1.0-22222
2017-06-13 17:39:25.0329 INFO 正常 - 测试任务1测试-1.0-22222
2017-06-13 17:39:30.0376 INFO 正常 - 测试任务1测试-1.0-22222
2017-06-13 17:39:35.0237 INFO 正常 - 测试任务1测试-1.0-22222
2017-06-13 17:39:40.0405 INFO 正常 - 测试任务1测试-1.0-
2017-06-13 17:39:45.0154 INFO 正常 - 测试任务1测试-1.0-111
2017-06-13 17:39:50.0173 INFO 正常 - 测试任务1测试-1.0-111
2017-06-13 17:39:52.7600 INFO 正常 - 系统退出！
2017-06-13 17:39:57.3326 INFO 正常 - 进入系统！
2017-06-13 17:39:57.4926 INFO 错误 - 不允许所请求的注册表访问权。
2017-06-13 17:39:57.5236 INFO 错误 - 不允许所请求的注册表访问权。
2017-06-13 17:39:57.5326 INFO 正常 - 设置开机启动成功！
2017-06-13 17:40:11.3651 INFO 正常 - 测试任务1测试-1.0-
2017-06-13 17:40:15.0427 INFO 正常 - 测试任务1测试-1.0-111
2017-06-13 17:40:20.0447 INFO 正常 - 测试任务1测试-1.0-111
2017-06-13 17:40:25.0407 INFO 正常 - 测试任务1测试-1.0-111
2017-06-13 17:40:30.0827 INFO 正常 - 测试任务1测试-1.0-111
2017-06-13 17:40:35.0036 INFO 正常 - 测试任务1测试
2017-06-13 17:40:40.0064 INFO 正常 - 测试任务1测试
2017-06-13 17:40:45.0018 INFO 正常 - 测试任务1测试
2017-06-13 17:40:49.6096 INFO 正常 - 系统退出！
