2017-02-16 16:04:24.0756 INFO 正常 - 进入系统！
2017-02-16 16:04:27.7448 INFO 正常 - 启动自启动任务成功！任务名称：同步低电量房源任务
2017-02-16 16:06:13.0409 INFO 正常 - 进入系统！
2017-02-16 16:06:13.3529 INFO 正常 - 启动自启动任务成功！任务名称：同步低电量房源任务
2017-02-16 16:09:47.8041 INFO 正常 - 进入系统！
2017-02-16 16:09:48.1752 INFO 正常 - 启动自启动任务成功！任务名称：同步低电量房源任务
2017-02-16 16:21:16.2535 INFO 错误 - Day of month values must be between 1 and 31
2017-02-16 16:26:11.6004 INFO 正常 - 系统退出！
2017-02-16 16:26:46.4444 INFO 正常 - 进入系统！
2017-02-16 16:26:46.8274 INFO 正常 - 启动自启动任务成功！任务名称：同步低电量房源任务
2017-02-16 16:29:15.4189 INFO 正常 - 进入系统！
2017-02-16 16:29:15.7809 INFO 正常 - 启动自启动任务成功！任务名称：同步低电量房源任务
2017-02-16 16:31:55.1591 INFO 正常 - 进入系统！
2017-02-16 16:31:55.5861 INFO 正常 - 启动自启动任务成功！任务名称：同步低电量房源任务
2017-02-16 16:32:41.7767 INFO 正常 - 进入系统！
2017-02-16 16:32:42.1637 INFO 正常 - 启动自启动任务成功！任务名称：同步低电量房源任务
2017-02-16 16:36:49.5629 INFO 错误 - Day of month values must be between 1 and 31
2017-02-16 16:38:14.0787 INFO 错误 - '?' can only be specified for Day-of-Month -OR- Day-of-Week.
2017-02-16 16:39:12.2121 INFO 错误 - '?' can only be specified for Day-of-Month or Day-of-Week.
2017-02-16 16:41:25.5497 INFO 错误 - Support for specifying both a day-of-week AND a day-of-month parameter is not implemented.
2017-02-16 16:42:40.3890 INFO 错误 - Day of month values must be between 1 and 31
2017-02-16 16:42:50.7046 INFO 错误 - 获取任务配置名称错误！job1
2017-02-16 16:42:50.7046 INFO 错误 - 获取任务配置名称错误！job1
2017-02-16 16:42:50.7546 INFO 正常 - 错误邮件发送开始！
2017-02-16 16:42:50.7546 INFO 正常 - 错误邮件发送开始！
2017-02-16 16:42:58.6160 INFO 错误 - job1接口调用失败！表达式的计算结果必须为节点集。
2017-02-16 16:42:58.7240 INFO 正常 - 错误邮件发送开始！
2017-02-16 16:45:55.8291 INFO 正常 - 进入系统！
2017-02-16 16:45:56.1722 INFO 正常 - 启动自启动任务成功！任务名称：同步低电量房源任务
2017-02-16 16:47:24.7422 INFO 正常 - 系统退出！
2017-02-16 16:47:28.4204 INFO 正常 - 进入系统！
2017-02-16 16:47:28.8075 INFO 正常 - 启动自启动任务成功！任务名称：同步低电量房源任务
2017-02-16 16:47:41.1032 INFO 正常 - 进入系统！
2017-02-16 16:47:41.4792 INFO 正常 - 启动自启动任务成功！任务名称：同步低电量房源任务
2017-02-16 16:54:20.8031 INFO 正常 - 进入系统！
2017-02-16 16:54:21.2501 INFO 正常 - 启动自启动任务成功！任务名称：同步低电量房源任务
2017-02-16 16:58:19.4907 INFO 错误 - Support for specifying both a day-of-week AND a day-of-month parameter is not implemented.
2017-02-16 16:59:47.5077 INFO 错误 - Day of month values must be between 1 and 31
2017-02-16 17:00:14.7633 INFO 错误 - Support for specifying both a day-of-week AND a day-of-month parameter is not implemented.
2017-02-16 17:01:33.7378 INFO 正常 - 系统退出！
2017-02-16 17:02:17.2343 INFO 正常 - 进入系统！
2017-02-16 17:02:17.6983 INFO 正常 - 启动自启动任务成功！任务名称：同步低电量房源任务
2017-02-16 17:06:32.5139 INFO 正常 - 进入系统！
2017-02-16 17:06:32.8759 INFO 正常 - 启动自启动任务成功！任务名称：同步低电量房源任务
2017-02-16 17:07:24.7439 INFO 正常 - 系统退出！
