2017-06-14 10:19:03.6575 INFO 正常 - 进入系统！
2017-06-14 10:19:03.8740 INFO 错误 - 不允许所请求的注册表访问权。
2017-06-14 10:19:03.9110 INFO 错误 - 不允许所请求的注册表访问权。
2017-06-14 10:19:03.9110 INFO 正常 - 设置开机启动成功！
2017-06-14 10:23:58.8125 INFO 正常 - 进入系统！
2017-06-14 10:23:58.9735 INFO 错误 - 不允许所请求的注册表访问权。
2017-06-14 10:23:59.0085 INFO 错误 - 不允许所请求的注册表访问权。
2017-06-14 10:23:59.0125 INFO 正常 - 设置开机启动成功！
2017-06-14 10:26:07.1280 INFO 正常 - 进入系统！
2017-06-14 10:26:07.2920 INFO 错误 - 不允许所请求的注册表访问权。
2017-06-14 10:26:07.3245 INFO 错误 - 不允许所请求的注册表访问权。
2017-06-14 10:26:07.3300 INFO 正常 - 设置开机启动成功！
2017-06-14 10:28:47.1487 INFO 正常 - 进入系统！
2017-06-14 10:28:47.3047 INFO 错误 - 不允许所请求的注册表访问权。
2017-06-14 10:28:47.3447 INFO 错误 - 不允许所请求的注册表访问权。
2017-06-14 10:28:47.3447 INFO 正常 - 设置开机启动成功！
2017-06-14 10:48:34.0499 INFO 正常 - 进入系统！
2017-06-14 10:48:34.2034 INFO 错误 - 不允许所请求的注册表访问权。
2017-06-14 10:48:34.2369 INFO 错误 - 不允许所请求的注册表访问权。
2017-06-14 10:48:34.2369 INFO 正常 - 设置开机启动成功！
2017-06-14 10:48:50.7951 INFO 错误 - 测试任务1接口调用失败！文件“D:\WorkFile\WindowsService\Codes\trunk\DJS\DJS.WinApp\bin\Debug\Stores\日租金分摊\DailyRentApportionService.dll”正由另一进程使用，因此该进程无法访问此文件。
2017-06-14 10:48:50.8496 INFO 正常 - 测试任务1测试-1.0-
2017-06-14 10:48:55.0940 INFO 正常 - 测试任务1测试-1.0-
2017-06-14 10:49:00.0699 INFO 正常 - 测试任务1测试-1.0-
2017-06-14 10:49:05.0995 INFO 正常 - 测试任务1测试-1.0-
2017-06-14 10:49:10.0899 INFO 正常 - 测试任务1测试-1.0-
2017-06-14 10:49:15.0797 INFO 正常 - 测试任务1测试-1.0-
2017-06-14 10:49:20.0992 INFO 正常 - 测试任务1测试-1.0-
2017-06-14 10:49:25.2541 INFO 正常 - 测试任务1测试-1.0-
2017-06-14 10:49:30.0687 INFO 正常 - 测试任务1测试-1.0-
2017-06-14 10:49:35.0589 INFO 正常 - 测试任务1测试-1.0-
2017-06-14 10:49:40.0487 INFO 正常 - 测试任务1测试-1.0-
2017-06-14 10:49:45.0864 INFO 正常 - 测试任务1测试-1.0-
2017-06-14 10:49:50.0826 INFO 正常 - 测试任务1测试-1.0-
2017-06-14 10:49:55.0424 INFO 正常 - 测试任务1测试-1.0-
2017-06-14 10:49:58.8770 INFO 正常 - 系统退出！
2017-06-14 10:50:16.7568 INFO 正常 - 进入系统！
2017-06-14 10:50:16.8597 INFO 错误 - 不允许所请求的注册表访问权。
2017-06-14 10:50:16.8597 INFO 错误 - 不允许所请求的注册表访问权。
2017-06-14 10:50:16.8722 INFO 正常 - 设置开机启动成功！
2017-06-14 10:50:40.0685 INFO 正常 - 测试任务1测试-1.0-
2017-06-14 10:50:45.0200 INFO 正常 - 测试任务1测试-1.0-
2017-06-14 10:50:50.0293 INFO 正常 - 测试任务1测试-1.0-
2017-06-14 10:50:55.0212 INFO 正常 - 测试任务1测试-1.0-
2017-06-14 10:51:00.0343 INFO 正常 - 测试任务1测试-1.0-
2017-06-14 10:51:05.0181 INFO 正常 - 测试任务1测试-1.0-
2017-06-14 10:51:10.0341 INFO 正常 - 测试任务1测试-1.0-
2017-06-14 10:51:15.0101 INFO 正常 - 测试任务1测试-1.0-
2017-06-14 10:51:20.0247 INFO 正常 - 测试任务1测试-1.0-
2017-06-14 10:51:21.9128 INFO 正常 - 系统退出！
2017-06-14 10:51:43.7623 INFO 正常 - 进入系统！
2017-06-14 10:51:43.9418 INFO 错误 - 不允许所请求的注册表访问权。
2017-06-14 10:51:43.9773 INFO 错误 - 不允许所请求的注册表访问权。
2017-06-14 10:51:43.9818 INFO 正常 - 设置开机启动成功！
2017-06-14 10:51:53.2696 INFO 正常 - 测试任务1测试-1.0-
2017-06-14 10:51:55.1022 INFO 正常 - 测试任务1测试-1.0-
2017-06-14 10:52:00.0707 INFO 正常 - 测试任务1测试-1.0-
2017-06-14 10:52:05.0649 INFO 正常 - 测试任务1测试-1.0-
2017-06-14 10:52:10.0772 INFO 正常 - 测试任务1测试-1.0-
2017-06-14 10:52:15.0843 INFO 正常 - 测试任务1测试-1.0-
2017-06-14 10:52:20.0415 INFO 正常 - 测试任务1测试-1.0-
2017-06-14 10:52:25.0456 INFO 正常 - 测试任务1测试-1.0-
2017-06-14 10:52:30.0449 INFO 正常 - 测试任务1测试-1.0-
2017-06-14 10:52:35.0823 INFO 正常 - 测试任务1测试-1.0-
2017-06-14 10:52:40.1045 INFO 正常 - 测试任务1测试-1.0-
2017-06-14 10:52:45.0859 INFO 正常 - 测试任务1测试-1.0-
2017-06-14 10:52:50.1034 INFO 正常 - 测试任务1测试-1.0-
2017-06-14 10:52:55.0618 INFO 正常 - 测试任务1测试-1.0-
2017-06-14 10:53:00.0485 INFO 正常 - 测试任务1测试-1.0-
2017-06-14 10:53:05.0449 INFO 正常 - 测试任务1测试-1.0-
2017-06-14 10:53:10.1049 INFO 正常 - 测试任务1测试-1.0-
2017-06-14 10:53:15.0874 INFO 正常 - 测试任务1测试-1.0-
2017-06-14 10:53:20.0445 INFO 正常 - 测试任务1测试-1.0-
2017-06-14 10:53:25.0455 INFO 正常 - 测试任务1测试-1.0-
2017-06-14 10:53:30.0443 INFO 正常 - 测试任务1测试-1.0-
2017-06-14 10:54:32.9128 INFO 正常 - 进入系统！
2017-06-14 10:54:33.0123 INFO 错误 - 不允许所请求的注册表访问权。
2017-06-14 10:54:33.0179 INFO 错误 - 不允许所请求的注册表访问权。
2017-06-14 10:54:33.0179 INFO 正常 - 设置开机启动成功！
2017-06-14 10:54:41.0577 INFO 正常 - 测试任务1测试-1.0-
2017-06-14 10:54:45.0089 INFO 正常 - 测试任务1测试-1.0-
2017-06-14 10:54:50.0179 INFO 正常 - 测试任务1测试-1.0-
2017-06-14 10:54:55.0090 INFO 正常 - 测试任务1测试-1.0-
2017-06-14 10:55:00.0273 INFO 正常 - 测试任务1测试-1.0-
2017-06-14 10:55:02.9788 INFO 正常 - 系统退出！
2017-06-14 10:55:04.8539 INFO 正常 - 进入系统！
2017-06-14 10:55:04.9615 INFO 错误 - 不允许所请求的注册表访问权。
2017-06-14 10:55:04.9674 INFO 错误 - 不允许所请求的注册表访问权。
2017-06-14 10:55:04.9674 INFO 正常 - 设置开机启动成功！
2017-06-14 10:55:10.0469 INFO 正常 - 测试任务1测试-1.0-
2017-06-14 10:55:15.0129 INFO 正常 - 测试任务1测试-1.0-
2017-06-14 10:55:18.4766 INFO 正常 - 系统退出！
2017-06-14 10:56:49.4884 INFO 正常 - 进入系统！
2017-06-14 10:56:49.5939 INFO 错误 - 不允许所请求的注册表访问权。
2017-06-14 10:56:49.5939 INFO 错误 - 不允许所请求的注册表访问权。
2017-06-14 10:56:49.5939 INFO 正常 - 设置开机启动成功！
2017-06-14 10:56:55.7814 INFO 正常 - 测试任务1测试-1.0-
2017-06-14 10:57:00.0321 INFO 正常 - 测试任务1测试-1.0-
2017-06-14 10:57:02.9287 INFO 正常 - 系统退出！
2017-06-14 10:57:29.2866 INFO 正常 - 进入系统！
2017-06-14 10:57:29.3901 INFO 错误 - 不允许所请求的注册表访问权。
2017-06-14 10:57:29.3901 INFO 错误 - 不允许所请求的注册表访问权。
2017-06-14 10:57:29.4041 INFO 正常 - 设置开机启动成功！
2017-06-14 10:57:35.0460 INFO 正常 - 测试任务1测试-1.0-111
2017-06-14 10:57:40.0131 INFO 正常 - 测试任务1测试-1.0-111
2017-06-14 10:57:45.0255 INFO 正常 - 测试任务1测试-1.0-222
2017-06-14 10:57:50.0093 INFO 正常 - 测试任务1测试-1.0-222
2017-06-14 10:57:55.0277 INFO 正常 - 测试任务1测试-1.0-222
2017-06-14 10:58:00.0212 INFO 正常 - 测试任务1测试-1.0-222
2017-06-14 10:58:05.0141 INFO 正常 - 测试任务1测试-1.0-2223333333333
2017-06-14 10:58:10.0114 INFO 正常 - 测试任务1测试-1.0-2223333333333
2017-06-14 10:58:15.0358 INFO 正常 - 测试任务1测试-1.0-2223333333333
2017-06-14 10:58:20.0461 INFO 正常 - 测试任务1测试-1.0-2223333333333
2017-06-14 10:58:25.0295 INFO 正常 - 测试任务1测试-1.0-2223333333333
2017-06-14 10:58:30.0254 INFO 正常 - 测试任务1测试-1.0-2223333333333
2017-06-14 10:58:35.0061 INFO 正常 - 测试任务1测试
2017-06-14 10:58:40.0022 INFO 正常 - 测试任务1测试
2017-06-14 10:58:45.0006 INFO 正常 - 测试任务1测试
2017-06-14 10:58:50.0002 INFO 正常 - 测试任务1测试
2017-06-14 10:58:54.9996 INFO 正常 - 测试任务1测试
2017-06-14 10:59:00.0029 INFO 正常 - 测试任务1测试
2017-06-14 10:59:05.0076 INFO 正常 - 测试任务1测试
2017-06-14 10:59:10.0061 INFO 正常 - 测试任务1测试
2017-06-14 10:59:15.0048 INFO 正常 - 测试任务1测试
2017-06-14 10:59:20.0029 INFO 正常 - 测试任务1测试
2017-06-14 10:59:25.0031 INFO 正常 - 测试任务1测试
2017-06-14 10:59:30.0042 INFO 正常 - 测试任务1测试
2017-06-14 10:59:35.0040 INFO 正常 - 测试任务1测试
2017-06-14 10:59:40.0013 INFO 正常 - 测试任务1测试
2017-06-14 10:59:45.0021 INFO 正常 - 测试任务1测试
2017-06-14 10:59:50.0015 INFO 正常 - 测试任务1测试
2017-06-14 10:59:55.0021 INFO 正常 - 测试任务1测试
2017-06-14 11:00:00.0030 INFO 正常 - 测试任务1测试
2017-06-14 11:00:02.4519 INFO 正常 - 系统退出！
2017-06-14 11:00:07.3295 INFO 正常 - 进入系统！
2017-06-14 11:00:07.4895 INFO 错误 - 不允许所请求的注册表访问权。
2017-06-14 11:00:07.5220 INFO 错误 - 不允许所请求的注册表访问权。
2017-06-14 11:00:07.5220 INFO 正常 - 设置开机启动成功！
2017-06-14 11:04:23.7699 INFO 正常 - 进入系统！
2017-06-14 11:04:23.8759 INFO 错误 - 不允许所请求的注册表访问权。
2017-06-14 11:04:23.8759 INFO 错误 - 不允许所请求的注册表访问权。
2017-06-14 11:04:23.8914 INFO 正常 - 设置开机启动成功！
2017-06-14 11:04:30.0187 INFO 正常 - 测试任务1测试
2017-06-14 11:04:35.0027 INFO 正常 - 测试任务1测试
2017-06-14 11:04:40.0016 INFO 正常 - 测试任务1测试
2017-06-14 11:04:41.0215 INFO 正常 - 测试任务1测试-1.0-111
2017-06-14 11:04:45.0276 INFO 正常 - 测试任务1测试-1.0-111
2017-06-14 11:04:50.0413 INFO 正常 - 测试任务1测试-1.0-111
2017-06-14 11:04:55.0269 INFO 正常 - 测试任务1测试-1.0-2222
2017-06-14 11:05:00.0224 INFO 正常 - 测试任务1测试-1.0-2222
2017-06-14 11:05:05.0373 INFO 正常 - 测试任务1测试-1.0-2222
2017-06-14 11:05:08.2806 INFO 正常 - 系统退出！
2017-06-14 11:30:33.2990 INFO 正常 - 进入系统！
2017-06-14 11:30:33.6468 INFO 错误 - 不允许所请求的注册表访问权。
2017-06-14 11:30:33.7074 INFO 错误 - 不允许所请求的注册表访问权。
2017-06-14 11:30:33.7074 INFO 正常 - 设置开机启动成功！
2017-06-14 11:30:45.1613 INFO 正常 - 测试任务1测试-1.0-111
2017-06-14 11:30:50.0824 INFO 正常 - 测试任务1测试-1.0-111
2017-06-14 11:30:55.0984 INFO 正常 - 测试任务1测试-1.0-111
2017-06-14 11:31:00.0671 INFO 正常 - 测试任务1测试-1.0-111
2017-06-14 11:31:05.1057 INFO 正常 - 测试任务1测试-1.0-111
2017-06-14 11:31:10.0975 INFO 正常 - 测试任务1测试-1.0-111
2017-06-14 11:31:15.0989 INFO 正常 - 测试任务1测试-1.0-111
2017-06-14 11:31:20.0869 INFO 正常 - 测试任务1测试-1.0-111
2017-06-14 11:31:25.0993 INFO 正常 - 测试任务1测试-1.0-111
2017-06-14 11:31:30.0978 INFO 正常 - 测试任务1测试-1.0-111
2017-06-14 11:31:35.0776 INFO 正常 - 测试任务1测试-1.0-111
2017-06-14 11:31:40.0733 INFO 正常 - 测试任务1测试-1.0-111
2017-06-14 11:31:45.0846 INFO 正常 - 测试任务1测试-1.0-111
2017-06-14 11:31:50.0421 INFO 正常 - 测试任务1测试-1.0-111
2017-06-14 11:31:55.0767 INFO 正常 - 测试任务1测试-1.0-111
2017-06-14 11:32:00.1219 INFO 正常 - 测试任务1测试-1.0-111
2017-06-14 11:32:05.0587 INFO 正常 - 测试任务1测试-1.0-111
2017-06-14 11:32:10.0355 INFO 正常 - 测试任务1测试-1.0-222222
2017-06-14 11:32:15.0440 INFO 正常 - 测试任务1测试-1.0-222222
2017-06-14 11:32:20.1081 INFO 正常 - 测试任务1测试-1.0-222222
2017-06-14 11:32:23.6091 INFO 正常 - 系统退出！
